Sun Mar 17 19:46:53 EDT 2024
/data/schwartzlab/awalling/Phylo_ML/simulations/empirical/fong/1/alignmentGroups
File line:aligned_loci_list_ah 
IQ-TREE multicore version 2.1.2 COVID-edition for Linux 64-bit built Oct 22 2020
Developed by Bui Quang Minh, James Barbetti, Nguyen Lam Tung,
Olga Chernomor, Heiko Schmidt, Dominik Schrempf, Michael Woodhams.

Host:    n079.cluster.com (AVX512, FMA3, 125 GB RAM)
Command: /home/aknyshov/alex_data/andromeda_tools/iqtree-2.1.2-Linux/bin/iqtree2 --keep-ident -nt 2 -s ../alignments2/loc_776.fas -pre inference_loc_776.fas -m MFP -bb 1000 -alrt 1000
Seed:    104176 (Using SPRNG - Scalable Parallel Random Number Generator)
Time:    Sun Mar 17 19:46:53 2024
Kernel:  AVX+FMA - 2 threads (16 CPU cores detected)

Reading alignment file ../alignments2/loc_776.fas ... Fasta format detected
Alignment most likely contains DNA/RNA sequences
Alignment has 119 sequences with 1768 columns, 1328 distinct patterns
795 parsimony-informative, 155 singleton sites, 818 constant sites
     Gap/Ambiguity  Composition  p-value
   1  9     62.05%    passed     22.54%
   2  6      6.67%    passed     72.81%
   3  8      6.05%    passed     67.75%
   4  7     27.94%    passed     99.77%
   5  2     35.52%    passed     61.48%
   6  3      6.84%    passed     92.18%
   7  4     58.31%    passed     29.06%
   8  14     6.79%    passed     83.20%
   9  13     6.56%    passed     89.81%
  10  1     51.92%    passed     84.65%
  11  129    6.79%    passed     90.66%
  12  126    6.84%    passed     89.33%
  13  128    6.84%    passed     88.24%
  14  127    7.18%    passed     91.23%
  15  125    7.35%    passed     92.50%
  16  124   26.70%    passed     60.74%
  17  123    6.79%    passed     42.44%
  18  90     6.79%    passed     99.98%
  19  84     6.79%    passed     76.55%
  20  83     6.67%    passed     47.89%
  21  85    26.47%    passed     95.99%
  22  86     6.73%    passed     78.18%
  23  87     7.24%    passed     99.61%
  24  88     6.73%    passed     89.48%
  25  89     6.73%    passed     79.16%
  26  93     6.73%    passed     93.29%
  27  91    33.54%    passed     88.35%
  28  92    57.64%    passed     95.74%
  29  94     7.01%    passed     65.15%
  30  109   58.48%    passed     47.85%
  31  112   44.85%    passed     70.90%
  32  110   33.43%    passed     90.65%
  33  111    6.33%    passed     82.66%
  34  108    7.07%    passed     73.87%
  35  101    7.18%    passed     90.45%
  36  104    6.79%    passed     64.39%
  37  105    6.79%    passed     82.84%
  38  106   58.71%    passed     60.73%
  39  103   47.23%    passed     85.06%
  40  98     6.79%    passed     84.00%
  41  100    6.79%    passed     69.03%
  42  99    51.53%    passed     87.29%
  43  96     6.79%    passed     94.82%
  44  97    53.17%    passed     21.47%
  45  119   48.30%    passed     45.84%
  46  117    6.79%    passed     91.58%
  47  118    6.79%    passed     83.93%
  48  116   55.20%    passed     50.61%
  49  115    6.62%    passed     79.71%
  50  114   44.91%    passed     90.66%
  51  113   56.45%    passed     30.78%
  52  120    7.07%    passed     84.67%
  53  121   38.97%    passed     76.96%
  54  73     6.79%    passed     86.14%
  55  80     6.79%    passed     59.83%
  56  79    49.10%    passed     61.14%
  57  78    49.83%    passed     90.64%
  58  77     6.90%    passed     68.64%
  59  74     6.96%    passed     90.67%
  60  75     6.90%    passed     88.04%
  61  76     6.90%    passed     80.76%
  62  81    33.37%    passed     96.28%
  63  82    54.58%    passed     84.43%
  64  57     6.73%    passed     77.36%
  65  55     6.73%    passed     82.55%
  66  56     6.73%    passed     99.90%
  67  58    33.48%    passed     78.37%
  68  60    31.67%    passed     85.37%
  69  59    28.22%    passed     27.63%
  70  61    57.30%    passed     82.33%
  71  62    38.29%    passed     32.49%
  72  64    57.18%    passed     11.55%
  73  65    31.84%    passed     85.77%
  74  52    31.33%    passed     72.07%
  75  51    47.91%    passed     92.63%
  76  53     6.79%    passed     94.72%
  77  54    41.29%    passed     46.96%
  78  67    32.18%    passed     95.24%
  79  66     6.90%    passed     79.23%
  80  71     6.79%    passed     99.16%
  81  70    56.00%    passed     80.52%
  82  69    32.30%    passed     69.50%
  83  68     6.79%    passed     76.52%
  84  50    32.75%    passed     84.02%
  85  43    62.50%    passed     90.88%
  86  44     6.62%    passed     96.12%
  87  42     6.73%    passed     92.42%
  88  41    61.99%    passed     67.27%
  89  40    40.61%    passed     79.26%
  90  35    57.13%    passed     55.49%
  91  37    42.42%    passed     82.15%
  92  36     6.73%    passed     65.82%
  93  26     6.84%    passed     99.73%
  94  31    52.77%    passed     65.44%
  95  27     6.73%    passed     97.17%
  96  28    29.86%    passed     98.05%
  97  29    45.25%    passed     65.04%
  98  32     6.73%    passed     97.16%
  99  34    31.11%    passed     93.28%
 100  33     6.79%    passed     84.33%
 101  24     6.73%    passed     95.26%
 102  18     6.90%    passed     46.90%
 103  15     6.62%    passed     86.81%
 104  16     6.79%    passed     94.08%
 105  17     6.79%    passed     84.33%
 106  20    49.60%    passed     95.08%
 107  21    30.88%    passed     83.22%
 108  22    57.13%    passed     27.99%
 109  23    27.55%    passed     72.40%
 110  45    32.52%    passed     92.73%
 111  48    43.67%    passed     30.34%
 112  49    37.05%    passed     82.19%
 113  12    46.15%    passed     90.32%
 114  11     6.73%    passed     92.91%
 115  10     6.45%    passed     91.46%
 116  5     40.27%    passed     85.34%
 117  38    52.94%    passed     59.35%
 118  19    45.14%    passed     30.21%
 119  46    29.24%    passed     24.12%
WARNING: 20 sequences contain more than 50% gaps/ambiguity
****  TOTAL   25.43%  0 sequences failed composition chi2 test (p-value<5%; df=3)

NOTE: Restoring information from model checkpoint file inference_loc_776.fas.model.gz

CHECKPOINT: Initial tree restored
Perform fast likelihood tree search using GTR+I+G model...
CHECKPOINT: Tree restored, LogL: -48864.973
NOTE: ModelFinder requires 56 MB RAM!
ModelFinder will test up to 286 DNA models (sample size: 1768) ...
 No. Model         -LnL         df  AIC          AICc         BIC
  1  GTR+F         60052.399    243 120590.799   120668.610   121921.856
  2  GTR+F+I       54062.571    244 108613.142   108691.645   109949.677
  3  GTR+F+G4      48396.294    244 97280.589    97359.091    98617.124
  4  GTR+F+I+G4    48007.215    245 96504.430    96583.629    97846.444
  5  GTR+F+R2      50394.184    245 101278.367   101357.566   102620.380
  6  GTR+F+R3      48730.728    247 97955.456    98036.056    99308.424
  7  GTR+F+R4      48271.717    249 97041.435    97123.451    98405.358
  8  GTR+F+R5      48170.126    251 96842.252    96925.698    98217.130
slurmstepd: error: *** JOB 309230 ON n079 CANCELLED AT 2024-03-17T19:47:09 ***
