Sun Mar 17 19:46:52 EDT 2024
/data/schwartzlab/awalling/Phylo_ML/simulations/empirical/fong/1/alignmentGroups
File line:aligned_loci_list_af 
IQ-TREE multicore version 2.1.2 COVID-edition for Linux 64-bit built Oct 22 2020
Developed by Bui Quang Minh, James Barbetti, Nguyen Lam Tung,
Olga Chernomor, Heiko Schmidt, Dominik Schrempf, Michael Woodhams.

Host:    n077.cluster.com (AVX512, FMA3, 125 GB RAM)
Command: /home/aknyshov/alex_data/andromeda_tools/iqtree-2.1.2-Linux/bin/iqtree2 --keep-ident -nt 2 -s ../alignments2/loc_325.fas -pre inference_loc_325.fas -m MFP -bb 1000 -alrt 1000
Seed:    14873 (Using SPRNG - Scalable Parallel Random Number Generator)
Time:    Sun Mar 17 19:46:53 2024
Kernel:  AVX+FMA - 2 threads (16 CPU cores detected)

Reading alignment file ../alignments2/loc_325.fas ... Fasta format detected
Alignment most likely contains DNA/RNA sequences
Alignment has 121 sequences with 1906 columns, 1722 distinct patterns
1259 parsimony-informative, 233 singleton sites, 414 constant sites
     Gap/Ambiguity  Composition  p-value
   1  9     48.16%    passed     95.95%
   2  6     24.61%    passed     54.36%
   3  7     40.98%    passed     64.35%
   4  8     60.39%    passed     53.16%
   5  12     1.26%    passed     65.93%
   6  11    58.39%    passed     94.71%
   7  10     1.26%    passed     84.87%
   8  13    25.18%    passed     87.13%
   9  14     1.10%    passed     69.18%
  10  50    23.92%    passed     87.71%
  11  43    42.08%    passed     95.04%
  12  44    59.76%    passed     84.04%
  13  34     1.26%    passed     96.31%
  14  33     1.26%    passed     98.88%
  15  32    39.61%    passed     98.46%
  16  31     1.31%    passed     97.00%
  17  30     1.31%    passed     85.20%
  18  29    37.41%    passed     46.42%
  19  28     1.31%    passed     87.36%
  20  27     1.26%    passed     62.96%
  21  26     1.31%    passed     70.83%
  22  42    37.51%    passed     91.69%
  23  39    34.37%    passed     96.60%
  24  36    21.83%    passed     80.95%
  25  38    59.97%    passed     84.29%
  26  37    46.69%    passed     75.02%
  27  35     1.26%    passed     97.25%
  28  40    23.61%    passed     83.01%
  29  41    52.94%    passed     70.06%
  30  17     1.26%    passed     85.25%
  31  15     1.26%    passed     99.16%
  32  16    53.15%    passed     98.73%
  33  18     1.26%    passed     99.58%
  34  19     1.26%    passed     99.18%
  35  21    23.14%    passed     90.51%
  36  22     1.26%    passed     99.18%
  37  23     1.26%    passed     98.86%
  38  25     1.26%    passed     99.79%
  39  24    39.14%    passed     69.21%
  40  45     0.89%    passed     99.88%
  41  46     1.26%    passed     87.29%
  42  48    35.05%    passed     41.90%
  43  49    26.92%    passed     99.37%
  44  73     1.57%    passed     99.22%
  45  78    29.33%    passed     89.05%
  46  77    38.20%    passed     68.69%
  47  74     1.31%    passed     99.21%
  48  75     1.05%    passed     99.99%
  49  76    60.49%    passed     86.36%
  50  79    46.59%    passed     99.69%
  51  80     1.31%    passed     98.36%
  52  82    25.97%    passed     92.69%
  53  81    24.24%    passed     90.20%
  54  123   44.12%    passed     68.85%
  55  121    1.26%    passed     89.90%
  56  120   33.53%    passed     86.67%
  57  90     1.26%    passed     92.54%
  58  89    28.23%    passed     97.48%
  59  88     1.26%    passed     83.68%
  60  87     1.15%    passed     99.62%
  61  86     1.26%    passed     95.24%
  62  85    34.58%    passed     84.75%
  63  83    31.79%    passed     99.20%
  64  84    24.08%    passed     97.10%
  65  91     1.15%    passed     93.43%
  66  92     1.26%    passed     83.08%
  67  94    24.34%    passed     99.59%
  68  93     1.26%    passed     90.46%
  69  102    1.26%    passed     93.02%
  70  103   53.62%    passed     55.97%
  71  106   21.51%    passed     89.04%
  72  107    1.26%    passed     56.56%
  73  104   58.81%    passed     44.29%
  74  105    1.26%    passed     99.42%
  75  108    1.26%    passed     95.27%
  76  97    33.05%    passed     98.33%
  77  96     1.26%    passed     99.13%
  78  95     1.26%    passed     94.85%
  79  99    58.60%    passed     76.49%
  80  98     1.26%    passed     91.32%
  81  100    1.26%    passed     89.04%
  82  109   44.91%    passed     97.17%
  83  112   36.67%    passed     95.77%
  84  110   44.33%    passed     94.78%
  85  111    1.26%    passed     95.72%
  86  119   58.76%    passed     82.71%
  87  118    1.26%    passed     99.11%
  88  117    1.26%    passed     99.73%
  89  116   52.20%    passed     84.43%
  90  115    1.26%    passed     99.29%
  91  114   44.33%    passed     89.90%
  92  113   58.60%    passed     52.18%
  93  126    1.26%    passed     85.47%
  94  128    1.21%    passed     99.76%
  95  127    1.21%    passed     99.03%
  96  125   35.15%    passed     93.43%
  97  129    1.26%    passed     95.29%
  98  1     46.01%    passed     83.57%
  99  72    46.43%    passed     98.65%
 100  66     1.26%    passed     95.26%
 101  67    53.31%    passed     82.25%
 102  64     1.26%    passed     96.52%
 103  58    23.24%    passed     74.51%
 104  57     1.26%    passed     74.47%
 105  55     1.26%    passed     85.92%
 106  56    37.93%    passed     98.51%
 107  62     1.26%    passed     92.90%
 108  61    27.54%    passed     87.08%
 109  59    32.95%    passed     90.76%
 110  53     1.26%    passed     97.32%
 111  54     1.26%    passed     98.77%
 112  51    47.38%    passed     99.26%
 113  71     1.31%    passed     89.58%
 114  69     1.31%    passed     84.39%
 115  68     1.31%    passed     93.34%
 116  4      1.26%    passed     93.07%
 117  3     50.26%    passed     68.02%
 118  2     37.83%    passed     96.75%
 119  5      1.63%    passed     99.39%
 120  101    2.15%    passed     82.34%
 121  63    22.93%    passed     96.30%
WARNING: 15 sequences contain more than 50% gaps/ambiguity
****  TOTAL   20.37%  0 sequences failed composition chi2 test (p-value<5%; df=3)

NOTE: Restoring information from model checkpoint file inference_loc_325.fas.model.gz

CHECKPOINT: Initial tree restored
Perform fast likelihood tree search using GTR+I+G model...
CHECKPOINT: Tree restored, LogL: -36918.240
NOTE: ModelFinder requires 74 MB RAM!
ModelFinder will test up to 286 DNA models (sample size: 1906) ...
 No. Model         -LnL         df  AIC          AICc         BIC
  1  GTR+F         37503.210    247 75500.420    75574.311    76871.952
  2  GTR+F+I       36916.973    248 74329.945    74404.480    75707.030
  3  GTR+F+G4      37228.898    248 74953.796    75028.331    76330.881
  4  GTR+F+I+G4    36917.071    249 74332.142    74407.323    75714.780
  5  GTR+F+R2      37057.425    249 74612.850    74688.032    75995.488
  6  GTR+F+R3      36963.307    251 74428.614    74505.098    75822.357
slurmstepd: error: *** JOB 309236 ON n077 CANCELLED AT 2024-03-17T19:47:09 ***
