Sun Mar 17 19:46:53 EDT 2024
/data/schwartzlab/awalling/Phylo_ML/simulations/empirical/fong/1/alignmentGroups
File line:aligned_loci_list_ad 

******************************************************
CHECKPOINT: Resuming analysis from inference_loc_1677.fas.ckp.gz

IQ-TREE multicore version 2.1.2 COVID-edition for Linux 64-bit built Oct 22 2020
Developed by Bui Quang Minh, James Barbetti, Nguyen Lam Tung,
Olga Chernomor, Heiko Schmidt, Dominik Schrempf, Michael Woodhams.

Host:    n094.cluster.com (AVX512, FMA3, 125 GB RAM)
Command: /home/aknyshov/alex_data/andromeda_tools/iqtree-2.1.2-Linux/bin/iqtree2 --keep-ident -nt 2 -s ../alignments2/loc_1677.fas -pre inference_loc_1677.fas -m MFP -bb 1000 -alrt 1000
Seed:    82462 (Using SPRNG - Scalable Parallel Random Number Generator)
Time:    Sun Mar 17 19:46:53 2024
Kernel:  AVX+FMA - 2 threads (16 CPU cores detected)

Reading alignment file ../alignments2/loc_1677.fas ... Fasta format detected
Alignment most likely contains DNA/RNA sequences
Alignment has 118 sequences with 774 columns, 737 distinct patterns
592 parsimony-informative, 57 singleton sites, 125 constant sites
     Gap/Ambiguity  Composition  p-value
   1  9      2.71%    passed     89.56%
   2  6      2.71%    passed     54.91%
   3  8     33.33%    passed     87.25%
   4  7      2.71%    passed     92.08%
   5  12     2.71%    passed     93.96%
   6  10    45.22%    passed     43.43%
   7  50    52.20%    passed     72.46%
   8  45    31.27%    passed     82.10%
   9  47     2.71%    passed     71.96%
  10  46    26.74%    passed     85.30%
  11  22    27.00%    passed     96.90%
  12  19    28.42%    passed     74.73%
  13  17    28.68%    passed     89.32%
  14  16    39.53%    passed     78.95%
  15  15     2.71%    passed     95.31%
  16  18     2.71%    passed     99.01%
  17  20     2.71%    passed     94.94%
  18  21     2.71%    passed     84.57%
  19  25     2.71%    passed     97.49%
  20  24     2.71%    passed     86.89%
  21  35     2.71%    passed     86.54%
  22  38     2.71%    passed     69.85%
  23  36    53.49%    passed     61.77%
  24  39     2.71%    passed     78.86%
  25  41    50.39%    passed     79.57%
  26  42    29.20%    passed     79.89%
  27  34     2.71%    passed     59.71%
  28  33    41.21%    passed     58.78%
  29  26     2.71%    passed     93.24%
  30  30    53.62%    passed     82.44%
  31  29     2.71%    passed     71.82%
  32  28    55.81%    passed     66.75%
  33  27     2.71%    passed     94.81%
  34  44     2.71%    passed     61.46%
  35  43     2.71%    passed     89.57%
  36  48     2.33%    passed     90.33%
  37  49     2.71%    passed     92.61%
  38  125   29.97%    passed     48.85%
  39  127    2.71%    passed     86.29%
  40  128    2.71%    passed     98.19%
  41  126    5.43%    passed     83.43%
  42  123   55.94%    passed     80.95%
  43  122    2.71%    passed     98.95%
  44  121   33.20%    passed     95.53%
  45  120   25.97%    passed     89.32%
  46  118   46.38%    passed     78.62%
  47  115   26.87%    passed     86.88%
  48  113   32.43%    passed     92.09%
  49  114    2.71%    passed     98.73%
  50  116   52.84%    passed     72.26%
  51  119   38.63%    passed     99.29%
  52  94     3.10%    passed     97.04%
  53  90    39.92%    passed     96.53%
  54  89     2.71%    passed     99.73%
  55  84    57.62%    passed     58.50%
  56  83    33.59%    passed     96.09%
  57  86     2.71%    passed     75.33%
  58  85    22.61%    passed     92.59%
  59  87    27.78%    passed     91.40%
  60  88    32.69%    passed     76.42%
  61  93    49.22%    passed     72.98%
  62  91    29.72%    passed     79.80%
  63  92    23.39%    passed     95.05%
  64  109   44.32%    passed     41.12%
  65  112    2.71%    passed     92.89%
  66  111   59.69%    passed     29.81%
  67  110    2.71%    passed     92.79%
  68  108    2.71%    passed     95.12%
  69  104    2.71%    passed     84.57%
  70  105    2.71%    passed     98.99%
  71  103    3.49%    passed     98.90%
  72  101    2.71%    passed     94.67%
  73  102   62.40%    passed     82.82%
  74  106   37.34%    passed     97.79%
  75  107   49.74%    passed     51.37%
  76  95     2.71%    passed     73.33%
  77  96    41.34%    passed     61.63%
  78  99    48.84%    passed     77.14%
  79  98    32.43%    passed     79.91%
  80  100    2.71%    passed     91.16%
  81  1     43.80%    passed     75.12%
  82  129    2.71%    passed     58.33%
  83  73     2.71%    passed     90.68%
  84  79     2.71%    passed     96.66%
  85  80    39.92%    passed     75.70%
  86  75    23.77%    passed     75.71%
  87  76    24.29%    passed     97.27%
  88  74    20.41%    passed     94.45%
  89  78     2.71%    passed     97.95%
  90  81     2.71%    passed     98.03%
  91  82     2.71%    passed     82.64%
  92  72    49.48%    passed     69.18%
  93  70    52.45%    passed     58.50%
  94  68    31.14%    passed     95.28%
  95  69     2.71%    passed     99.91%
  96  71    48.97%    passed     75.27%
  97  66     2.71%    passed     98.88%
  98  67    61.24%    passed     47.84%
  99  65     2.71%    passed     91.10%
 100  64     2.71%    passed     96.89%
 101  63     2.71%    passed     77.00%
 102  58    54.65%    passed     82.71%
 103  57     3.10%    passed     56.71%
 104  56     3.10%    passed     60.70%
 105  55     3.49%    passed     92.25%
 106  62     2.71%    passed     88.21%
 107  59    41.09%    passed     94.00%
 108  60     1.94%    passed     96.93%
 109  61     2.71%    passed     99.91%
 110  51    55.56%    passed     89.51%
 111  52    55.94%    passed     71.10%
 112  53     2.71%    passed     96.43%
 113  54    48.06%    passed     92.26%
 114  13    51.42%    passed     60.07%
 115  2      2.71%    passed     90.88%
 116  3     46.12%    passed     95.28%
 117  4      2.71%    passed     90.01%
 118  5     31.91%    passed     32.83%
WARNING: 16 sequences contain more than 50% gaps/ambiguity
****  TOTAL   21.83%  0 sequences failed composition chi2 test (p-value<5%; df=3)

NOTE: Restoring information from model checkpoint file inference_loc_1677.fas.model.gz

CHECKPOINT: Initial tree restored
Perform fast likelihood tree search using GTR+I+G model...
CHECKPOINT: Tree restored, LogL: -17876.656
NOTE: ModelFinder requires 31 MB RAM!
ModelFinder will test up to 286 DNA models (sample size: 774) ...
 No. Model         -LnL         df  AIC          AICc         BIC
  1  GTR+F         18139.521    241 36761.042    36980.298    37882.071
  2  GTR+F+I       17915.400    242 36314.800    36536.291    37440.480
  3  GTR+F+G4      17943.037    242 36370.074    36591.565    37495.754
  4  GTR+F+I+G4    17873.442    243 36232.884    36456.628    37363.216
  5  GTR+F+R2      17927.610    243 36341.221    36564.964    37471.553
  6  GTR+F+R3      17886.569    245 36263.138    36491.434    37402.773
  7  GTR+F+R4      17881.880    247 36257.759    36490.672    37406.697
 17  SYM+I+G4      17873.486    240 36226.972    36444.008    37343.349
 30  TVM+F+I+G4    17876.250    242 36236.500    36457.992    37362.180
 43  TVMe+I+G4     17876.208    239 36230.416    36445.247    37342.142
 56  TIM3+F+I+G4   17873.770    241 36229.539    36448.795    37350.568
 69  TIM3e+I+G4    17873.742    238 36223.484    36436.127    37330.558
 82  TIM2+F+I+G4   17873.505    241 36229.009    36448.265    37350.038
 95  TIM2e+I+G4    17874.593    238 36225.186    36437.829    37332.260
108  TIM+F+I+G4    17873.799    241 36229.597    36448.853    37350.626
121  TIMe+I+G4     17874.754    238 36225.508    36438.151    37332.582
134  TPM3u+F+I+G4  17876.581    240 36233.162    36450.197    37349.539
147  TPM3+F+I+G4   17876.581    240 36233.162    36450.197    37349.539
160  TPM2u+F+I+G4  17876.313    240 36232.626    36449.662    37349.004
173  TPM2+F+I+G4   17876.313    240 36232.626    36449.662    37349.004
186  K3Pu+F+I+G4   17876.601    240 36233.202    36450.237    37349.579
199  K3P+I+G4      17877.476    237 36228.952    36439.422    37331.374
212  TN+F+I+G4     17873.815    240 36227.630    36444.665    37344.007
225  TNe+I+G4      17874.817    237 36223.633    36434.103    37326.056
238  HKY+F+I+G4    17876.620    239 36231.239    36446.071    37342.965
251  K2P+I+G4      17877.542    236 36227.084    36435.397    37324.855
264  F81+F+I+G4    18565.832    238 37607.664    37820.307    38714.738
277  JC+I+G4       18561.586    235 37593.173    37799.344    38686.292
Akaike Information Criterion:           TIM3e+I+G4
Corrected Akaike Information Criterion: TNe+I+G4
Bayesian Information Criterion:         K2P+I+G4
Best-fit model: K2P+I+G4 chosen according to BIC

All model information printed to inference_loc_1677.fas.model.gz
CPU time for ModelFinder: 0.206 seconds (0h:0m:0s)
Wall-clock time for ModelFinder: 0.529 seconds (0h:0m:0s)
Generating 1000 samples for ultrafast bootstrap (seed: 82462)...
CHECKPOINT: 1000 UFBoot trees and 0 UFBootSplits restored

NOTE: 14 MB RAM (0 GB) is required!
CHECKPOINT: Model parameters restored, LogL: -17857.035
--------------------------------------------------------------------
|             INITIALIZING CANDIDATE TREE SET                      |
--------------------------------------------------------------------
CHECKPOINT: Candidate tree set restored, best LogL: -17857.035
Finish initializing candidate tree set (20)
Current best tree score: -17857.035 / CPU time: 0.000
Number of iterations: 21
--------------------------------------------------------------------
|               OPTIMIZING CANDIDATE TREE SET                      |
--------------------------------------------------------------------
Estimate model parameters (epsilon = 0.100)
BETTER TREE FOUND at iteration 26: -17855.867
Estimate model parameters (epsilon = 0.100)
BETTER TREE FOUND at iteration 27: -17849.980
Estimate model parameters (epsilon = 0.100)
BETTER TREE FOUND at iteration 30: -17849.454
Iteration 30 / LogL: -17849.454 / Time: 0h:0m:4s (0h:0m:14s left)
Estimate model parameters (epsilon = 0.100)
BETTER TREE FOUND at iteration 34: -17848.150
Iteration 40 / LogL: -17848.819 / Time: 0h:0m:7s (0h:0m:17s left)
Estimate model parameters (epsilon = 0.100)
BETTER TREE FOUND at iteration 41: -17842.645
Iteration 50 / LogL: -17891.285 / Time: 0h:0m:10s (0h:0m:19s left)
Log-likelihood cutoff on original alignment: -17902.282
Estimate model parameters (epsilon = 0.100)
BETTER TREE FOUND at iteration 54: -17842.579
Iteration 60 / LogL: -17846.313 / Time: 0h:0m:14s (0h:0m:22s left)
slurmstepd: error: *** JOB 309234 ON n094 CANCELLED AT 2024-03-17T19:47:09 ***
