Sun Mar 17 19:46:52 EDT 2024
/data/schwartzlab/awalling/Phylo_ML/simulations/empirical/fong/1/alignmentGroups
File line:aligned_loci_list_aa 
IQ-TREE multicore version 2.1.2 COVID-edition for Linux 64-bit built Oct 22 2020
Developed by Bui Quang Minh, James Barbetti, Nguyen Lam Tung,
Olga Chernomor, Heiko Schmidt, Dominik Schrempf, Michael Woodhams.

Host:    n091.cluster.com (AVX512, FMA3, 125 GB RAM)
Command: /home/aknyshov/alex_data/andromeda_tools/iqtree-2.1.2-Linux/bin/iqtree2 --keep-ident -nt 2 -s ../alignments2/loc_1000.fas -pre inference_loc_1000.fas -m MFP -bb 1000 -alrt 1000
Seed:    47859 (Using SPRNG - Scalable Parallel Random Number Generator)
Time:    Sun Mar 17 19:46:53 2024
Kernel:  AVX+FMA - 2 threads (16 CPU cores detected)

Reading alignment file ../alignments2/loc_1000.fas ... Fasta format detected
Alignment most likely contains DNA/RNA sequences
Alignment has 129 sequences with 978 columns, 947 distinct patterns
776 parsimony-informative, 62 singleton sites, 140 constant sites
     Gap/Ambiguity  Composition  p-value
   1  12    53.68%    passed     65.21%
   2  10     3.37%    passed     90.95%
   3  11     3.68%    passed     99.38%
   4  13    36.91%    passed     87.14%
   5  14     3.07%    passed     94.80%
   6  44    37.73%    passed     43.75%
   7  43     3.99%    passed     76.81%
   8  24     3.99%    passed     81.91%
   9  25    44.48%    passed     12.29%
  10  23    28.02%    passed     80.97%
  11  22     3.99%    passed     99.69%
  12  21     3.99%    passed     99.62%
  13  20    25.15%    passed     96.04%
  14  18     3.99%    passed     97.15%
  15  17     3.99%    passed     92.24%
  16  16     3.99%    passed     96.66%
  17  15    22.29%    passed     74.46%
  18  19    51.43%    passed     52.25%
  19  42    35.28%    passed     49.39%
  20  40     3.99%    passed     78.98%
  21  41    44.99%    passed     93.21%
  22  39     3.99%    passed     97.35%
  23  36    30.16%    passed     55.65%
  24  37    47.24%    passed     61.18%
  25  38    23.72%    passed     75.56%
  26  35     3.99%    passed     90.81%
  27  33     3.99%    passed     99.13%
  28  34    51.43%    passed     89.33%
  29  31     3.99%    passed     99.28%
  30  27     3.99%    passed     97.63%
  31  28    53.89%    passed     16.41%
  32  29    58.69%    passed     39.38%
  33  30     3.99%    passed     97.66%
  34  26     3.99%    passed     96.02%
  35  32    31.80%    passed     61.80%
  36  45     3.99%    passed     99.48%
  37  47     3.68%    passed     94.31%
  38  46    30.16%    passed     88.16%
  39  48    42.54%    passed     74.91%
  40  49     3.99%    passed     99.90%
  41  50     3.99%    passed     85.23%
  42  81     3.37%    passed     70.96%
  43  82     3.37%    passed     78.95%
  44  78    50.20%    passed     70.13%
  45  77     3.37%    passed     88.60%
  46  74     3.37%    passed     68.25%
  47  75     3.37%    passed     92.26%
  48  76     3.37%    passed     92.37%
  49  79    35.07%    passed     78.74%
  50  80    39.88%    passed     70.94%
  51  73     3.37%    passed     86.42%
  52  1      3.37%    passed     75.51%
  53  129   36.50%    passed     74.32%
  54  125   49.49%    passed     21.37%
  55  128    3.37%    passed     81.17%
  56  127    3.37%    passed     79.70%
  57  126    3.37%    passed     84.81%
  58  124    3.37%    passed     87.65%
  59  123    5.52%    passed     91.64%
  60  122    5.52%    passed     93.38%
  61  119   34.15%    passed     96.79%
  62  116    3.68%    passed     85.59%
  63  115   45.40%    passed     48.37%
  64  114    3.68%    passed     87.73%
  65  113    3.68%    passed     78.74%
  66  117    3.68%    passed     98.07%
  67  118   57.77%    passed     10.64%
  68  108   45.40%    passed     58.16%
  69  95    32.92%    passed     87.89%
  70  96    40.49%    passed     65.11%
  71  97    33.44%    passed     96.71%
  72  100   23.42%    passed     55.81%
  73  98     3.37%    passed     99.78%
  74  99    56.85%    passed     71.54%
  75  110   31.08%    passed     95.24%
  76  111    3.37%    passed     90.70%
  77  112   56.95%    passed     11.67%
  78  109    3.99%    passed     99.69%
  79  101   53.17%    passed     18.29%
  80  102    3.37%    passed     95.40%
  81  104    3.37%    passed     95.70%
  82  105   55.11%    passed     98.16%
  83  106    3.37%    passed     87.36%
  84  107    3.37%    passed     96.68%
  85  103   28.12%    passed     81.30%
  86  94     2.76%    passed     96.94%
  87  93     3.37%    passed     93.30%
  88  90    54.50%    passed     29.53%
  89  88    33.13%    passed     48.18%
  90  87     3.68%    passed     96.44%
  91  83    40.80%    passed     86.13%
  92  84     3.37%    passed     97.55%
  93  85     3.37%    passed     98.39%
  94  86     3.37%    passed     99.26%
  95  89    49.59%    passed     39.04%
  96  91     3.37%    passed     99.74%
  97  92     3.37%    passed     99.92%
  98  120   55.93%    passed     89.54%
  99  121    3.37%    passed     95.27%
 100  72     3.37%    passed     92.57%
 101  71    60.43%    passed     97.63%
 102  70     3.37%    passed     98.52%
 103  68    24.34%    passed     47.17%
 104  69    50.92%    passed     26.61%
 105  66    50.82%    passed     41.37%
 106  67    58.69%    passed     90.79%
 107  59     3.37%    passed     99.87%
 108  60    44.99%    passed     35.95%
 109  61    53.89%    passed     88.03%
 110  62    24.34%    passed     49.06%
 111  56    33.74%    passed     61.36%
 112  55    22.90%    passed     92.14%
 113  57     3.37%    passed     65.34%
 114  58    31.19%    passed     59.02%
 115  65     3.37%    passed     90.29%
 116  63    55.62%    passed     11.42%
 117  64     3.07%    passed     97.92%
 118  51     3.37%    passed     96.90%
 119  52    58.90%    passed     40.94%
 120  53    22.49%    passed     91.61%
 121  54    41.51%    passed     92.39%
 122  4     48.88%    passed     68.98%
 123  3     44.27%    passed     58.28%
 124  5     59.71%    passed     93.65%
 125  9      3.07%    passed     81.97%
 126  6     46.52%    passed     82.56%
 127  8     31.90%    passed     92.14%
 128  7     25.36%    passed     94.41%
 129  2      6.44%    passed     26.94%
WARNING: 21 sequences contain more than 50% gaps/ambiguity
****  TOTAL   22.63%  0 sequences failed composition chi2 test (p-value<5%; df=3)

NOTE: Restoring information from model checkpoint file inference_loc_1000.fas.model.gz

CHECKPOINT: Initial tree restored
Perform fast likelihood tree search using GTR+I+G model...
CHECKPOINT: Tree restored, LogL: -23607.470
NOTE: ModelFinder requires 43 MB RAM!
ModelFinder will test up to 286 DNA models (sample size: 978) ...
 No. Model         -LnL         df  AIC          AICc         BIC
  1  GTR+F         23862.740    263 48251.480    48445.968    49536.369
  2  GTR+F+I       23613.095    264 47754.190    47950.431    49043.965
  3  GTR+F+G4      23731.639    264 47991.277    48187.518    49281.052
  4  GTR+F+I+G4    23602.740    265 47735.481    47933.487    49030.141
  5  GTR+F+R2      23652.923    265 47835.846    48033.852    49130.506
  6  GTR+F+R3      23626.405    267 47786.810    47988.376    49091.241
  7  GTR+F+R4      23614.245    269 47766.491    47971.660    49080.693
slurmstepd: error: *** JOB 309231 ON n091 CANCELLED AT 2024-03-17T19:47:09 ***
