Sun Mar 17 19:46:53 EDT 2024
/data/schwartzlab/awalling/Phylo_ML/simulations/empirical/fong/1/alignmentGroups
File line:aligned_loci_list_ae 
Checkpoint (inference_loc_1901.fas.ckp.gz) indicates that a previous run successfully finished
Use `-redo` option if you really want to redo the analysis and overwrite all output files.
Use `--redo-tree` option if you want to restore ModelFinder and only redo tree search.
Use `--undo` option if you want to continue previous run when changing/adding options.

******************************************************
CHECKPOINT: Resuming analysis from inference_loc_1901.fas.ckp.gz

IQ-TREE multicore version 2.1.2 COVID-edition for Linux 64-bit built Oct 22 2020
Developed by Bui Quang Minh, James Barbetti, Nguyen Lam Tung,
Olga Chernomor, Heiko Schmidt, Dominik Schrempf, Michael Woodhams.

Host:    n076.cluster.com (AVX512, FMA3, 125 GB RAM)
Command: /home/aknyshov/alex_data/andromeda_tools/iqtree-2.1.2-Linux/bin/iqtree2 --keep-ident -nt 2 -s ../alignments3/loc_1901.fas -pre inference_loc_1901.fas -m MFP -bb 1000 -alrt 1000
Seed:    120435 (Using SPRNG - Scalable Parallel Random Number Generator)
Time:    Sun Mar 17 19:46:53 2024
Kernel:  AVX+FMA - 2 threads (16 CPU cores detected)

Reading alignment file ../alignments3/loc_1901.fas ... Fasta format detected
Alignment most likely contains DNA/RNA sequences
Alignment has 81 sequences with 1248 columns, 706 distinct patterns
229 parsimony-informative, 262 singleton sites, 757 constant sites
     Gap/Ambiguity  Composition  p-value
   1  5     21.07%    passed     87.94%
   2  6     37.10%    passed     88.68%
   3  14     0.00%    passed     94.87%
   4  20    55.05%    passed     58.76%
   5  21    51.28%    passed     70.82%
   6  19    56.89%    passed     95.08%
   7  18     0.24%    passed     99.84%
   8  16    20.19%    passed     99.05%
   9  22    59.38%    passed     79.72%
  10  23     0.24%    passed     99.59%
  11  25     0.24%    passed     99.65%
  12  32     0.24%    passed     99.88%
  13  26     0.24%    passed     99.69%
  14  31     0.24%    passed     99.80%
  15  29     0.24%    passed     99.55%
  16  28    28.12%    passed     96.80%
  17  27     0.24%    passed     97.86%
  18  30    32.93%    passed     94.35%
  19  35     0.24%    passed     99.81%
  20  39     0.24%    passed     99.29%
  21  43    49.52%    passed     77.24%
  22  47     0.24%    passed     99.91%
  23  45     0.24%    passed     99.10%
  24  48    52.48%    passed     68.26%
  25  49    45.67%    passed     51.70%
  26  77    36.14%    passed     98.13%
  27  78    26.20%    passed     92.20%
  28  79     0.24%    passed     99.44%
  29  80    58.01%    passed     82.13%
  30  82     0.24%    passed     98.99%
  31  81     0.24%    passed     96.82%
  32  73    34.21%    passed     97.18%
  33  129   58.17%    passed     83.55%
  34  1     41.91%    passed     86.48%
  35  125   58.49%    passed     63.42%
  36  121   37.50%    passed     99.43%
  37  83     0.24%    passed     97.74%
  38  87    32.21%    passed     88.17%
  39  89     0.24%    passed     93.48%
  40  90    30.69%    passed     91.82%
  41  94     0.24%    passed     96.52%
  42  92    35.34%    passed     76.74%
  43  93    25.16%    passed     91.43%
  44  96     0.24%    passed     99.75%
  45  97     0.24%    passed     99.60%
  46  98    24.44%    passed     94.62%
  47  99    46.39%    passed     79.12%
  48  112    0.24%    passed     95.71%
  49  109   24.04%    passed     99.77%
  50  107    0.24%    passed     99.95%
  51  103   40.22%    passed     94.39%
  52  102    0.24%    passed     99.49%
  53  101   55.13%    passed     91.00%
  54  108    0.24%    passed     99.53%
  55  116    0.24%    passed     99.44%
  56  114   56.57%    passed     79.03%
  57  115    0.24%    passed     98.81%
  58  118    0.24%    passed     99.39%
  59  119   24.20%    passed     96.95%
  60  124    0.24%    passed     99.91%
  61  122   37.02%    passed     72.49%
  62  72    24.12%    passed     91.39%
  63  70    49.20%    passed     83.90%
  64  68    39.10%    passed     93.03%
  65  71    24.68%    passed     89.60%
  66  66     0.24%    passed     99.01%
  67  67     0.24%    passed     96.28%
  68  53     0.24%    passed     98.74%
  69  52    46.63%    passed     71.64%
  70  51     0.24%    passed     99.41%
  71  64     0.24%    passed     99.66%
  72  60     0.24%    passed     93.48%
  73  61     0.24%    passed     94.34%
  74  58     0.24%    passed    100.00%
  75  55    42.31%    passed     86.14%
  76  56     0.24%    passed     98.55%
  77  57     0.24%    passed     99.46%
  78  2     53.37%    passed     71.94%
  79  3      0.24%    passed     98.63%
  80  4      0.24%    passed     94.68%
  81  11    26.28%    passed     90.45%
WARNING: 11 sequences contain more than 50% gaps/ambiguity
****  TOTAL   19.84%  0 sequences failed composition chi2 test (p-value<5%; df=3)

NOTE: Restoring information from model checkpoint file inference_loc_1901.fas.model.gz

CHECKPOINT: Initial tree restored
Perform fast likelihood tree search using GTR+I+G model...
CHECKPOINT: Tree restored, LogL: -6555.137
NOTE: ModelFinder requires 21 MB RAM!
ModelFinder will test up to 286 DNA models (sample size: 1248) ...
 No. Model         -LnL         df  AIC          AICc         BIC
  1  GTR+F         6584.497     167 13502.993    13554.949    14359.586
  2  GTR+F+I       6554.718     168 13445.436    13498.062    14307.158
  3  GTR+F+G4      6555.377     168 13446.755    13499.381    14308.477
  4  GTR+F+I+G4    6554.249     169 13446.498    13499.800    14313.349
  5  GTR+F+R2      6554.798     169 13447.595    13500.898    14314.447
  6  GTR+F+R3      6554.852     171 13451.705    13506.374    14328.815
 15  SYM+I         6558.167     165 13446.335    13496.963    14292.669
 16  SYM+G4        6558.640     165 13447.280    13497.909    14293.614
 17  SYM+I+G4      6557.670     166 13447.340    13498.630    14298.804
 18  SYM+R2        6558.098     166 13448.195    13499.485    14299.658
 28  TVM+F+I       6554.927     167 13443.855    13495.810    14300.448
 29  TVM+F+G4      6555.593     167 13445.186    13497.142    14301.779
 30  TVM+F+I+G4    6554.452     168 13444.903    13497.530    14306.625
 31  TVM+F+R2      6555.041     168 13446.083    13498.709    14307.805
 41  TVMe+I        6560.405     164 13448.810    13498.782    14290.015
 42  TVMe+G4       6560.915     164 13449.830    13499.803    14291.035
 43  TVMe+I+G4     6559.888     165 13449.776    13500.405    14296.111
 44  TVMe+R2       6560.396     165 13450.791    13501.420    14297.125
 54  TIM3+F+I      6555.344     166 13442.689    13493.978    14294.152
 55  TIM3+F+G4     6555.970     166 13443.941    13495.230    14295.404
 56  TIM3+F+I+G4   6554.870     167 13443.741    13495.696    14300.333
 57  TIM3+F+R2     6555.456     167 13444.913    13496.868    14301.505
 67  TIM3e+I       6558.375     163 13442.750    13492.071    14278.826
 68  TIM3e+G4      6558.822     163 13443.645    13492.966    14279.720
 69  TIM3e+I+G4    6557.871     164 13443.742    13493.714    14284.946
 70  TIM3e+R2      6558.280     164 13444.560    13494.532    14285.764
 80  TIM2+F+I      6554.892     166 13441.783    13493.073    14293.247
 81  TIM2+F+G4     6555.580     166 13443.159    13494.449    14294.623
 82  TIM2+F+I+G4   6554.430     167 13442.861    13494.816    14299.453
 83  TIM2+F+R2     6554.992     167 13443.983    13495.939    14300.576
 93  TIM2e+I       6558.365     163 13442.729    13492.050    14278.805
 94  TIM2e+G4      6558.867     163 13443.734    13493.055    14279.809
 95  TIM2e+I+G4    6557.876     164 13443.751    13493.723    14284.956
 96  TIM2e+R2      6558.314     164 13444.628    13494.600    14285.832
106  TIM+F+I       6555.271     166 13442.541    13493.831    14294.004
107  TIM+F+G4      6555.920     166 13443.841    13495.131    14295.304
108  TIM+F+I+G4    6554.805     167 13443.610    13495.566    14300.203
109  TIM+F+R2      6555.327     167 13444.654    13496.609    14301.246
119  TIMe+I        6558.324     163 13442.648    13491.969    14278.724
120  TIMe+G4       6558.800     163 13443.599    13492.921    14279.675
121  TIMe+I+G4     6557.828     164 13443.656    13493.629    14284.861
122  TIMe+R2       6558.248     164 13444.497    13494.469    14285.701
132  TPM3u+F+I     6555.551     165 13441.101    13491.730    14287.435
133  TPM3u+F+G4    6556.184     165 13442.367    13492.996    14288.702
134  TPM3u+F+I+G4  6555.073     166 13442.145    13493.435    14293.608
135  TPM3u+F+R2    6555.625     166 13443.250    13494.539    14294.713
145  TPM3+F+I      6555.551     165 13441.101    13491.730    14287.435
146  TPM3+F+G4     6556.184     165 13442.367    13492.996    14288.702
147  TPM3+F+I+G4   6555.073     166 13442.145    13493.435    14293.608
148  TPM3+F+R2     6555.625     166 13443.250    13494.539    14294.713
158  TPM2u+F+I     6555.102     165 13440.204    13490.832    14286.538
159  TPM2u+F+G4    6555.795     165 13441.591    13492.219    14287.925
160  TPM2u+F+I+G4  6554.634     166 13441.268    13492.558    14292.732
161  TPM2u+F+R2    6555.235     166 13442.471    13493.760    14293.934
171  TPM2+F+I      6555.102     165 13440.204    13490.832    14286.538
172  TPM2+F+G4     6555.795     165 13441.591    13492.219    14287.925
173  TPM2+F+I+G4   6554.634     166 13441.268    13492.558    14292.732
174  TPM2+F+R2     6555.235     166 13442.471    13493.760    14293.934
184  K3Pu+F+I      6555.478     165 13440.957    13491.585    14287.291
185  K3Pu+F+G4     6556.135     165 13442.269    13492.898    14288.604
186  K3Pu+F+I+G4   6555.007     166 13442.013    13493.303    14293.477
187  K3Pu+F+R2     6555.569     166 13443.138    13494.428    14294.602
197  K3P+I         6560.567     162 13445.133    13493.808    14276.079
198  K3P+G4        6561.082     162 13446.163    13494.838    14277.109
199  K3P+I+G4      6560.051     163 13446.102    13495.423    14282.178
200  K3P+R2        6560.554     163 13447.109    13496.430    14283.184
210  TN+F+I        6555.390     165 13440.780    13491.408    14287.114
211  TN+F+G4       6556.044     165 13442.088    13492.716    14288.422
212  TN+F+I+G4     6554.926     166 13441.852    13493.141    14293.315
213  TN+F+R2       6555.521     166 13443.041    13494.331    14294.505
223  TNe+I         6558.448     162 13440.897    13489.571    14271.843
224  TNe+G4        6558.924     162 13441.848    13490.523    14272.795
225  TNe+I+G4      6557.953     163 13441.906    13491.227    14277.981
226  TNe+R2        6558.373     163 13442.747    13492.068    14278.822
236  HKY+F+I       6555.598     164 13439.197    13489.169    14280.402
237  HKY+F+G4      6556.259     164 13440.517    13490.489    14281.722
238  HKY+F+I+G4    6555.128     165 13440.256    13490.885    14286.590
239  HKY+F+R2      6555.692     165 13441.385    13492.013    14287.719
249  K2P+I         6560.690     161 13443.379    13491.412    14269.196
250  K2P+G4        6561.206     161 13444.412    13492.445    14270.229
251  K2P+I+G4      6560.176     162 13444.351    13493.026    14275.298
252  K2P+R2        6560.679     162 13445.358    13494.033    14276.304
262  F81+F+I       6732.088     163 13790.177    13839.498    14626.252
263  F81+F+G4      6732.626     163 13791.252    13840.573    14627.327
264  F81+F+I+G4    6731.570     164 13791.140    13841.112    14632.345
265  F81+F+R2      6732.118     164 13792.236    13842.208    14633.441
275  JC+I          6739.436     160 13798.871    13846.268    14619.559
276  JC+G4         6739.930     160 13799.860    13847.257    14620.548
277  JC+I+G4       6738.929     161 13799.858    13847.891    14625.675
278  JC+R2         6739.437     161 13800.875    13848.908    14626.692
Akaike Information Criterion:           HKY+F+I
Corrected Akaike Information Criterion: HKY+F+I
Bayesian Information Criterion:         K2P+I
Best-fit model: K2P+I chosen according to BIC

All model information printed to inference_loc_1901.fas.model.gz
CPU time for ModelFinder: 0.205 seconds (0h:0m:0s)
Wall-clock time for ModelFinder: 0.261 seconds (0h:0m:0s)
Generating 1000 samples for ultrafast bootstrap (seed: 120435)...

NOTE: 4 MB RAM (0 GB) is required!
CHECKPOINT: Model parameters restored, LogL: -6560.690
Computing ML distances based on estimated model parameters...
Computing ML distances took 0.016064 sec (of wall-clock time) 0.031936 sec(of CPU time)
Computing RapidNJ tree took 0.001094 sec (of wall-clock time) 0.002169 sec (of CPU time)
Log-likelihood of RapidNJ tree: -6662.675
--------------------------------------------------------------------
|             INITIALIZING CANDIDATE TREE SET                      |
--------------------------------------------------------------------
Generating 98 parsimony trees... 0.444 second
Computing log-likelihood of 98 initial trees ... 0.376 seconds
Current best score: -6560.690

Do NNI search on 20 best initial trees
Estimate model parameters (epsilon = 0.100)
BETTER TREE FOUND at iteration 1: -6560.689
BETTER TREE FOUND at iteration 2: -6560.683
BETTER TREE FOUND at iteration 6: -6560.682
Iteration 10 / LogL: -6560.687 / Time: 0h:0m:2s
BETTER TREE FOUND at iteration 18: -6560.682
Iteration 20 / LogL: -6560.686 / Time: 0h:0m:3s
Finish initializing candidate tree set (20)
Current best tree score: -6560.682 / CPU time: 3.597
Number of iterations: 20
--------------------------------------------------------------------
|               OPTIMIZING CANDIDATE TREE SET                      |
--------------------------------------------------------------------
Iteration 30 / LogL: -6563.204 / Time: 0h:0m:5s (0h:0m:15s left)
Iteration 40 / LogL: -6560.707 / Time: 0h:0m:6s (0h:0m:12s left)
Iteration 50 / LogL: -6588.521 / Time: 0h:0m:7s (0h:0m:10s left)
Log-likelihood cutoff on original alignment: -6589.925
Iteration 60 / LogL: -6560.699 / Time: 0h:0m:9s (0h:0m:8s left)
Iteration 70 / LogL: -6568.503 / Time: 0h:0m:10s (0h:0m:7s left)
Iteration 80 / LogL: -6560.694 / Time: 0h:0m:11s (0h:0m:5s left)
Iteration 90 / LogL: -6560.698 / Time: 0h:0m:12s (0h:0m:3s left)
Iteration 100 / LogL: -6560.700 / Time: 0h:0m:13s (0h:0m:2s left)
Log-likelihood cutoff on original alignment: -6591.651
NOTE: Bootstrap correlation coefficient of split occurrence frequencies: 0.998
Iteration 110 / LogL: -6560.691 / Time: 0h:0m:15s (0h:0m:12s left)
slurmstepd: error: *** JOB 309235 ON n076 CANCELLED AT 2024-03-17T19:47:09 ***
