Sun Mar 17 19:46:52 EDT 2024
/data/schwartzlab/awalling/Phylo_ML/simulations/empirical/fong/1/alignmentGroups
File line:aligned_loci_list_ac 
Checkpoint (inference_loc_1451.fas.ckp.gz) indicates that a previous run successfully finished
Use `-redo` option if you really want to redo the analysis and overwrite all output files.
Use `--redo-tree` option if you want to restore ModelFinder and only redo tree search.
Use `--undo` option if you want to continue previous run when changing/adding options.
IQ-TREE multicore version 2.1.2 COVID-edition for Linux 64-bit built Oct 22 2020
Developed by Bui Quang Minh, James Barbetti, Nguyen Lam Tung,
Olga Chernomor, Heiko Schmidt, Dominik Schrempf, Michael Woodhams.

Host:    n093.cluster.com (AVX512, FMA3, 125 GB RAM)
Command: /home/aknyshov/alex_data/andromeda_tools/iqtree-2.1.2-Linux/bin/iqtree2 --keep-ident -nt 2 -s ../alignments3/loc_1451.fas -pre inference_loc_1451.fas -m MFP -bb 1000 -alrt 1000
Seed:    95155 (Using SPRNG - Scalable Parallel Random Number Generator)
Time:    Sun Mar 17 19:46:53 2024
Kernel:  AVX+FMA - 2 threads (16 CPU cores detected)

Reading alignment file ../alignments3/loc_1451.fas ... Fasta format detected
Alignment most likely contains DNA/RNA sequences
Alignment has 81 sequences with 1248 columns, 816 distinct patterns
214 parsimony-informative, 396 singleton sites, 638 constant sites
     Gap/Ambiguity  Composition  p-value
   1  5      0.72%    passed     99.50%
   2  6      0.24%    passed     99.53%
   3  8      0.00%    passed     95.87%
   4  9      0.24%    passed     94.84%
   5  44    55.29%    passed     49.28%
   6  43     0.24%    passed     90.58%
   7  32     0.24%    passed     88.96%
   8  31    49.60%    passed     57.05%
   9  27    59.78%    passed     70.44%
  10  29    40.95%    passed     77.35%
  11  30    58.81%    passed     33.40%
  12  33    40.46%    passed     51.67%
  13  40     0.24%    passed     93.72%
  14  41     0.24%    passed     87.54%
  15  39     0.24%    passed     86.59%
  16  37    33.65%    passed     78.12%
  17  38    24.36%    passed     96.27%
  18  36     0.24%    passed     86.55%
  19  35    41.91%    passed     90.12%
  20  42    31.97%    passed     92.93%
  21  25    52.16%    passed     58.29%
  22  23    30.29%    passed     86.64%
  23  20     0.24%    passed     93.23%
  24  18     0.24%    passed     95.35%
  25  16     0.24%    passed     88.73%
  26  17    49.60%    passed     85.80%
  27  19     0.24%    passed     95.56%
  28  47    21.07%    passed     95.87%
  29  49    40.79%    passed     81.46%
  30  52     0.24%    passed     98.01%
  31  63    40.22%    passed     70.05%
  32  59    29.25%    passed     84.20%
  33  61    38.78%    passed     99.79%
  34  58     0.24%    passed     97.75%
  35  57    43.27%    passed     72.99%
  36  66     0.24%    passed     98.16%
  37  70    52.16%    passed     25.04%
  38  69     0.24%    passed     98.65%
  39  129   51.12%    passed     12.76%
  40  123   33.81%    passed     94.26%
  41  122    0.24%    passed     89.71%
  42  124    0.24%    passed     98.30%
  43  110   35.98%    passed     71.83%
  44  112    0.24%    passed     93.35%
  45  109    0.24%    passed     98.36%
  46  103   32.61%    passed     97.25%
  47  101    0.24%    passed     93.96%
  48  102    0.24%    passed     99.43%
  49  104   38.06%    passed     74.21%
  50  96     0.24%    passed     95.61%
  51  95     0.24%    passed     98.88%
  52  100   44.79%    passed     98.76%
  53  98     0.24%    passed     95.34%
  54  99    26.60%    passed     61.16%
  55  89    44.07%    passed     81.02%
  56  83     0.24%    passed     98.55%
  57  84     0.24%    passed     98.84%
  58  87     0.24%    passed     95.18%
  59  91     0.24%    passed     98.02%
  60  119    0.24%    passed     98.02%
  61  117   46.79%    passed     75.12%
  62  115    0.24%    passed     91.70%
  63  114   51.20%    passed     42.93%
  64  120   25.00%    passed     73.16%
  65  128    0.48%    passed     98.41%
  66  127   32.37%    passed     91.10%
  67  125   22.04%    passed     99.92%
  68  81    24.68%    passed     82.90%
  69  79    46.31%    passed     51.77%
  70  80    28.21%    passed     75.98%
  71  78    56.25%    passed     95.48%
  72  74    54.81%    passed     99.28%
  73  77     0.24%    passed     98.79%
  74  72     0.24%    passed     90.41%
  75  3      0.24%    passed     99.40%
  76  2     21.88%    passed     80.53%
  77  4      0.24%    passed     99.83%
  78  11     0.24%    passed     99.66%
  79  10     0.24%    passed     94.97%
  80  12    26.76%    passed     89.56%
  81  90     0.24%    passed     99.09%
WARNING: 9 sequences contain more than 50% gaps/ambiguity
****  TOTAL   19.61%  0 sequences failed composition chi2 test (p-value<5%; df=3)

NOTE: Restoring information from model checkpoint file inference_loc_1451.fas.model.gz

CHECKPOINT: Initial tree restored
Perform fast likelihood tree search using GTR+I+G model...
Estimate model parameters (epsilon = 5.000)
Perform nearest neighbor interchange...
Estimate model parameters (epsilon = 1.000)
1. Initial log-likelihood: -7659.181
Optimal log-likelihood: -7658.864
Rate parameters:  A-C: 1.16206  A-G: 2.60821  A-T: 0.93368  C-G: 0.93796  C-T: 2.79418  G-T: 1.00000
Base frequencies:  A: 0.246  C: 0.237  G: 0.269  T: 0.249
Proportion of invariable sites: 0.219
Gamma shape alpha: 62.872
Parameters optimization took 1 rounds (0.049 sec)
Time for fast ML tree search: 0.544 seconds

NOTE: ModelFinder requires 24 MB RAM!
ModelFinder will test up to 286 DNA models (sample size: 1248) ...
 No. Model         -LnL         df  AIC          AICc         BIC
  1  GTR+F         7667.794     167 15669.588    15721.543    16526.180
  2  GTR+F+I       7658.231     168 15652.462    15705.088    16514.184
  3  GTR+F+G4      7655.087     168 15646.175    15698.801    16507.897
  4  GTR+F+I+G4    7657.233     169 15652.465    15705.768    16519.317
  5  GTR+F+R2      7655.458     169 15648.915    15702.218    16515.767
  6  GTR+F+R3      7655.214     171 15652.427    15707.096    16529.537
 15  SYM+I         7660.814     165 15651.627    15702.256    16497.962
 16  SYM+G4        7657.803     165 15645.607    15696.235    16491.941
 18  SYM+R2        7658.147     166 15648.293    15699.583    16499.756
 28  TVM+F+I       7658.556     167 15651.112    15703.068    16507.705
 29  TVM+F+G4      7655.371     167 15644.743    15696.699    16501.336
 31  TVM+F+R2      7655.748     168 15647.496    15700.123    16509.218
 41  TVMe+I        7660.824     164 15649.648    15699.620    16490.852
 42  TVMe+G4       7657.806     164 15643.613    15693.585    16484.817
 44  TVMe+R2       7658.149     165 15646.298    15696.926    16492.632
 54  TIM3+F+I      7659.473     166 15650.945    15702.235    16502.409
 55  TIM3+F+G4     7656.382     166 15644.763    15696.053    16496.227
 57  TIM3+F+R2     7656.746     167 15647.493    15699.449    16504.086
 67  TIM3e+I       7661.839     163 15649.678    15698.999    16485.754
 68  TIM3e+G4      7658.837     163 15643.675    15692.996    16479.750
 70  TIM3e+R2      7659.184     164 15646.369    15696.341    16487.574
 80  TIM2+F+I      7659.515     166 15651.030    15702.319    16502.493
 81  TIM2+F+G4     7656.373     166 15644.746    15696.036    16496.210
 83  TIM2+F+R2     7656.744     167 15647.488    15699.443    16504.081
 93  TIM2e+I       7661.941     163 15649.882    15699.203    16485.957
 94  TIM2e+G4      7658.920     163 15643.840    15693.161    16479.916
 96  TIM2e+R2      7659.269     164 15646.538    15696.510    16487.742
106  TIM+F+I       7658.756     166 15649.512    15700.801    16500.975
107  TIM+F+G4      7655.689     166 15643.379    15694.668    16494.842
109  TIM+F+R2      7656.046     167 15646.091    15698.047    16502.684
119  TIMe+I        7660.955     163 15647.909    15697.230    16483.985
120  TIMe+G4       7657.963     163 15641.926    15691.247    16478.001
122  TIMe+R2       7658.305     164 15644.610    15694.583    16485.815
132  TPM3u+F+I     7659.798     165 15649.596    15700.224    16495.930
133  TPM3u+F+G4    7656.671     165 15643.342    15693.971    16489.676
135  TPM3u+F+R2    7657.037     166 15646.075    15697.364    16497.538
145  TPM3+F+I      7659.798     165 15649.596    15700.224    16495.930
146  TPM3+F+G4     7656.671     165 15643.342    15693.971    16489.676
148  TPM3+F+R2     7657.037     166 15646.075    15697.364    16497.538
158  TPM2u+F+I     7659.842     165 15649.685    15700.313    16496.019
159  TPM2u+F+G4    7656.659     165 15643.318    15693.947    16489.652
161  TPM2u+F+R2    7657.031     166 15646.063    15697.352    16497.526
171  TPM2+F+I      7659.842     165 15649.685    15700.313    16496.019
172  TPM2+F+G4     7656.659     165 15643.318    15693.947    16489.652
174  TPM2+F+R2     7657.031     166 15646.063    15697.352    16497.526
184  K3Pu+F+I      7659.083     165 15648.166    15698.794    16494.500
185  K3Pu+F+G4     7655.977     165 15641.954    15692.582    16488.288
187  K3Pu+F+R2     7656.336     166 15644.672    15695.962    16496.136
197  K3P+I         7660.966     162 15645.931    15694.606    16476.877
198  K3P+G4        7657.968     162 15639.935    15688.610    16470.881
200  K3P+R2        7658.308     163 15642.616    15691.937    16478.691
210  TN+F+I        7659.748     165 15649.496    15700.125    16495.830
211  TN+F+G4       7656.671     165 15643.343    15693.971    16489.677
213  TN+F+R2       7657.030     166 15646.060    15697.350    16497.524
223  TNe+I         7661.958     162 15647.916    15696.591    16478.862
224  TNe+G4        7658.959     162 15641.919    15690.594    16472.865
226  TNe+R2        7659.303     163 15644.605    15693.926    16480.681
236  HKY+F+I       7660.075     164 15648.151    15698.123    16489.355
237  HKY+F+G4      7656.959     164 15641.918    15691.890    16483.123
239  HKY+F+R2      7657.321     165 15644.641    15695.270    16490.975
249  K2P+I         7661.969     161 15645.938    15693.971    16471.755
250  K2P+G4        7658.964     161 15639.928    15687.962    16465.745
252  K2P+R2        7659.307     162 15642.615    15691.290    16473.561
262  F81+F+I       7766.559     163 15859.117    15908.438    16695.193
263  F81+F+G4      7763.526     163 15853.052    15902.373    16689.127
265  F81+F+R2      7763.879     164 15855.758    15905.730    16696.963
275  JC+I          7768.510     160 15857.020    15904.416    16677.707
276  JC+G4         7765.522     160 15851.044    15898.441    16671.732
278  JC+R2         7765.866     161 15853.731    15901.764    16679.548
Akaike Information Criterion:           K2P+G4
Corrected Akaike Information Criterion: K2P+G4
Bayesian Information Criterion:         K2P+G4
Best-fit model: K2P+G4 chosen according to BIC

All model information printed to inference_loc_1451.fas.model.gz
CPU time for ModelFinder: 11.039 seconds (0h:0m:11s)
Wall-clock time for ModelFinder: 5.710 seconds (0h:0m:5s)
Generating 1000 samples for ultrafast bootstrap (seed: 95155)...

NOTE: 11 MB RAM (0 GB) is required!
Estimate model parameters (epsilon = 0.100)
1. Initial log-likelihood: -7658.964
Optimal log-likelihood: -7658.964
Rate parameters:  A-C: 1.00000  A-G: 2.66628  A-T: 1.00000  C-G: 1.00000  C-T: 2.66628  G-T: 1.00000
Base frequencies:  A: 0.250  C: 0.250  G: 0.250  T: 0.250
Gamma shape alpha: 2.648
Parameters optimization took 1 rounds (0.032 sec)
Computing ML distances based on estimated model parameters...
Computing ML distances took 0.048303 sec (of wall-clock time) 0.094262 sec(of CPU time)
Computing RapidNJ tree took 0.001002 sec (of wall-clock time) 0.001023 sec (of CPU time)
Log-likelihood of RapidNJ tree: -7722.398
--------------------------------------------------------------------
|             INITIALIZING CANDIDATE TREE SET                      |
--------------------------------------------------------------------
Generating 98 parsimony trees... 0.493 second
Computing log-likelihood of 98 initial trees ... 0.762 seconds
Current best score: -7658.964

Do NNI search on 20 best initial trees
Estimate model parameters (epsilon = 0.100)
BETTER TREE FOUND at iteration 1: -7658.964
BETTER TREE FOUND at iteration 2: -7658.961
BETTER TREE FOUND at iteration 6: -7658.960
BETTER TREE FOUND at iteration 9: -7658.959
Iteration 10 / LogL: -7658.964 / Time: 0h:0m:3s
Iteration 20 / LogL: -7658.963 / Time: 0h:0m:5s
Finish initializing candidate tree set (20)
Current best tree score: -7658.959 / CPU time: 5.468
Number of iterations: 20
--------------------------------------------------------------------
|               OPTIMIZING CANDIDATE TREE SET                      |
--------------------------------------------------------------------
Iteration 30 / LogL: -7658.967 / Time: 0h:0m:8s (0h:0m:22s left)
Iteration 40 / LogL: -7658.963 / Time: 0h:0m:10s (0h:0m:18s left)
slurmstepd: error: *** JOB 309233 ON n093 CANCELLED AT 2024-03-17T19:47:09 ***
