Sun Mar 17 19:46:52 EDT 2024
/data/schwartzlab/awalling/Phylo_ML/simulations/empirical/fong/1/alignmentGroups
File line:aligned_loci_list_ag 

******************************************************
CHECKPOINT: Resuming analysis from inference_loc_550.fas.ckp.gz

IQ-TREE multicore version 2.1.2 COVID-edition for Linux 64-bit built Oct 22 2020
Developed by Bui Quang Minh, James Barbetti, Nguyen Lam Tung,
Olga Chernomor, Heiko Schmidt, Dominik Schrempf, Michael Woodhams.

Host:    n078.cluster.com (AVX512, FMA3, 125 GB RAM)
Command: /home/aknyshov/alex_data/andromeda_tools/iqtree-2.1.2-Linux/bin/iqtree2 --keep-ident -nt 2 -s ../alignments2/loc_550.fas -pre inference_loc_550.fas -m MFP -bb 1000 -alrt 1000
Seed:    16764 (Using SPRNG - Scalable Parallel Random Number Generator)
Time:    Sun Mar 17 19:46:53 2024
Kernel:  AVX+FMA - 2 threads (16 CPU cores detected)

Reading alignment file ../alignments2/loc_550.fas ... Fasta format detected
Alignment most likely contains DNA/RNA sequences
Alignment has 86 sequences with 1106 columns, 388 distinct patterns
90 parsimony-informative, 33 singleton sites, 983 constant sites
     Gap/Ambiguity  Composition  p-value
   1  8     39.24%    passed     84.20%
   2  7      0.63%    passed     86.59%
   3  6     35.62%    passed     74.98%
   4  12     0.72%    passed     88.47%
   5  10     0.72%    passed     97.04%
   6  71     0.72%    passed     89.09%
   7  68     0.72%    passed     97.18%
   8  69    43.76%    passed     96.06%
   9  70    28.93%    passed     85.14%
  10  51     0.72%    passed     96.18%
  11  53    47.92%    passed     96.46%
  12  54    38.43%    passed     96.07%
  13  64     0.72%    passed     99.59%
  14  62     0.72%    passed     96.16%
  15  59    30.56%    passed     97.63%
  16  61    34.63%    passed     95.10%
  17  57     0.72%    passed     99.86%
  18  58    54.34%    passed     91.47%
  19  66     0.72%    passed     98.57%
  20  72    58.68%    passed     68.12%
  21  77    28.75%    passed     98.76%
  22  76     0.72%    passed     97.60%
  23  78    44.58%    passed     90.84%
  24  81     0.72%    passed     99.72%
  25  82     0.72%    passed     99.15%
  26  128    0.54%    passed     99.92%
  27  127   22.51%    passed     92.88%
  28  126    0.54%    passed     98.47%
  29  123   33.00%    passed     99.97%
  30  124    0.72%    passed     99.45%
  31  120    0.72%    passed     98.89%
  32  121   57.23%    passed     96.75%
  33  94    32.73%    passed     99.41%
  34  91    39.69%    passed     93.12%
  35  83    23.78%    passed     82.21%
  36  84    27.40%    passed     95.63%
  37  87     0.72%    passed     98.17%
  38  85    22.33%    passed     97.82%
  39  89     0.72%    passed     99.09%
  40  90     0.72%    passed     96.90%
  41  103    0.72%    passed     99.60%
  42  107    0.72%    passed     99.02%
  43  104    0.72%    passed     98.78%
  44  105   36.26%    passed     72.55%
  45  100    0.72%    passed     99.00%
  46  98    30.56%    passed     94.94%
  47  99     0.72%    passed     98.69%
  48  95    59.22%    passed     97.97%
  49  111    0.36%    passed     97.90%
  50  110   31.83%    passed     95.10%
  51  112    0.72%    passed     97.67%
  52  109   44.67%    passed     92.99%
  53  115    0.72%    passed     98.15%
  54  113   53.98%    passed     76.95%
  55  114   47.38%    passed     86.57%
  56  117    0.72%    passed     96.65%
  57  119   41.05%    passed     82.84%
  58  129   21.61%    passed     97.16%
  59  45    52.80%    passed     73.84%
  60  46     0.72%    passed     99.93%
  61  47     0.72%    passed     96.08%
  62  44    47.74%    passed     96.69%
  63  33    42.41%    passed     97.19%
  64  28     0.72%    passed     98.27%
  65  30    29.84%    passed     96.52%
  66  26     0.72%    passed     99.49%
  67  32    57.05%    passed     98.54%
  68  40     0.72%    passed     97.67%
  69  41    45.57%    passed     96.96%
  70  39     0.72%    passed     99.18%
  71  38     0.72%    passed     98.42%
  72  36     0.72%    passed     99.52%
  73  42    45.66%    passed     73.65%
  74  19    38.52%    passed     95.38%
  75  16    41.95%    passed     60.56%
  76  17    54.34%    passed     87.89%
  77  22     0.72%    passed     96.18%
  78  23    28.03%    passed     95.26%
  79  25     0.72%    passed     99.30%
  80  24    26.85%    passed     93.06%
  81  48    35.71%    passed     97.60%
  82  49     0.72%    passed     98.85%
  83  2     41.77%    passed     94.63%
  84  3      0.72%    passed     94.27%
  85  5      0.90%    passed     96.23%
  86  74     0.99%    passed     90.30%
WARNING: 8 sequences contain more than 50% gaps/ambiguity
****  TOTAL   20.11%  0 sequences failed composition chi2 test (p-value<5%; df=3)

NOTE: Restoring information from model checkpoint file inference_loc_550.fas.model.gz

CHECKPOINT: Initial tree restored
Perform fast likelihood tree search using GTR+I+G model...
CHECKPOINT: Tree restored, LogL: -6046.430
NOTE: ModelFinder requires 12 MB RAM!
ModelFinder will test up to 286 DNA models (sample size: 1106) ...
 No. Model         -LnL         df  AIC          AICc         BIC
  1  GTR+F         8667.787     177 17689.575    17757.476    18576.080
  2  GTR+F+I       6510.349     178 13376.698    13445.440    14268.212
  3  GTR+F+G4      6359.746     178 13075.491    13144.234    13967.005
  4  GTR+F+I+G4    6042.880     179 12443.760    12513.350    13340.283
  5  GTR+F+R2      6392.223     179 13142.446    13212.036    14038.969
  6  GTR+F+R3      6297.648     181 12957.297    13028.600    13863.836
  7  GTR+F+R4      6153.003     183 12672.006    12745.048    13588.563
  8  GTR+F+R5      6134.756     185 12639.512    12714.316    13566.085
  9  GTR+F+R6      6125.877     187 12625.754    12702.347    13562.344
 10  GTR+F+R7      6121.515     189 12621.030    12699.437    13567.638
 17  SYM+I+G4      6044.053     176 12440.106    12507.172    13321.603
 30  TVM+F+I+G4    6139.040     178 12634.080    12702.823    13525.594
 43  TVMe+I+G4     6133.917     175 12617.835    12684.072    13494.323
 56  TIM3+F+I+G4   6046.315     177 12446.631    12514.531    13333.136
 69  TIM3e+I+G4    6047.273     174 12442.546    12507.959    13314.026
 82  TIM2+F+I+G4   6050.334     177 12454.668    12522.569    13341.174
 95  TIM2e+I+G4    6050.846     174 12449.692    12515.105    13321.172
108  TIM+F+I+G4    6048.950     177 12451.901    12519.801    13338.406
121  TIMe+I+G4     6049.035     174 12446.070    12511.484    13317.550
134  TPM3u+F+I+G4  6141.604     176 12635.207    12702.273    13516.704
147  TPM3+F+I+G4   6141.604     176 12635.207    12702.273    13516.704
160  TPM2u+F+I+G4  6144.502     176 12641.003    12708.069    13522.500
173  TPM2+F+I+G4   6144.502     176 12641.003    12708.069    13522.500
186  K3Pu+F+I+G4   6144.123     176 12640.247    12707.312    13521.744
199  K3P+I+G4      6140.123     173 12626.245    12690.842    13492.717
212  TN+F+I+G4     6050.728     176 12453.456    12520.522    13334.953
225  TNe+I+G4      6050.908     173 12447.815    12512.412    13314.287
238  HKY+F+I+G4    6145.185     175 12640.369    12706.606    13516.858
251  K2P+I+G4      6141.214     172 12626.429    12690.214    13487.891
264  F81+F+I+G4    6449.478     174 13246.956    13312.370    14118.436
277  JC+I+G4       6443.390     171 13228.780    13291.761    14085.234
Akaike Information Criterion:           SYM+I+G4
Corrected Akaike Information Criterion: SYM+I+G4
Bayesian Information Criterion:         TIM3e+I+G4
Best-fit model: TIM3e+I+G4 chosen according to BIC

All model information printed to inference_loc_550.fas.model.gz
CPU time for ModelFinder: 0.194 seconds (0h:0m:0s)
Wall-clock time for ModelFinder: 0.268 seconds (0h:0m:0s)
Generating 1000 samples for ultrafast bootstrap (seed: 16764)...
CHECKPOINT: 1000 UFBoot trees and 0 UFBootSplits restored

NOTE: 5 MB RAM (0 GB) is required!
CHECKPOINT: Model parameters restored, LogL: -5976.121
--------------------------------------------------------------------
|             INITIALIZING CANDIDATE TREE SET                      |
--------------------------------------------------------------------
CHECKPOINT: Candidate tree set restored, best LogL: -5976.121
Finish initializing candidate tree set (20)
Current best tree score: -5976.121 / CPU time: 0.000
Number of iterations: 21
--------------------------------------------------------------------
|               OPTIMIZING CANDIDATE TREE SET                      |
--------------------------------------------------------------------
Estimate model parameters (epsilon = 0.100)
BETTER TREE FOUND at iteration 23: -5963.266
Estimate model parameters (epsilon = 0.100)
BETTER TREE FOUND at iteration 26: -5962.689
Iteration 30 / LogL: -5970.130 / Time: 0h:0m:5s (0h:0m:17s left)
Estimate model parameters (epsilon = 0.100)
BETTER TREE FOUND at iteration 31: -5961.862
Estimate model parameters (epsilon = 0.100)
BETTER TREE FOUND at iteration 35: -5961.818
Iteration 40 / LogL: -5964.197 / Time: 0h:0m:7s (0h:0m:18s left)
Iteration 50 / LogL: -5962.328 / Time: 0h:0m:10s (0h:0m:17s left)
Log-likelihood cutoff on original alignment: -6024.673
Estimate model parameters (epsilon = 0.100)
BETTER TREE FOUND at iteration 54: -5960.864
Estimate model parameters (epsilon = 0.100)
BETTER TREE FOUND at iteration 58: -5958.774
Iteration 60 / LogL: -5959.650 / Time: 0h:0m:12s (0h:0m:21s left)
Estimate model parameters (epsilon = 0.100)
BETTER TREE FOUND at iteration 66: -5958.257
Iteration 70 / LogL: -5963.590 / Time: 0h:0m:15s (0h:0m:21s left)
Estimate model parameters (epsilon = 0.100)
BETTER TREE FOUND at iteration 71: -5956.611
slurmstepd: error: *** JOB 309237 ON n078 CANCELLED AT 2024-03-17T19:47:09 ***
