Sun Mar 17 18:23:45 EDT 2024
Wrote concatenated sequences to fasta file 'concatenatedTrain.fasta'
Wrote partitions for the concatenated file to 'partitionsTrain.txt'
IQ-TREE multicore version 2.1.2 COVID-edition for Linux 64-bit built Oct 22 2020
Developed by Bui Quang Minh, James Barbetti, Nguyen Lam Tung,
Olga Chernomor, Heiko Schmidt, Dominik Schrempf, Michael Woodhams.

Host:    n088.cluster.com (AVX512, FMA3, 125 GB RAM)
Command: /home/aknyshov/alex_data/andromeda_tools/iqtree-2.1.2-Linux/bin/iqtree2 -nt 20 -s concatenatedTrain.fasta -spp partitionsTrain.txt -pre inferenceTrain -m MFP -bb 1000 -alrt 1000
Seed:    252623 (Using SPRNG - Scalable Parallel Random Number Generator)
Time:    Sun Mar 17 18:24:41 2024
Kernel:  AVX+FMA - 20 threads (20 CPU cores detected)

Reading partition model file partitionsTrain.txt ...
Reading alignment file concatenatedTrain.fasta ... Fasta format detected
Alignment most likely contains DNA/RNA sequences
Alignment has 129 sequences with 1162119 columns, 968758 distinct patterns
652607 parsimony-informative, 174345 singleton sites, 335167 constant sites
     Gap/Ambiguity  Composition  p-value
   1  1     43.35%    passed      9.17%
   2  10    41.51%    passed     12.35%
   3  100   42.05%    failed      3.32%
   4  101   40.69%    passed     10.67%
   5  102   43.68%    passed      5.66%
   6  103   42.92%    passed     48.70%
   7  104   41.67%    passed     49.66%
   8  105   43.10%    passed     44.79%
   9  106   42.10%    failed      0.43%
  10  107   42.20%    failed      0.07%
  11  108   41.52%    passed     62.16%
  12  109   39.88%    failed      1.40%
  13  11    42.51%    failed      1.31%
  14  110   41.55%    passed     30.95%
  15  111   41.72%    failed      4.53%
  16  112   41.69%    passed      9.03%
  17  113   43.88%    failed      1.13%
  18  114   41.92%    passed     71.26%
  19  115   41.25%    failed      4.83%
  20  116   41.56%    passed     19.16%
  21  117   42.04%    passed     93.16%
  22  118   43.78%    failed      0.60%
  23  119   40.37%    failed      0.28%
  24  12    42.75%    passed     11.37%
  25  120   40.80%    failed      0.04%
  26  121   40.18%    failed      2.72%
  27  122   42.02%    failed      1.84%
  28  123   43.10%    failed      0.15%
  29  124   39.70%    failed      0.00%
  30  125   41.22%    passed      6.20%
  31  126   41.66%    failed      0.92%
  32  127   41.86%    failed      0.30%
  33  128   38.49%    passed     10.32%
  34  129   42.57%    passed     47.40%
  35  13    44.16%    passed     58.01%
  36  14    41.93%    failed      0.02%
  37  15    40.63%    failed      2.20%
  38  16    39.33%    failed      0.46%
  39  17    40.54%    passed     54.07%
  40  18    39.65%    failed      0.24%
  41  19    40.88%    passed      6.02%
  42  2     42.69%    passed     10.57%
  43  20    44.80%    passed     61.83%
  44  21    41.96%    failed      3.33%
  45  22    42.56%    failed      1.95%
  46  23    41.58%    failed      0.50%
  47  24    40.69%    failed      0.15%
  48  25    41.76%    passed     88.16%
  49  26    39.87%    failed      0.04%
  50  27    42.57%    passed     19.59%
  51  28    41.73%    failed      0.00%
  52  29    41.61%    passed     18.19%
  53  3     43.23%    passed      5.70%
  54  30    42.42%    failed      0.83%
  55  31    39.83%    passed     27.65%
  56  32    41.33%    passed     24.44%
  57  33    42.02%    failed      2.13%
  58  34    40.41%    failed      0.10%
  59  35    40.18%    passed     25.17%
  60  36    42.16%    failed      0.42%
  61  37    42.07%    passed     11.65%
  62  38    43.22%    failed      2.41%
  63  39    41.24%    passed     65.67%
  64  4     43.09%    passed     32.13%
  65  40    41.28%    passed     18.28%
  66  41    43.92%    failed      1.78%
  67  42    41.37%    failed      0.19%
  68  43    39.42%    passed     35.44%
  69  44    40.96%    failed      0.06%
  70  45    42.35%    failed      0.16%
  71  46    40.04%    passed     16.69%
  72  47    41.94%    passed      9.39%
  73  48    39.64%    passed      5.60%
  74  49    40.59%    passed     41.84%
  75  5     42.96%    passed     24.24%
  76  50    42.20%    failed      3.55%
  77  51    44.15%    failed      3.53%
  78  52    41.16%    failed      0.63%
  79  53    40.44%    failed      0.54%
  80  54    42.27%    passed     25.46%
  81  55    42.58%    passed     53.42%
  82  56    43.57%    passed      8.51%
  83  57    41.28%    failed      2.06%
  84  58    42.60%    failed      0.02%
  85  59    42.00%    passed     31.78%
  86  6     40.61%    failed      1.29%
  87  60    42.13%    passed     36.38%
  88  61    41.48%    passed     72.85%
  89  62    40.40%    passed      8.90%
  90  63    41.51%    passed     75.02%
  91  64    45.15%    passed     17.16%
  92  65    41.81%    passed     76.92%
  93  66    41.07%    failed      0.48%
  94  67    41.75%    failed      1.03%
  95  68    42.90%    failed      0.00%
  96  69    43.32%    failed      1.58%
  97  7     40.82%    passed     75.18%
  98  70    40.17%    passed     39.15%
  99  71    42.36%    passed     97.94%
 100  72    43.07%    passed     14.86%
 101  73    41.36%    passed     29.65%
 102  74    44.61%    passed      8.05%
 103  75    45.51%    passed     31.16%
 104  76    40.46%    passed     45.64%
 105  77    40.28%    failed      0.01%
 106  78    41.47%    passed     80.79%
 107  79    41.44%    passed      8.88%
 108  8     42.76%    passed      5.42%
 109  80    41.91%    passed     25.28%
 110  81    39.14%    failed      0.09%
 111  82    42.13%    passed     23.20%
 112  83    43.93%    failed      0.13%
 113  84    41.86%    passed     32.05%
 114  85    43.32%    passed     76.60%
 115  86    42.73%    failed      0.00%
 116  87    41.83%    passed     91.79%
 117  88    41.48%    failed      0.02%
 118  89    40.67%    failed      0.36%
 119  9     41.99%    passed     12.01%
 120  90    41.33%    failed      0.13%
 121  91    42.43%    passed      7.21%
 122  92    41.22%    failed      0.09%
 123  93    41.96%    passed     62.28%
 124  94    41.35%    passed      6.75%
 125  95    41.44%    passed     97.91%
 126  96    43.76%    passed      9.55%
 127  97    41.45%    passed     47.18%
 128  98    43.17%    passed     32.72%
 129  99    40.49%    passed     35.85%
****  TOTAL   41.82%  55 sequences failed composition chi2 test (p-value<5%; df=3)

Partition file is not in NEXUS format, assuming RAxML-style partition file...
Subset	Type	Seqs	Sites	Infor	Invar	Model	Name
1	DNA	129	975	778	135	GTR	p1_loc_1000
2	DNA	77	1902	1097	488	GTR	p2_loc_1001
3	DNA	107	1935	1162	385	GTR	p3_loc_1002
4	DNA	77	1398	503	485	GTR	p4_loc_1003
5	DNA	99	1063	714	146	GTR	p5_loc_1004
6	DNA	126	999	608	229	GTR	p6_loc_1005
7	DNA	116	1282	885	240	GTR	p7_loc_1006
8	DNA	98	597	250	163	GTR	p8_loc_1007
9	DNA	69	331	176	61	GTR	p9_loc_1008
10	DNA	72	1398	939	242	GTR	p10_loc_1009
11	DNA	89	1503	790	586	GTR	p11_loc_100
12	DNA	121	225	113	95	GTR	p12_loc_1010
13	DNA	72	432	298	75	GTR	p13_loc_1011
14	DNA	68	576	384	96	GTR	p14_loc_1012
15	DNA	107	625	170	409	GTR	p15_loc_1013
16	DNA	118	738	559	123	GTR	p16_loc_1014
17	DNA	117	1917	1210	364	GTR	p17_loc_1015
18	DNA	104	1779	1359	190	GTR	p18_loc_1016
19	DNA	76	480	92	223	GTR	p19_loc_1017
20	DNA	109	997	819	119	GTR	p20_loc_1018
21	DNA	66	1998	1051	502	GTR	p21_loc_1019
22	DNA	70	1980	355	984	GTR	p22_loc_101
23	DNA	80	1848	437	840	GTR	p23_loc_1020
24	DNA	124	1954	1172	605	GTR	p24_loc_1021
25	DNA	88	1881	594	708	GTR	p25_loc_1022
26	DNA	77	1305	295	958	GTR	p26_loc_1023
27	DNA	118	577	81	483	GTR	p27_loc_1024
28	DNA	103	418	301	115	GTR	p28_loc_1025
29	DNA	86	216	105	51	GTR	p29_loc_1026
30	DNA	118	1536	515	473	GTR	p30_loc_1027
31	DNA	96	1642	1352	253	GTR	p31_loc_1028
32	DNA	99	822	368	381	GTR	p32_loc_1029
33	DNA	68	1836	571	726	GTR	p33_loc_102
34	DNA	121	1026	813	149	GTR	p34_loc_1030
35	DNA	74	1752	1200	300	GTR	p35_loc_1031
36	DNA	72	1149	859	170	GTR	p36_loc_1032
37	DNA	88	297	78	136	GTR	p37_loc_1033
38	DNA	72	1816	312	1318	GTR	p38_loc_1034
39	DNA	69	1320	665	348	GTR	p39_loc_1035
40	DNA	95	1184	1023	128	GTR	p40_loc_1036
41	DNA	67	718	458	197	GTR	p41_loc_1037
42	DNA	123	600	515	26	GTR	p42_loc_1038
43	DNA	123	723	256	221	GTR	p43_loc_1039
44	DNA	106	510	358	103	GTR	p44_loc_103
45	DNA	76	981	204	723	GTR	p45_loc_1040
46	DNA	107	1002	427	401	GTR	p46_loc_1041
47	DNA	74	729	210	449	GTR	p47_loc_1042
48	DNA	127	1560	755	594	GTR	p48_loc_1043
49	DNA	129	1617	529	613	GTR	p49_loc_1044
50	DNA	109	1086	802	155	GTR	p50_loc_1045
51	DNA	81	998	571	339	GTR	p51_loc_1046
52	DNA	112	1254	1047	149	GTR	p52_loc_1047
53	DNA	109	1740	810	390	GTR	p53_loc_1048
54	DNA	70	1891	406	1412	GTR	p54_loc_1049
55	DNA	80	805	637	92	GTR	p55_loc_104
56	DNA	68	299	220	43	GTR	p56_loc_1050
57	DNA	117	1949	885	910	GTR	p57_loc_1051
58	DNA	68	294	172	45	GTR	p58_loc_1052
59	DNA	124	784	661	90	GTR	p59_loc_1053
60	DNA	66	1935	1099	490	GTR	p60_loc_1054
61	DNA	114	1190	1033	100	GTR	p61_loc_1055
62	DNA	105	1950	1281	367	GTR	p62_loc_1056
63	DNA	101	1767	723	472	GTR	p63_loc_1057
64	DNA	102	1932	684	847	GTR	p64_loc_1058
65	DNA	101	1638	1390	119	GTR	p65_loc_1059
66	DNA	76	1722	766	392	GTR	p66_loc_105
67	DNA	96	219	176	15	GTR	p67_loc_1060
68	DNA	113	1143	524	288	GTR	p68_loc_1061
69	DNA	113	1968	838	534	GTR	p69_loc_1062
70	DNA	69	1508	1210	116	GTR	p70_loc_1063
71	DNA	123	2013	1354	445	GTR	p71_loc_1064
72	DNA	67	318	149	143	GTR	p72_loc_1065
73	DNA	72	1517	1341	134	GTR	p73_loc_1066
74	DNA	88	1152	742	275	GTR	p74_loc_1067
75	DNA	119	1553	1158	371	GTR	p75_loc_1068
76	DNA	96	1846	1299	345	GTR	p76_loc_1069
77	DNA	66	1485	360	570	GTR	p77_loc_106
78	DNA	121	2061	1537	383	GTR	p78_loc_1070
79	DNA	99	1768	1104	435	GTR	p79_loc_1071
80	DNA	94	1575	559	641	GTR	p80_loc_1072
81	DNA	74	1068	327	412	GTR	p81_loc_1073
82	DNA	119	1767	591	608	GTR	p82_loc_1074
83	DNA	126	999	291	403	GTR	p83_loc_1075
84	DNA	108	1697	817	596	GTR	p84_loc_1076
85	DNA	114	552	215	213	GTR	p85_loc_1077
86	DNA	87	486	340	86	GTR	p86_loc_1078
87	DNA	100	611	466	68	GTR	p87_loc_1079
88	DNA	108	820	681	119	GTR	p88_loc_107
89	DNA	120	1661	342	1216	GTR	p89_loc_1080
90	DNA	127	390	309	58	GTR	p90_loc_1081
91	DNA	115	1166	375	686	GTR	p91_loc_1082
92	DNA	87	1452	874	275	GTR	p92_loc_1083
93	DNA	70	1218	936	150	GTR	p93_loc_1084
94	DNA	88	812	231	512	GTR	p94_loc_1085
95	DNA	89	1460	1158	164	GTR	p95_loc_1086
96	DNA	80	387	295	55	GTR	p96_loc_1087
97	DNA	125	1446	1014	259	GTR	p97_loc_1088
98	DNA	74	454	64	367	GTR	p98_loc_1089
99	DNA	75	1254	775	356	GTR	p99_loc_108
100	DNA	123	420	146	187	GTR	p100_loc_1090
101	DNA	100	1986	1215	472	GTR	p101_loc_1091
102	DNA	101	1769	1343	266	GTR	p102_loc_1092
103	DNA	101	782	202	523	GTR	p103_loc_1093
104	DNA	118	497	362	131	GTR	p104_loc_1094
105	DNA	120	840	364	231	GTR	p105_loc_1095
106	DNA	88	261	113	100	GTR	p106_loc_1096
107	DNA	73	305	264	21	GTR	p107_loc_1097
108	DNA	77	1572	945	307	GTR	p108_loc_1098
109	DNA	70	1860	1076	568	GTR	p109_loc_1099
110	DNA	72	1038	156	560	GTR	p110_loc_109
111	DNA	101	1255	1007	92	GTR	p111_loc_10
112	DNA	85	498	212	177	GTR	p112_loc_1100
113	DNA	78	1725	822	633	GTR	p113_loc_1101
114	DNA	111	1372	351	891	GTR	p114_loc_1102
115	DNA	100	1485	913	279	GTR	p115_loc_1103
116	DNA	76	1242	211	648	GTR	p116_loc_1104
117	DNA	121	738	515	165	GTR	p117_loc_1105
118	DNA	84	1259	679	456	GTR	p118_loc_1106
119	DNA	82	869	282	478	GTR	p119_loc_1107
120	DNA	105	1167	472	413	GTR	p120_loc_1108
121	DNA	90	260	68	174	GTR	p121_loc_1109
122	DNA	71	1585	1262	192	GTR	p122_loc_110
123	DNA	77	1006	615	330	GTR	p123_loc_1110
124	DNA	71	303	226	59	GTR	p124_loc_1111
125	DNA	95	1088	575	424	GTR	p125_loc_1112
126	DNA	76	1347	1016	238	GTR	p126_loc_1113
127	DNA	122	1788	793	479	GTR	p127_loc_1114
128	DNA	108	1349	757	428	GTR	p128_loc_1115
129	DNA	107	279	202	36	GTR	p129_loc_1116
130	DNA	128	784	714	44	GTR	p130_loc_1117
131	DNA	128	1578	896	327	GTR	p131_loc_1118
132	DNA	73	902	730	131	GTR	p132_loc_1119
133	DNA	105	582	311	142	GTR	p133_loc_111
134	DNA	98	448	404	11	GTR	p134_loc_1120
135	DNA	87	1224	237	615	GTR	p135_loc_1121
136	DNA	72	1908	895	416	GTR	p136_loc_1122
137	DNA	116	1197	832	341	GTR	p137_loc_1123
138	DNA	88	240	150	50	GTR	p138_loc_1124
139	DNA	80	396	140	156	GTR	p139_loc_1125
140	DNA	103	1683	1034	448	GTR	p140_loc_1126
141	DNA	100	1859	1653	74	GTR	p141_loc_1127
142	DNA	104	1080	632	262	GTR	p142_loc_1128
143	DNA	75	486	123	219	GTR	p143_loc_1129
144	DNA	123	237	97	65	GTR	p144_loc_112
145	DNA	120	233	141	73	GTR	p145_loc_1130
146	DNA	79	1092	401	557	GTR	p146_loc_1131
147	DNA	110	1676	1005	402	GTR	p147_loc_1132
148	DNA	92	1059	798	92	GTR	p148_loc_1133
149	DNA	86	927	345	515	GTR	p149_loc_1134
150	DNA	73	1328	507	640	GTR	p150_loc_1135
151	DNA	87	273	52	130	GTR	p151_loc_1136
152	DNA	81	1548	810	365	GTR	p152_loc_1137
153	DNA	125	264	211	40	GTR	p153_loc_1138
154	DNA	77	1584	1182	392	GTR	p154_loc_1139
155	DNA	85	297	39	178	GTR	p155_loc_113
156	DNA	89	692	180	464	GTR	p156_loc_1140
157	DNA	77	1980	1209	393	GTR	p157_loc_1141
158	DNA	124	1984	1337	526	GTR	p158_loc_1142
159	DNA	119	355	264	58	GTR	p159_loc_1143
160	DNA	75	528	174	207	GTR	p160_loc_1144
161	DNA	78	1905	259	1155	GTR	p161_loc_1145
162	DNA	82	813	224	343	GTR	p162_loc_1146
163	DNA	99	1401	1032	289	GTR	p163_loc_1147
164	DNA	92	1953	765	606	GTR	p164_loc_1148
165	DNA	101	278	210	66	GTR	p165_loc_1149
166	DNA	94	1992	1241	372	GTR	p166_loc_114
167	DNA	75	798	389	269	GTR	p167_loc_1150
168	DNA	65	1647	382	708	GTR	p168_loc_1151
169	DNA	75	870	678	65	GTR	p169_loc_1152
170	DNA	115	1164	585	396	GTR	p170_loc_1153
171	DNA	74	1905	1389	178	GTR	p171_loc_1154
172	DNA	107	1186	392	741	GTR	p172_loc_1155
173	DNA	108	503	317	117	GTR	p173_loc_1156
174	DNA	121	1448	538	796	GTR	p174_loc_1157
175	DNA	129	1470	868	363	GTR	p175_loc_1158
176	DNA	100	822	546	124	GTR	p176_loc_1159
177	DNA	73	216	157	16	GTR	p177_loc_115
178	DNA	77	998	827	120	GTR	p178_loc_1160
179	DNA	71	258	67	118	GTR	p179_loc_1161
180	DNA	119	1299	702	353	GTR	p180_loc_1162
181	DNA	99	2067	1731	235	GTR	p181_loc_1163
182	DNA	107	1610	1176	424	GTR	p182_loc_1164
183	DNA	109	408	263	96	GTR	p183_loc_1165
184	DNA	65	2028	962	599	GTR	p184_loc_1166
185	DNA	76	1872	786	796	GTR	p185_loc_1167
186	DNA	96	507	387	80	GTR	p186_loc_1168
187	DNA	119	1577	1324	143	GTR	p187_loc_1169
188	DNA	68	1302	554	384	GTR	p188_loc_116
189	DNA	117	420	310	61	GTR	p189_loc_1170
190	DNA	86	295	69	213	GTR	p190_loc_1171
191	DNA	115	1560	961	270	GTR	p191_loc_1172
192	DNA	86	582	122	254	GTR	p192_loc_1173
193	DNA	109	1371	795	445	GTR	p193_loc_1174
194	DNA	124	755	472	212	GTR	p194_loc_1175
195	DNA	73	879	495	200	GTR	p195_loc_1176
196	DNA	122	662	509	149	GTR	p196_loc_1177
197	DNA	87	1682	942	559	GTR	p197_loc_1178
198	DNA	74	1505	1334	94	GTR	p198_loc_1179
199	DNA	100	498	115	243	GTR	p199_loc_117
200	DNA	95	1682	1181	435	GTR	p200_loc_1180
201	DNA	129	1508	1094	266	GTR	p201_loc_1181
202	DNA	105	1947	1478	298	GTR	p202_loc_1182
203	DNA	77	1238	372	695	GTR	p203_loc_1183
204	DNA	74	486	182	244	GTR	p204_loc_1184
205	DNA	92	597	229	290	GTR	p205_loc_1185
206	DNA	90	1497	494	915	GTR	p206_loc_1186
207	DNA	104	1404	1286	95	GTR	p207_loc_1187
208	DNA	114	855	727	120	GTR	p208_loc_1188
209	DNA	85	1368	1268	28	GTR	p209_loc_1189
210	DNA	80	1608	624	832	GTR	p210_loc_118
211	DNA	124	1326	673	279	GTR	p211_loc_1190
212	DNA	70	1749	1147	223	GTR	p212_loc_1191
213	DNA	114	1143	360	490	GTR	p213_loc_1192
214	DNA	115	429	188	136	GTR	p214_loc_1193
215	DNA	117	1815	949	356	GTR	p215_loc_1194
216	DNA	109	213	87	101	GTR	p216_loc_1195
217	DNA	79	449	347	76	GTR	p217_loc_1196
218	DNA	96	1431	819	299	GTR	p218_loc_1197
219	DNA	108	1818	610	594	GTR	p219_loc_1198
220	DNA	110	1800	1296	172	GTR	p220_loc_1199
221	DNA	103	1035	604	306	GTR	p221_loc_119
222	DNA	115	1023	462	275	GTR	p222_loc_11
223	DNA	123	798	376	217	GTR	p223_loc_1200
224	DNA	84	915	588	128	GTR	p224_loc_1201
225	DNA	93	473	236	196	GTR	p225_loc_1202
226	DNA	112	335	164	140	GTR	p226_loc_1203
227	DNA	108	1105	901	50	GTR	p227_loc_1204
228	DNA	98	1122	615	413	GTR	p228_loc_1205
229	DNA	112	1464	479	590	GTR	p229_loc_1206
230	DNA	116	1938	1382	350	GTR	p230_loc_1207
231	DNA	101	1913	921	739	GTR	p231_loc_1208
232	DNA	69	2034	1070	517	GTR	p232_loc_1209
233	DNA	96	1443	942	412	GTR	p233_loc_120
234	DNA	114	1761	357	900	GTR	p234_loc_1210
235	DNA	111	1603	1423	156	GTR	p235_loc_1211
236	DNA	90	441	134	176	GTR	p236_loc_1212
237	DNA	111	313	294	8	GTR	p237_loc_1213
238	DNA	92	1563	400	558	GTR	p238_loc_1214
239	DNA	111	339	91	131	GTR	p239_loc_1215
240	DNA	95	1524	840	553	GTR	p240_loc_1216
241	DNA	86	1548	1332	59	GTR	p241_loc_1217
242	DNA	79	924	239	386	GTR	p242_loc_1218
243	DNA	110	1233	436	701	GTR	p243_loc_1219
244	DNA	123	1263	570	487	GTR	p244_loc_121
245	DNA	126	1600	1296	182	GTR	p245_loc_1220
246	DNA	86	1110	828	151	GTR	p246_loc_1221
247	DNA	93	1389	227	728	GTR	p247_loc_1222
248	DNA	124	1682	1179	369	GTR	p248_loc_1223
249	DNA	65	1227	443	362	GTR	p249_loc_1224
250	DNA	124	612	470	79	GTR	p250_loc_1225
251	DNA	77	1184	838	147	GTR	p251_loc_1226
252	DNA	112	1608	608	589	GTR	p252_loc_1227
253	DNA	104	762	365	211	GTR	p253_loc_1228
254	DNA	124	239	190	37	GTR	p254_loc_1229
255	DNA	83	901	593	203	GTR	p255_loc_122
256	DNA	100	1476	1248	218	GTR	p256_loc_1230
257	DNA	81	1072	632	171	GTR	p257_loc_1231
258	DNA	65	1983	782	782	GTR	p258_loc_1232
259	DNA	78	807	273	463	GTR	p259_loc_1233
260	DNA	66	1776	1006	422	GTR	p260_loc_1234
261	DNA	87	1311	425	704	GTR	p261_loc_1235
262	DNA	116	1724	1275	302	GTR	p262_loc_1236
263	DNA	83	1939	754	1003	GTR	p263_loc_1237
264	DNA	96	1295	604	581	GTR	p264_loc_1238
265	DNA	111	1422	1253	85	GTR	p265_loc_1239
266	DNA	110	741	134	402	GTR	p266_loc_123
267	DNA	109	1365	782	414	GTR	p267_loc_1240
268	DNA	104	1551	578	626	GTR	p268_loc_1241
269	DNA	86	395	339	40	GTR	p269_loc_1242
270	DNA	70	453	360	84	GTR	p270_loc_1243
271	DNA	72	837	211	561	GTR	p271_loc_1244
272	DNA	87	957	266	363	GTR	p272_loc_1245
273	DNA	128	1872	1199	438	GTR	p273_loc_1246
274	DNA	95	297	125	142	GTR	p274_loc_1247
275	DNA	71	1423	857	227	GTR	p275_loc_1248
276	DNA	104	1146	854	264	GTR	p276_loc_1249
277	DNA	65	1086	698	181	GTR	p277_loc_124
278	DNA	80	1576	618	652	GTR	p278_loc_1250
279	DNA	78	309	155	79	GTR	p279_loc_1251
280	DNA	86	702	481	132	GTR	p280_loc_1252
281	DNA	111	1056	790	240	GTR	p281_loc_1253
282	DNA	91	1314	692	282	GTR	p282_loc_1254
283	DNA	110	1803	738	832	GTR	p283_loc_1255
284	DNA	112	948	576	209	GTR	p284_loc_1256
285	DNA	87	1305	612	330	GTR	p285_loc_1257
286	DNA	72	933	596	96	GTR	p286_loc_1258
287	DNA	85	987	668	137	GTR	p287_loc_1259
288	DNA	83	1047	895	47	GTR	p288_loc_125
289	DNA	76	241	192	8	GTR	p289_loc_1260
290	DNA	118	1602	722	390	GTR	p290_loc_1261
291	DNA	65	1017	78	909	GTR	p291_loc_1262
292	DNA	118	270	262	5	GTR	p292_loc_1263
293	DNA	119	1448	405	927	GTR	p293_loc_1264
294	DNA	122	729	524	138	GTR	p294_loc_1265
295	DNA	80	717	500	110	GTR	p295_loc_1266
296	DNA	105	684	249	241	GTR	p296_loc_1267
297	DNA	81	1683	475	838	GTR	p297_loc_1268
298	DNA	73	1249	760	287	GTR	p298_loc_1269
299	DNA	116	1536	683	733	GTR	p299_loc_126
300	DNA	118	1293	789	226	GTR	p300_loc_1270
301	DNA	108	1524	634	489	GTR	p301_loc_1271
302	DNA	93	890	310	483	GTR	p302_loc_1272
303	DNA	84	1490	1103	357	GTR	p303_loc_1273
304	DNA	128	1951	1579	366	GTR	p304_loc_1274
305	DNA	113	1044	609	227	GTR	p305_loc_1275
306	DNA	93	1329	1000	120	GTR	p306_loc_1276
307	DNA	104	213	61	88	GTR	p307_loc_1277
308	DNA	92	368	295	29	GTR	p308_loc_1278
309	DNA	92	1459	491	817	GTR	p309_loc_1279
310	DNA	99	916	141	730	GTR	p310_loc_127
311	DNA	92	726	407	129	GTR	p311_loc_1280
312	DNA	76	465	86	266	GTR	p312_loc_1281
313	DNA	88	1233	965	188	GTR	p313_loc_1282
314	DNA	68	1581	182	1123	GTR	p314_loc_1283
315	DNA	80	1053	433	317	GTR	p315_loc_1284
316	DNA	79	1137	256	558	GTR	p316_loc_1285
317	DNA	113	1919	1655	185	GTR	p317_loc_1286
318	DNA	92	1845	648	672	GTR	p318_loc_1287
319	DNA	107	1878	593	765	GTR	p319_loc_1288
320	DNA	74	1093	483	496	GTR	p320_loc_1289
321	DNA	87	1587	537	578	GTR	p321_loc_128
322	DNA	125	1154	948	189	GTR	p322_loc_1290
323	DNA	113	1315	1005	218	GTR	p323_loc_1291
324	DNA	109	1159	629	391	GTR	p324_loc_1292
325	DNA	91	341	264	72	GTR	p325_loc_1293
326	DNA	65	1065	247	513	GTR	p326_loc_1294
327	DNA	79	1830	586	558	GTR	p327_loc_1295
328	DNA	112	1947	1170	411	GTR	p328_loc_1296
329	DNA	114	360	245	49	GTR	p329_loc_1297
330	DNA	67	1773	1300	463	GTR	p330_loc_1298
331	DNA	82	714	250	262	GTR	p331_loc_1299
332	DNA	102	1059	693	140	GTR	p332_loc_129
333	DNA	127	492	373	80	GTR	p333_loc_12
334	DNA	108	1968	1306	409	GTR	p334_loc_1300
335	DNA	116	1482	725	275	GTR	p335_loc_1301
336	DNA	72	1704	405	659	GTR	p336_loc_1302
337	DNA	79	297	220	74	GTR	p337_loc_1303
338	DNA	124	1416	603	680	GTR	p338_loc_1304
339	DNA	81	813	202	346	GTR	p339_loc_1305
340	DNA	82	1818	910	383	GTR	p340_loc_1306
341	DNA	108	1068	817	144	GTR	p341_loc_1307
342	DNA	93	1347	1144	105	GTR	p342_loc_1308
343	DNA	101	1992	637	747	GTR	p343_loc_1309
344	DNA	115	1623	1166	136	GTR	p344_loc_130
345	DNA	95	733	367	194	GTR	p345_loc_1310
346	DNA	80	449	233	120	GTR	p346_loc_1311
347	DNA	122	1650	651	446	GTR	p347_loc_1312
348	DNA	80	1343	742	301	GTR	p348_loc_1313
349	DNA	77	338	86	241	GTR	p349_loc_1314
350	DNA	91	615	217	162	GTR	p350_loc_1315
351	DNA	80	708	450	149	GTR	p351_loc_1316
352	DNA	89	1778	1522	190	GTR	p352_loc_1317
353	DNA	100	1815	853	450	GTR	p353_loc_1318
354	DNA	89	1249	887	265	GTR	p354_loc_1319
355	DNA	74	1926	444	983	GTR	p355_loc_131
356	DNA	67	1911	974	497	GTR	p356_loc_1320
357	DNA	101	1014	531	297	GTR	p357_loc_1321
358	DNA	116	1134	435	514	GTR	p358_loc_1322
359	DNA	108	1376	1108	254	GTR	p359_loc_1323
360	DNA	92	1062	851	90	GTR	p360_loc_1324
361	DNA	104	1030	796	41	GTR	p361_loc_1325
362	DNA	108	1486	489	830	GTR	p362_loc_1326
363	DNA	65	1869	1457	185	GTR	p363_loc_1327
364	DNA	66	1039	434	493	GTR	p364_loc_1328
365	DNA	77	785	284	452	GTR	p365_loc_1329
366	DNA	108	1768	1180	282	GTR	p366_loc_132
367	DNA	121	1047	341	434	GTR	p367_loc_1330
368	DNA	80	969	909	43	GTR	p368_loc_1331
369	DNA	78	1385	1244	59	GTR	p369_loc_1332
370	DNA	110	1281	976	188	GTR	p370_loc_1333
371	DNA	86	1022	455	431	GTR	p371_loc_1334
372	DNA	120	1373	477	768	GTR	p372_loc_1335
373	DNA	93	578	321	180	GTR	p373_loc_1336
374	DNA	122	393	272	65	GTR	p374_loc_1337
375	DNA	119	1880	1244	431	GTR	p375_loc_1338
376	DNA	111	1485	1064	170	GTR	p376_loc_1339
377	DNA	119	612	502	83	GTR	p377_loc_133
378	DNA	88	1426	574	699	GTR	p378_loc_1340
379	DNA	85	664	133	490	GTR	p379_loc_1341
380	DNA	82	1494	1223	103	GTR	p380_loc_1342
381	DNA	116	1497	1061	216	GTR	p381_loc_1343
382	DNA	80	1908	1029	324	GTR	p382_loc_1344
383	DNA	128	1802	1434	355	GTR	p383_loc_1345
384	DNA	115	1851	1088	371	GTR	p384_loc_1346
385	DNA	84	1458	1056	270	GTR	p385_loc_1347
386	DNA	89	779	195	531	GTR	p386_loc_1348
387	DNA	127	508	204	265	GTR	p387_loc_1349
388	DNA	118	347	256	88	GTR	p388_loc_134
389	DNA	115	1344	393	798	GTR	p389_loc_1350
390	DNA	79	1719	747	436	GTR	p390_loc_1351
391	DNA	66	1062	404	283	GTR	p391_loc_1352
392	DNA	105	1753	1258	362	GTR	p392_loc_1353
393	DNA	117	2022	1619	309	GTR	p393_loc_1354
394	DNA	97	1860	1516	316	GTR	p394_loc_1355
395	DNA	95	552	410	64	GTR	p395_loc_1356
396	DNA	92	243	83	141	GTR	p396_loc_1357
397	DNA	127	1989	1026	396	GTR	p397_loc_1358
398	DNA	111	1263	883	249	GTR	p398_loc_1359
399	DNA	111	1334	785	338	GTR	p399_loc_135
400	DNA	94	717	403	249	GTR	p400_loc_1360
401	DNA	122	306	243	22	GTR	p401_loc_1361
402	DNA	87	402	130	170	GTR	p402_loc_1362
403	DNA	89	1182	915	170	GTR	p403_loc_1363
404	DNA	88	1797	1019	487	GTR	p404_loc_1364
405	DNA	98	993	437	273	GTR	p405_loc_1365
406	DNA	109	849	553	173	GTR	p406_loc_1366
407	DNA	101	1353	823	426	GTR	p407_loc_1367
408	DNA	75	1474	906	439	GTR	p408_loc_1368
409	DNA	88	276	112	114	GTR	p409_loc_1369
410	DNA	86	1728	692	828	GTR	p410_loc_136
411	DNA	94	1117	880	201	GTR	p411_loc_1370
412	DNA	87	438	175	173	GTR	p412_loc_1371
413	DNA	104	1269	495	430	GTR	p413_loc_1372
414	DNA	84	656	260	317	GTR	p414_loc_1373
415	DNA	92	1070	832	235	GTR	p415_loc_1374
416	DNA	71	2004	1657	172	GTR	p416_loc_1375
417	DNA	123	1002	781	168	GTR	p417_loc_1376
418	DNA	126	1953	566	1236	GTR	p418_loc_1377
419	DNA	95	836	599	215	GTR	p419_loc_1378
420	DNA	117	213	163	17	GTR	p420_loc_1379
421	DNA	65	1311	458	673	GTR	p421_loc_137
422	DNA	68	1353	812	296	GTR	p422_loc_1380
423	DNA	65	799	564	125	GTR	p423_loc_1381
424	DNA	124	1993	1657	179	GTR	p424_loc_1382
425	DNA	82	436	330	70	GTR	p425_loc_1383
426	DNA	67	336	65	202	GTR	p426_loc_1384
427	DNA	85	610	313	254	GTR	p427_loc_1385
428	DNA	98	1252	375	800	GTR	p428_loc_1386
429	DNA	103	1575	330	764	GTR	p429_loc_1387
430	DNA	107	1452	882	351	GTR	p430_loc_1388
431	DNA	77	1092	196	602	GTR	p431_loc_1389
432	DNA	96	588	472	54	GTR	p432_loc_138
433	DNA	65	1683	1255	126	GTR	p433_loc_1390
434	DNA	90	1849	1368	462	GTR	p434_loc_1391
435	DNA	92	965	306	580	GTR	p435_loc_1392
436	DNA	119	687	531	74	GTR	p436_loc_1393
437	DNA	79	1567	1355	51	GTR	p437_loc_1394
438	DNA	129	1686	1254	253	GTR	p438_loc_1395
439	DNA	117	488	435	52	GTR	p439_loc_1396
440	DNA	129	1155	827	253	GTR	p440_loc_1397
441	DNA	123	741	485	128	GTR	p441_loc_1398
442	DNA	102	1726	438	1126	GTR	p442_loc_1399
443	DNA	78	267	19	244	GTR	p443_loc_139
444	DNA	129	1977	1578	338	GTR	p444_loc_13
445	DNA	74	2048	1561	389	GTR	p445_loc_1400
446	DNA	104	708	115	405	GTR	p446_loc_1401
447	DNA	91	1456	617	706	GTR	p447_loc_1402
448	DNA	84	1576	804	623	GTR	p448_loc_1403
449	DNA	125	1940	1725	98	GTR	p449_loc_1404
450	DNA	106	606	309	137	GTR	p450_loc_1405
451	DNA	88	267	154	40	GTR	p451_loc_1406
452	DNA	82	1132	677	270	GTR	p452_loc_1407
453	DNA	123	1413	901	247	GTR	p453_loc_1408
454	DNA	71	1141	942	123	GTR	p454_loc_1409
455	DNA	118	1749	1484	255	GTR	p455_loc_140
456	DNA	65	1982	1477	438	GTR	p456_loc_1410
457	DNA	65	2016	1139	530	GTR	p457_loc_1411
458	DNA	77	848	441	318	GTR	p458_loc_1412
459	DNA	92	1782	883	708	GTR	p459_loc_1413
460	DNA	76	900	632	182	GTR	p460_loc_1414
461	DNA	115	1487	1166	122	GTR	p461_loc_1415
462	DNA	84	966	355	316	GTR	p462_loc_1416
463	DNA	125	1150	944	185	GTR	p463_loc_1417
464	DNA	92	1668	687	497	GTR	p464_loc_1418
465	DNA	127	378	261	70	GTR	p465_loc_1419
466	DNA	85	1734	521	1087	GTR	p466_loc_141
467	DNA	109	383	338	40	GTR	p467_loc_1420
468	DNA	126	1414	671	581	GTR	p468_loc_1421
469	DNA	110	1716	1225	211	GTR	p469_loc_1422
470	DNA	86	1503	457	565	GTR	p470_loc_1423
471	DNA	75	1916	1729	67	GTR	p471_loc_1424
472	DNA	92	1061	217	738	GTR	p472_loc_1425
473	DNA	71	1023	682	220	GTR	p473_loc_1426
474	DNA	115	282	206	58	GTR	p474_loc_1427
475	DNA	109	1995	467	941	GTR	p475_loc_1428
476	DNA	119	804	256	293	GTR	p476_loc_1429
477	DNA	125	1194	385	718	GTR	p477_loc_142
478	DNA	90	552	485	31	GTR	p478_loc_1430
479	DNA	104	287	199	82	GTR	p479_loc_1431
480	DNA	86	2001	1551	344	GTR	p480_loc_1432
481	DNA	106	325	252	45	GTR	p481_loc_1433
482	DNA	115	459	439	6	GTR	p482_loc_1434
483	DNA	99	503	366	115	GTR	p483_loc_1435
484	DNA	98	1059	845	84	GTR	p484_loc_1436
485	DNA	82	681	272	203	GTR	p485_loc_1437
486	DNA	67	1928	540	1185	GTR	p486_loc_1438
487	DNA	65	1431	210	896	GTR	p487_loc_1439
488	DNA	68	501	334	77	GTR	p488_loc_143
489	DNA	97	543	232	149	GTR	p489_loc_1440
490	DNA	78	921	193	380	GTR	p490_loc_1441
491	DNA	75	1293	308	882	GTR	p491_loc_1442
492	DNA	102	840	250	305	GTR	p492_loc_1443
493	DNA	80	1128	966	147	GTR	p493_loc_1444
494	DNA	124	1710	1279	418	GTR	p494_loc_1445
495	DNA	73	1380	1156	76	GTR	p495_loc_1446
496	DNA	126	1869	645	614	GTR	p496_loc_1447
497	DNA	71	1160	490	564	GTR	p497_loc_1448
498	DNA	113	1791	701	550	GTR	p498_loc_1449
499	DNA	107	1956	1559	214	GTR	p499_loc_144
500	DNA	102	993	341	372	GTR	p500_loc_1450
501	DNA	81	1248	214	638	GTR	p501_loc_1451
502	DNA	74	1425	779	330	GTR	p502_loc_1452
503	DNA	95	836	647	161	GTR	p503_loc_1453
504	DNA	103	849	332	243	GTR	p504_loc_1454
505	DNA	89	982	673	235	GTR	p505_loc_1455
506	DNA	71	1148	842	192	GTR	p506_loc_1456
507	DNA	84	664	554	103	GTR	p507_loc_1457
508	DNA	116	576	189	201	GTR	p508_loc_1458
509	DNA	121	441	240	97	GTR	p509_loc_1459
510	DNA	101	418	309	60	GTR	p510_loc_145
511	DNA	91	1002	434	262	GTR	p511_loc_1460
512	DNA	128	1803	1380	319	GTR	p512_loc_1461
513	DNA	92	357	125	144	GTR	p513_loc_1462
514	DNA	77	1077	613	202	GTR	p514_loc_1463
515	DNA	99	2018	1679	322	GTR	p515_loc_1464
516	DNA	115	471	296	64	GTR	p516_loc_1465
517	DNA	71	229	213	6	GTR	p517_loc_1466
518	DNA	98	1518	865	259	GTR	p518_loc_1467
519	DNA	115	1038	510	305	GTR	p519_loc_1468
520	DNA	93	1274	1084	108	GTR	p520_loc_1469
521	DNA	107	1671	785	464	GTR	p521_loc_146
522	DNA	108	1104	851	234	GTR	p522_loc_1470
523	DNA	83	612	472	61	GTR	p523_loc_1471
524	DNA	72	870	211	452	GTR	p524_loc_1472
525	DNA	93	1374	1028	191	GTR	p525_loc_1473
526	DNA	105	1591	251	1279	GTR	p526_loc_1474
527	DNA	84	1818	661	992	GTR	p527_loc_1475
528	DNA	69	1842	848	450	GTR	p528_loc_1476
529	DNA	121	1119	389	355	GTR	p529_loc_1477
530	DNA	117	970	414	467	GTR	p530_loc_1478
531	DNA	100	393	217	99	GTR	p531_loc_1479
532	DNA	119	1696	1503	145	GTR	p532_loc_147
533	DNA	112	512	155	294	GTR	p533_loc_1480
534	DNA	109	846	716	125	GTR	p534_loc_1481
535	DNA	127	250	217	29	GTR	p535_loc_1482
536	DNA	123	372	209	124	GTR	p536_loc_1483
537	DNA	121	1643	847	565	GTR	p537_loc_1484
538	DNA	89	1219	804	294	GTR	p538_loc_1485
539	DNA	88	2040	1087	771	GTR	p539_loc_1486
540	DNA	101	957	442	246	GTR	p540_loc_1487
541	DNA	84	558	327	136	GTR	p541_loc_1488
542	DNA	92	1746	576	1017	GTR	p542_loc_1489
543	DNA	100	516	300	106	GTR	p543_loc_148
544	DNA	86	1365	516	492	GTR	p544_loc_1490
545	DNA	119	705	587	76	GTR	p545_loc_1491
546	DNA	104	1899	1074	408	GTR	p546_loc_1492
547	DNA	108	462	281	83	GTR	p547_loc_1493
548	DNA	75	732	295	241	GTR	p548_loc_1494
549	DNA	125	1600	498	951	GTR	p549_loc_1495
550	DNA	127	590	543	35	GTR	p550_loc_1496
551	DNA	85	1806	1430	285	GTR	p551_loc_1497
552	DNA	69	909	574	268	GTR	p552_loc_1498
553	DNA	84	1959	1506	353	GTR	p553_loc_1499
554	DNA	101	232	110	99	GTR	p554_loc_149
555	DNA	108	1336	495	682	GTR	p555_loc_14
556	DNA	107	1816	1013	339	GTR	p556_loc_1500
557	DNA	67	1836	938	394	GTR	p557_loc_1501
558	DNA	107	1380	485	451	GTR	p558_loc_1502
559	DNA	103	996	511	212	GTR	p559_loc_1503
560	DNA	113	1704	618	468	GTR	p560_loc_1504
561	DNA	91	1700	1019	262	GTR	p561_loc_1505
562	DNA	85	747	150	377	GTR	p562_loc_1506
563	DNA	126	2007	1801	109	GTR	p563_loc_1507
564	DNA	108	2027	1463	324	GTR	p564_loc_1508
565	DNA	85	519	240	131	GTR	p565_loc_1509
566	DNA	127	2163	1566	411	GTR	p566_loc_150
567	DNA	114	1274	929	322	GTR	p567_loc_1510
568	DNA	106	693	336	179	GTR	p568_loc_1511
569	DNA	99	1612	559	911	GTR	p569_loc_1512
570	DNA	101	1068	460	535	GTR	p570_loc_1513
571	DNA	84	1380	438	803	GTR	p571_loc_1514
572	DNA	105	1606	1240	172	GTR	p572_loc_1515
573	DNA	86	582	540	34	GTR	p573_loc_1516
574	DNA	90	261	84	108	GTR	p574_loc_1517
575	DNA	88	1331	480	711	GTR	p575_loc_1518
576	DNA	91	1749	957	440	GTR	p576_loc_1519
577	DNA	89	519	317	131	GTR	p577_loc_151
578	DNA	67	1712	1387	173	GTR	p578_loc_1520
579	DNA	108	280	112	138	GTR	p579_loc_1521
580	DNA	74	1210	753	149	GTR	p580_loc_1522
581	DNA	73	1259	605	549	GTR	p581_loc_1523
582	DNA	76	759	434	106	GTR	p582_loc_1524
583	DNA	116	1729	416	1132	GTR	p583_loc_1525
584	DNA	116	1941	1254	519	GTR	p584_loc_1526
585	DNA	110	571	291	233	GTR	p585_loc_1527
586	DNA	91	1428	1291	69	GTR	p586_loc_1528
587	DNA	89	828	437	133	GTR	p587_loc_1529
588	DNA	127	1275	935	191	GTR	p588_loc_152
589	DNA	117	1380	844	236	GTR	p589_loc_1530
590	DNA	66	1113	306	566	GTR	p590_loc_1531
591	DNA	115	1354	888	279	GTR	p591_loc_1532
592	DNA	89	987	520	239	GTR	p592_loc_1533
593	DNA	113	411	39	352	GTR	p593_loc_1534
594	DNA	89	1773	965	515	GTR	p594_loc_1535
595	DNA	102	1509	812	537	GTR	p595_loc_1536
596	DNA	68	1419	221	842	GTR	p596_loc_1537
597	DNA	122	1422	956	207	GTR	p597_loc_1538
598	DNA	119	399	179	127	GTR	p598_loc_1539
599	DNA	94	380	301	48	GTR	p599_loc_153
600	DNA	107	450	327	79	GTR	p600_loc_1540
601	DNA	66	1496	955	383	GTR	p601_loc_1541
602	DNA	97	1731	1380	167	GTR	p602_loc_1542
603	DNA	100	210	131	30	GTR	p603_loc_1543
604	DNA	89	999	287	381	GTR	p604_loc_1544
605	DNA	82	1815	1117	469	GTR	p605_loc_1545
606	DNA	93	432	259	39	GTR	p606_loc_1546
607	DNA	123	1602	332	1173	GTR	p607_loc_1547
608	DNA	111	794	249	445	GTR	p608_loc_1548
609	DNA	85	550	460	87	GTR	p609_loc_1549
610	DNA	85	312	160	94	GTR	p610_loc_154
611	DNA	65	975	363	529	GTR	p611_loc_1550
612	DNA	72	563	412	55	GTR	p612_loc_1551
613	DNA	123	1183	802	284	GTR	p613_loc_1552
614	DNA	109	960	702	111	GTR	p614_loc_1553
615	DNA	100	461	81	348	GTR	p615_loc_1554
616	DNA	107	1584	493	659	GTR	p616_loc_1555
617	DNA	98	529	441	50	GTR	p617_loc_1556
618	DNA	65	1391	1168	191	GTR	p618_loc_1557
619	DNA	67	530	391	127	GTR	p619_loc_1558
620	DNA	93	440	367	40	GTR	p620_loc_1559
621	DNA	81	615	494	99	GTR	p621_loc_155
622	DNA	124	1506	1234	215	GTR	p622_loc_1560
623	DNA	89	297	159	59	GTR	p623_loc_1561
624	DNA	86	244	186	56	GTR	p624_loc_1562
625	DNA	87	852	664	63	GTR	p625_loc_1563
626	DNA	101	311	203	35	GTR	p626_loc_1564
627	DNA	110	676	549	112	GTR	p627_loc_1565
628	DNA	107	800	130	643	GTR	p628_loc_1566
629	DNA	68	1578	1161	234	GTR	p629_loc_1567
630	DNA	70	1728	422	824	GTR	p630_loc_1568
631	DNA	80	966	380	364	GTR	p631_loc_1569
632	DNA	79	1902	1524	129	GTR	p632_loc_156
633	DNA	77	829	646	174	GTR	p633_loc_1570
634	DNA	127	723	291	270	GTR	p634_loc_1571
635	DNA	80	574	505	47	GTR	p635_loc_1572
636	DNA	90	648	136	334	GTR	p636_loc_1573
637	DNA	70	558	330	109	GTR	p637_loc_1574
638	DNA	103	1571	988	452	GTR	p638_loc_1575
639	DNA	122	1131	891	183	GTR	p639_loc_1576
640	DNA	112	829	491	239	GTR	p640_loc_1577
641	DNA	96	1104	617	236	GTR	p641_loc_1578
642	DNA	123	1419	652	307	GTR	p642_loc_1579
643	DNA	125	815	526	102	GTR	p643_loc_157
644	DNA	116	1683	221	1410	GTR	p644_loc_1580
645	DNA	74	234	123	75	GTR	p645_loc_1581
646	DNA	100	1569	1131	178	GTR	p646_loc_1582
647	DNA	95	977	405	470	GTR	p647_loc_1583
648	DNA	122	408	169	113	GTR	p648_loc_1584
649	DNA	105	765	336	217	GTR	p649_loc_1585
650	DNA	90	1161	520	291	GTR	p650_loc_1586
651	DNA	115	1634	871	483	GTR	p651_loc_1587
652	DNA	120	1368	312	978	GTR	p652_loc_1588
653	DNA	69	1924	1470	381	GTR	p653_loc_1589
654	DNA	124	765	319	336	GTR	p654_loc_158
655	DNA	103	1107	916	77	GTR	p655_loc_1590
656	DNA	126	1575	1456	97	GTR	p656_loc_1591
657	DNA	112	1665	1374	264	GTR	p657_loc_1592
658	DNA	124	1890	1494	212	GTR	p658_loc_1593
659	DNA	87	300	184	57	GTR	p659_loc_1594
660	DNA	93	1177	948	188	GTR	p660_loc_1595
661	DNA	99	1256	420	686	GTR	p661_loc_1596
662	DNA	83	1896	1242	550	GTR	p662_loc_1597
663	DNA	122	992	387	535	GTR	p663_loc_1598
664	DNA	78	1860	1015	432	GTR	p664_loc_1599
665	DNA	107	1154	902	217	GTR	p665_loc_159
666	DNA	90	354	234	51	GTR	p666_loc_15
667	DNA	80	270	89	83	GTR	p667_loc_1600
668	DNA	92	1462	620	719	GTR	p668_loc_1601
669	DNA	109	264	73	118	GTR	p669_loc_1602
670	DNA	82	1440	573	550	GTR	p670_loc_1603
671	DNA	66	1356	771	293	GTR	p671_loc_1604
672	DNA	122	346	303	16	GTR	p672_loc_1605
673	DNA	70	441	132	170	GTR	p673_loc_1606
674	DNA	94	1614	384	660	GTR	p674_loc_1607
675	DNA	102	1488	972	318	GTR	p675_loc_1608
676	DNA	92	573	258	244	GTR	p676_loc_1609
677	DNA	124	1755	1368	364	GTR	p677_loc_160
678	DNA	79	1517	1272	159	GTR	p678_loc_1610
679	DNA	127	1281	574	529	GTR	p679_loc_1611
680	DNA	111	1005	382	343	GTR	p680_loc_1612
681	DNA	105	972	477	235	GTR	p681_loc_1613
682	DNA	98	399	317	44	GTR	p682_loc_1614
683	DNA	123	1797	1325	350	GTR	p683_loc_1615
684	DNA	78	750	206	480	GTR	p684_loc_1616
685	DNA	114	1206	901	248	GTR	p685_loc_1617
686	DNA	90	2019	1050	481	GTR	p686_loc_1618
687	DNA	105	441	256	86	GTR	p687_loc_1619
688	DNA	82	1803	619	654	GTR	p688_loc_161
689	DNA	112	834	612	137	GTR	p689_loc_1620
690	DNA	71	636	386	113	GTR	p690_loc_1621
691	DNA	107	720	261	217	GTR	p691_loc_1622
692	DNA	79	1284	299	551	GTR	p692_loc_1623
693	DNA	67	1716	1375	170	GTR	p693_loc_1624
694	DNA	111	1901	954	764	GTR	p694_loc_1625
695	DNA	120	1005	763	223	GTR	p695_loc_1626
696	DNA	112	1335	599	287	GTR	p696_loc_1627
697	DNA	110	468	285	107	GTR	p697_loc_1628
698	DNA	119	2170	1380	515	GTR	p698_loc_1629
699	DNA	76	1003	290	617	GTR	p699_loc_162
700	DNA	83	651	191	258	GTR	p700_loc_1630
701	DNA	91	1185	775	165	GTR	p701_loc_1631
702	DNA	110	1926	1342	341	GTR	p702_loc_1632
703	DNA	119	1710	1479	79	GTR	p703_loc_1633
704	DNA	90	1424	601	697	GTR	p704_loc_1634
705	DNA	66	1548	499	558	GTR	p705_loc_1635
706	DNA	73	1635	920	290	GTR	p706_loc_1636
707	DNA	129	1932	952	470	GTR	p707_loc_1637
708	DNA	122	1373	1167	106	GTR	p708_loc_1638
709	DNA	79	1254	676	241	GTR	p709_loc_1639
710	DNA	95	1350	433	499	GTR	p710_loc_163
711	DNA	67	1402	918	194	GTR	p711_loc_1640
712	DNA	93	2034	635	904	GTR	p712_loc_1641
713	DNA	65	650	483	136	GTR	p713_loc_1642
714	DNA	101	539	395	133	GTR	p714_loc_1643
715	DNA	84	1410	662	345	GTR	p715_loc_1644
716	DNA	74	1743	1376	159	GTR	p716_loc_1645
717	DNA	96	1552	765	498	GTR	p717_loc_1646
718	DNA	108	844	681	135	GTR	p718_loc_1647
719	DNA	76	807	507	171	GTR	p719_loc_1648
720	DNA	85	1969	1430	525	GTR	p720_loc_1649
721	DNA	65	2004	270	1221	GTR	p721_loc_164
722	DNA	102	1227	667	238	GTR	p722_loc_1650
723	DNA	77	1043	124	884	GTR	p723_loc_1651
724	DNA	98	1878	1359	199	GTR	p724_loc_1652
725	DNA	89	1669	529	996	GTR	p725_loc_1653
726	DNA	111	594	216	173	GTR	p726_loc_1654
727	DNA	102	1449	628	444	GTR	p727_loc_1655
728	DNA	97	1407	1167	230	GTR	p728_loc_1656
729	DNA	82	1000	661	151	GTR	p729_loc_1657
730	DNA	90	1182	403	591	GTR	p730_loc_1658
731	DNA	129	1233	588	533	GTR	p731_loc_1659
732	DNA	123	1285	906	137	GTR	p732_loc_165
733	DNA	84	729	250	238	GTR	p733_loc_1660
734	DNA	115	1788	1476	131	GTR	p734_loc_1661
735	DNA	67	453	103	306	GTR	p735_loc_1662
736	DNA	118	2067	867	490	GTR	p736_loc_1663
737	DNA	102	1477	987	251	GTR	p737_loc_1664
738	DNA	100	327	176	94	GTR	p738_loc_1665
739	DNA	66	951	448	241	GTR	p739_loc_1666
740	DNA	83	351	195	58	GTR	p740_loc_1667
741	DNA	118	1323	511	501	GTR	p741_loc_1668
742	DNA	77	1977	437	926	GTR	p742_loc_1669
743	DNA	86	1425	290	648	GTR	p743_loc_166
744	DNA	86	1707	1029	325	GTR	p744_loc_1670
745	DNA	94	300	205	67	GTR	p745_loc_1671
746	DNA	92	1707	916	418	GTR	p746_loc_1672
747	DNA	72	1455	1028	116	GTR	p747_loc_1673
748	DNA	104	798	380	332	GTR	p748_loc_1674
749	DNA	82	985	785	193	GTR	p749_loc_1675
750	DNA	88	654	348	112	GTR	p750_loc_1676
751	DNA	118	771	592	120	GTR	p751_loc_1677
752	DNA	92	678	307	193	GTR	p752_loc_1678
753	DNA	113	1977	1504	345	GTR	p753_loc_1679
754	DNA	124	1383	1162	160	GTR	p754_loc_167
755	DNA	121	969	684	183	GTR	p755_loc_1680
756	DNA	78	1335	332	666	GTR	p756_loc_1681
757	DNA	117	927	700	91	GTR	p757_loc_1682
758	DNA	128	1386	927	193	GTR	p758_loc_1683
759	DNA	114	1826	1181	418	GTR	p759_loc_1684
760	DNA	125	1761	1354	195	GTR	p760_loc_1685
761	DNA	122	612	187	251	GTR	p761_loc_1686
762	DNA	105	1317	649	324	GTR	p762_loc_1687
763	DNA	80	801	378	231	GTR	p763_loc_1688
764	DNA	110	1229	874	208	GTR	p764_loc_1689
765	DNA	110	691	177	450	GTR	p765_loc_168
766	DNA	125	1690	889	636	GTR	p766_loc_1690
767	DNA	92	1500	981	304	GTR	p767_loc_1691
768	DNA	69	1134	414	398	GTR	p768_loc_1692
769	DNA	89	740	394	274	GTR	p769_loc_1693
770	DNA	91	1846	1611	188	GTR	p770_loc_1694
771	DNA	72	1695	850	354	GTR	p771_loc_1695
772	DNA	101	745	392	296	GTR	p772_loc_1696
773	DNA	86	1083	388	349	GTR	p773_loc_1697
774	DNA	74	1976	802	893	GTR	p774_loc_1698
775	DNA	90	1749	1220	384	GTR	p775_loc_1699
776	DNA	70	412	386	20	GTR	p776_loc_169
777	DNA	93	599	470	128	GTR	p777_loc_16
778	DNA	93	429	397	27	GTR	p778_loc_1700
779	DNA	103	893	494	278	GTR	p779_loc_1701
780	DNA	88	1910	1150	545	GTR	p780_loc_1702
781	DNA	111	670	390	212	GTR	p781_loc_1703
782	DNA	100	414	338	40	GTR	p782_loc_1704
783	DNA	121	1596	959	383	GTR	p783_loc_1705
784	DNA	65	1659	975	348	GTR	p784_loc_1706
785	DNA	102	1341	968	172	GTR	p785_loc_1707
786	DNA	93	1476	686	334	GTR	p786_loc_1708
787	DNA	118	1389	988	279	GTR	p787_loc_1709
788	DNA	69	744	160	439	GTR	p788_loc_170
789	DNA	112	2154	1645	434	GTR	p789_loc_1710
790	DNA	73	496	466	15	GTR	p790_loc_1711
791	DNA	112	1521	416	715	GTR	p791_loc_1712
792	DNA	90	508	125	340	GTR	p792_loc_1713
793	DNA	80	1015	374	560	GTR	p793_loc_1714
794	DNA	68	1367	987	292	GTR	p794_loc_1715
795	DNA	101	380	112	222	GTR	p795_loc_1716
796	DNA	104	1266	848	191	GTR	p796_loc_1717
797	DNA	74	369	129	147	GTR	p797_loc_1718
798	DNA	125	1636	727	753	GTR	p798_loc_1719
799	DNA	105	1761	1123	456	GTR	p799_loc_171
800	DNA	67	1032	656	177	GTR	p800_loc_1720
801	DNA	86	1400	1234	137	GTR	p801_loc_1721
802	DNA	118	1511	229	1240	GTR	p802_loc_1722
803	DNA	86	2028	1857	147	GTR	p803_loc_1723
804	DNA	67	1442	962	253	GTR	p804_loc_1724
805	DNA	110	1300	900	178	GTR	p805_loc_1725
806	DNA	129	1021	485	433	GTR	p806_loc_1726
807	DNA	106	399	233	78	GTR	p807_loc_1727
808	DNA	116	1476	905	333	GTR	p808_loc_1728
809	DNA	102	1116	760	192	GTR	p809_loc_1729
810	DNA	123	1740	1553	155	GTR	p810_loc_172
811	DNA	69	1172	348	709	GTR	p811_loc_1730
812	DNA	109	1998	742	774	GTR	p812_loc_1731
813	DNA	128	2049	1369	275	GTR	p813_loc_1732
814	DNA	128	1545	1041	260	GTR	p814_loc_1733
815	DNA	116	642	376	143	GTR	p815_loc_1734
816	DNA	113	1863	430	893	GTR	p816_loc_1735
817	DNA	87	828	546	161	GTR	p817_loc_1736
818	DNA	86	462	159	182	GTR	p818_loc_1737
819	DNA	81	1836	1385	140	GTR	p819_loc_1738
820	DNA	86	1053	353	627	GTR	p820_loc_1739
821	DNA	71	936	266	309	GTR	p821_loc_173
822	DNA	66	1083	353	502	GTR	p822_loc_1740
823	DNA	121	1086	432	306	GTR	p823_loc_1741
824	DNA	128	1929	1570	108	GTR	p824_loc_1742
825	DNA	70	357	47	204	GTR	p825_loc_1743
826	DNA	90	1459	232	1151	GTR	p826_loc_1744
827	DNA	74	752	308	317	GTR	p827_loc_1745
828	DNA	113	322	248	64	GTR	p828_loc_1746
829	DNA	79	1943	1207	561	GTR	p829_loc_1747
830	DNA	100	1164	660	211	GTR	p830_loc_1748
831	DNA	116	319	264	40	GTR	p831_loc_1749
832	DNA	70	321	91	115	GTR	p832_loc_174
833	DNA	117	1521	495	661	GTR	p833_loc_1750
834	DNA	67	807	360	238	GTR	p834_loc_1751
835	DNA	82	1002	513	276	GTR	p835_loc_1752
836	DNA	75	1574	1142	344	GTR	p836_loc_1753
837	DNA	81	1970	1297	484	GTR	p837_loc_1754
838	DNA	102	357	211	63	GTR	p838_loc_1755
839	DNA	105	1401	590	400	GTR	p839_loc_1756
840	DNA	79	1851	1372	275	GTR	p840_loc_1757
841	DNA	116	1819	1372	305	GTR	p841_loc_1758
842	DNA	71	644	177	388	GTR	p842_loc_1759
843	DNA	95	1855	1640	196	GTR	p843_loc_175
844	DNA	108	1029	669	192	GTR	p844_loc_1760
845	DNA	105	1719	986	267	GTR	p845_loc_1761
846	DNA	91	1116	787	119	GTR	p846_loc_1762
847	DNA	100	835	706	68	GTR	p847_loc_1763
848	DNA	112	1414	723	531	GTR	p848_loc_1764
849	DNA	116	777	598	122	GTR	p849_loc_1765
850	DNA	66	906	474	187	GTR	p850_loc_1766
851	DNA	111	1632	1412	110	GTR	p851_loc_1767
852	DNA	104	1726	1346	222	GTR	p852_loc_1768
853	DNA	108	1488	849	450	GTR	p853_loc_1769
854	DNA	123	1104	802	148	GTR	p854_loc_176
855	DNA	103	1553	1279	261	GTR	p855_loc_1770
856	DNA	109	1830	1051	635	GTR	p856_loc_1771
857	DNA	83	2085	1461	513	GTR	p857_loc_1772
858	DNA	106	575	350	106	GTR	p858_loc_1773
859	DNA	94	1380	599	372	GTR	p859_loc_1774
860	DNA	81	1664	514	1053	GTR	p860_loc_1775
861	DNA	107	1824	1453	313	GTR	p861_loc_1776
862	DNA	112	2034	1583	277	GTR	p862_loc_1777
863	DNA	105	435	126	216	GTR	p863_loc_1778
864	DNA	67	282	179	33	GTR	p864_loc_1779
865	DNA	96	891	758	117	GTR	p865_loc_177
866	DNA	95	1931	706	1066	GTR	p866_loc_1780
867	DNA	126	968	462	407	GTR	p867_loc_1781
868	DNA	70	957	586	156	GTR	p868_loc_1782
869	DNA	88	801	619	92	GTR	p869_loc_1783
870	DNA	79	1790	247	1501	GTR	p870_loc_1784
871	DNA	83	429	191	136	GTR	p871_loc_1785
872	DNA	100	1503	584	424	GTR	p872_loc_1786
873	DNA	89	669	328	274	GTR	p873_loc_1787
874	DNA	98	531	211	212	GTR	p874_loc_1788
875	DNA	86	233	221	7	GTR	p875_loc_1789
876	DNA	70	1161	632	288	GTR	p876_loc_178
877	DNA	90	1384	1275	68	GTR	p877_loc_1790
878	DNA	92	610	435	82	GTR	p878_loc_1791
879	DNA	120	561	212	307	GTR	p879_loc_1792
880	DNA	88	1026	579	199	GTR	p880_loc_1793
881	DNA	98	1338	1150	117	GTR	p881_loc_1794
882	DNA	98	1782	1105	301	GTR	p882_loc_1795
883	DNA	80	1847	657	1039	GTR	p883_loc_1796
884	DNA	125	1021	812	179	GTR	p884_loc_1797
885	DNA	114	912	703	161	GTR	p885_loc_1798
886	DNA	111	834	625	118	GTR	p886_loc_1799
887	DNA	125	623	161	427	GTR	p887_loc_179
888	DNA	125	409	242	130	GTR	p888_loc_17
889	DNA	127	897	717	153	GTR	p889_loc_1800
890	DNA	102	1361	511	700	GTR	p890_loc_1801
891	DNA	97	2117	1541	317	GTR	p891_loc_1802
892	DNA	84	1178	1051	35	GTR	p892_loc_1803
893	DNA	85	812	702	74	GTR	p893_loc_1804
894	DNA	71	2058	1917	83	GTR	p894_loc_1805
895	DNA	74	714	285	215	GTR	p895_loc_1806
896	DNA	94	1965	1460	194	GTR	p896_loc_1807
897	DNA	104	1104	845	233	GTR	p897_loc_1808
898	DNA	107	1721	539	1035	GTR	p898_loc_1809
899	DNA	102	1883	999	715	GTR	p899_loc_180
900	DNA	120	666	539	112	GTR	p900_loc_1810
901	DNA	75	1257	386	536	GTR	p901_loc_1811
902	DNA	89	225	70	77	GTR	p902_loc_1812
903	DNA	85	467	231	156	GTR	p903_loc_1813
904	DNA	93	1170	106	1029	GTR	p904_loc_1814
905	DNA	90	1287	1000	259	GTR	p905_loc_1815
906	DNA	115	1732	921	648	GTR	p906_loc_1816
907	DNA	100	2070	1824	229	GTR	p907_loc_1817
908	DNA	84	649	535	108	GTR	p908_loc_1818
909	DNA	129	1581	657	827	GTR	p909_loc_1819
910	DNA	75	471	315	88	GTR	p910_loc_181
911	DNA	69	1419	510	755	GTR	p911_loc_1820
912	DNA	67	1178	497	340	GTR	p912_loc_1821
913	DNA	104	343	213	87	GTR	p913_loc_1822
914	DNA	87	720	327	287	GTR	p914_loc_1823
915	DNA	125	1539	1236	96	GTR	p915_loc_1824
916	DNA	107	828	792	34	GTR	p916_loc_1825
917	DNA	70	418	301	114	GTR	p917_loc_1826
918	DNA	82	1379	350	948	GTR	p918_loc_1827
919	DNA	121	1811	1667	84	GTR	p919_loc_1828
920	DNA	74	693	265	327	GTR	p920_loc_1829
921	DNA	82	565	144	387	GTR	p921_loc_182
922	DNA	93	414	326	34	GTR	p922_loc_1830
923	DNA	127	794	322	402	GTR	p923_loc_1831
924	DNA	98	1882	1550	165	GTR	p924_loc_1832
925	DNA	65	344	318	10	GTR	p925_loc_1833
926	DNA	115	1569	1293	211	GTR	p926_loc_1834
927	DNA	103	1498	816	519	GTR	p927_loc_1835
928	DNA	77	1952	767	895	GTR	p928_loc_1836
929	DNA	81	1846	1012	709	GTR	p929_loc_1837
930	DNA	101	1119	198	566	GTR	p930_loc_1838
931	DNA	101	272	30	220	GTR	p931_loc_1839
932	DNA	81	1146	155	698	GTR	p932_loc_183
933	DNA	109	255	189	26	GTR	p933_loc_1840
934	DNA	91	1647	1299	137	GTR	p934_loc_1841
935	DNA	85	1041	677	128	GTR	p935_loc_1842
936	DNA	119	1155	927	141	GTR	p936_loc_1843
937	DNA	115	1476	503	558	GTR	p937_loc_1844
938	DNA	107	1913	1155	491	GTR	p938_loc_1845
939	DNA	79	1368	937	196	GTR	p939_loc_1846
940	DNA	115	2016	1811	169	GTR	p940_loc_1847
941	DNA	74	1185	229	579	GTR	p941_loc_1848
942	DNA	83	465	137	191	GTR	p942_loc_1849
943	DNA	77	816	407	306	GTR	p943_loc_184
944	DNA	92	1957	1117	424	GTR	p944_loc_1850
945	DNA	122	423	246	144	GTR	p945_loc_1851
946	DNA	126	1918	1125	195	GTR	p946_loc_1852
947	DNA	69	348	322	4	GTR	p947_loc_1853
948	DNA	80	261	149	63	GTR	p948_loc_1854
949	DNA	69	2037	1677	237	GTR	p949_loc_1855
950	DNA	118	1872	819	905	GTR	p950_loc_1856
951	DNA	93	774	399	135	GTR	p951_loc_1857
952	DNA	66	525	154	197	GTR	p952_loc_1858
953	DNA	77	762	336	222	GTR	p953_loc_1859
954	DNA	99	1875	789	702	GTR	p954_loc_185
955	DNA	116	1260	404	429	GTR	p955_loc_1860
956	DNA	114	321	121	115	GTR	p956_loc_1861
957	DNA	93	1185	301	528	GTR	p957_loc_1862
958	DNA	91	627	403	87	GTR	p958_loc_1863
959	DNA	94	1314	736	266	GTR	p959_loc_1864
960	DNA	97	1494	818	285	GTR	p960_loc_1865
961	DNA	69	585	132	321	GTR	p961_loc_1866
962	DNA	124	1731	1002	401	GTR	p962_loc_1867
963	DNA	106	1545	1155	356	GTR	p963_loc_1868
964	DNA	76	888	578	180	GTR	p964_loc_1869
965	DNA	109	493	410	83	GTR	p965_loc_186
966	DNA	65	1689	488	1004	GTR	p966_loc_1870
967	DNA	125	790	226	537	GTR	p967_loc_1871
968	DNA	120	1895	865	868	GTR	p968_loc_1872
969	DNA	83	1478	562	813	GTR	p969_loc_1873
970	DNA	119	1218	851	197	GTR	p970_loc_1874
971	DNA	65	1219	886	295	GTR	p971_loc_1875
972	DNA	116	1323	468	400	GTR	p972_loc_1876
973	DNA	75	530	152	302	GTR	p973_loc_1877
974	DNA	91	1119	771	158	GTR	p974_loc_1878
975	DNA	100	771	423	243	GTR	p975_loc_1879
976	DNA	92	1917	1195	353	GTR	p976_loc_187
977	DNA	128	1393	1089	173	GTR	p977_loc_1880
978	DNA	110	792	531	140	GTR	p978_loc_1881
979	DNA	85	996	536	161	GTR	p979_loc_1882
980	DNA	128	1419	1152	108	GTR	p980_loc_1883
981	DNA	83	1579	554	879	GTR	p981_loc_1884
982	DNA	88	1110	804	300	GTR	p982_loc_1885
983	DNA	95	2091	1622	326	GTR	p983_loc_1886
984	DNA	105	1592	927	487	GTR	p984_loc_1887
985	DNA	89	648	519	118	GTR	p985_loc_1888
986	DNA	117	1699	494	994	GTR	p986_loc_1889
987	DNA	126	1485	408	598	GTR	p987_loc_188
988	DNA	85	1669	543	1017	GTR	p988_loc_1890
989	DNA	78	633	332	123	GTR	p989_loc_1891
990	DNA	78	1490	1028	319	GTR	p990_loc_1892
991	DNA	94	1425	359	713	GTR	p991_loc_1893
992	DNA	105	909	467	328	GTR	p992_loc_1894
993	DNA	102	475	212	188	GTR	p993_loc_1895
994	DNA	128	977	604	255	GTR	p994_loc_1896
995	DNA	115	313	231	15	GTR	p995_loc_1897
996	DNA	103	1158	322	468	GTR	p996_loc_1898
997	DNA	127	1006	197	759	GTR	p997_loc_1899
998	DNA	65	1952	333	1521	GTR	p998_loc_189
999	DNA	120	1143	980	136	GTR	p999_loc_18
1000	DNA	92	456	100	214	GTR	p1000_loc_1900
Degree of missing data: 0.249
Info: multi-threading strategy over partitions



Create initial parsimony tree by phylogenetic likelihood library (PLL)... 11.249 seconds
Perform fast likelihood tree search using GTR+I+G model...
Estimate model parameters (epsilon = 5.000)
Initial log-likelihood: -25323047.699
Current log-likelihood at step 1: -23761556.349
Current log-likelihood at step 2: -23616805.095
Current log-likelihood at step 3: -23589931.580
Current log-likelihood at step 4: -23579538.611
Current log-likelihood at step 5: -23571142.201
Current log-likelihood at step 6: -23565162.158
Current log-likelihood at step 7: -23561481.434
Current log-likelihood at step 8: -23559502.260
Current log-likelihood at step 9: -23558674.149
Current log-likelihood at step 10: -23556955.465
Current log-likelihood at step 11: -23555492.655
Current log-likelihood at step 12: -23554483.553
Current log-likelihood at step 13: -23551204.750
Current log-likelihood at step 14: -23550764.732
Current log-likelihood at step 15: -23549760.342
Current log-likelihood at step 16: -23548105.468
Current log-likelihood at step 17: -23545532.843
Current log-likelihood at step 18: -23544883.491
Current log-likelihood at step 19: -23544664.233
Current log-likelihood at step 20: -23544566.798
Current log-likelihood at step 21: -23544466.876
Current log-likelihood at step 22: -23544343.673
Current log-likelihood at step 23: -23544177.050
Current log-likelihood at step 24: -23542944.292
Current log-likelihood at step 25: -23541570.023
Current log-likelihood at step 26: -23540268.071
Current log-likelihood at step 27: -23539431.116
Current log-likelihood at step 28: -23539342.901
Current log-likelihood at step 29: -23539238.170
Current log-likelihood at step 30: -23538804.242
Current log-likelihood at step 31: -23538348.679
Current log-likelihood at step 32: -23538325.465
Current log-likelihood at step 33: -23538286.295
Current log-likelihood at step 34: -23537838.699
Current log-likelihood at step 35: -23537246.146
Current log-likelihood at step 36: -23537117.161
Current log-likelihood at step 37: -23536524.424
Current log-likelihood at step 38: -23536446.556
Current log-likelihood at step 39: -23536436.494
Current log-likelihood at step 40: -23536428.126
Current log-likelihood at step 41: -23535623.995
Current log-likelihood at step 42: -23535381.818
Current log-likelihood at step 43: -23535376.039
Current log-likelihood at step 44: -23535356.139
Current log-likelihood at step 45: -23535264.613
Current log-likelihood at step 46: -23535252.953
Current log-likelihood at step 47: -23535248.488
Parameters optimization took 46 rounds (1510.107 sec)

Perform nearest neighbor interchange...
Estimate model parameters (epsilon = 1.000)
Initial log-likelihood: -23533845.075
Current log-likelihood at step 1: -23533237.729
Current log-likelihood at step 2: -23532948.694
Current log-likelihood at step 3: -23532925.003
Current log-likelihood at step 4: -23532911.374
Current log-likelihood at step 5: -23532888.129
Current log-likelihood at step 6: -23532880.226
Current log-likelihood at step 7: -23532874.353
Current log-likelihood at step 8: -23532870.006
Current log-likelihood at step 9: -23532865.849
Current log-likelihood at step 10: -23532862.601
Current log-likelihood at step 11: -23532859.200
Current log-likelihood at step 12: -23532856.585
Current log-likelihood at step 13: -23532853.746
Current log-likelihood at step 14: -23532851.548
Current log-likelihood at step 15: -23532849.219
Current log-likelihood at step 16: -23532847.177
Current log-likelihood at step 17: -23532845.286
Current log-likelihood at step 18: -23532843.392
Current log-likelihood at step 19: -23532841.733
Current log-likelihood at step 20: -23532840.001
Current log-likelihood at step 21: -23532838.419
Current log-likelihood at step 22: -23532836.889
Current log-likelihood at step 23: -23532835.418
Current log-likelihood at step 24: -23532833.946
Current log-likelihood at step 25: -23532832.491
Current log-likelihood at step 26: -23532831.092
Current log-likelihood at step 27: -23532829.717
Current log-likelihood at step 28: -23532828.401
Current log-likelihood at step 29: -23532827.110
Current log-likelihood at step 30: -23532825.825
Current log-likelihood at step 31: -23532824.604
Current log-likelihood at step 32: -23532823.372
Current log-likelihood at step 33: -23532822.232
Current log-likelihood at step 34: -23532821.045
Current log-likelihood at step 35: -23532819.932
Current log-likelihood at step 36: -23532818.806
Current log-likelihood at step 37: -23532817.715
Current log-likelihood at step 38: -23532816.651
Current log-likelihood at step 39: -23532815.592
Current log-likelihood at step 40: -23532814.543
Current log-likelihood at step 41: -23532813.531
Current log-likelihood at step 42: -23532812.501
Current log-likelihood at step 43: -23532811.532
Partition-specific rates:  0.421 0.460 0.259 0.179 0.316 0.260 0.494 0.207 0.317 0.532 1.856 1.858 0.549 0.457 0.491 0.487 0.250 0.482 0.109 0.597 0.390 0.120 0.112 1.149 0.156 0.598 0.664 0.326 0.210 0.128 0.500 1.217 0.159 0.423 0.410 0.559 0.118 0.284 0.351 0.845 1.132 0.377 0.109 0.573 0.514 0.225 0.412 0.681 0.105 0.405 1.494 0.730 0.195 0.396 0.557 1.169 1.180 0.358 0.631 0.336 0.589 0.319 0.173 0.163 0.574 0.238 0.547 0.195 0.173 0.560 0.481 0.498 1.051 0.405 0.561 0.420 0.142 0.436 0.332 0.135 0.162 0.121 0.101 0.380 0.161 0.421 0.544 0.640 0.725 0.422 0.431 0.327 0.535 0.691 0.521 0.538 3.184 0.527 1.349 0.350 0.672 0.536 0.417 0.923 0.140 0.326 0.728 0.424 0.981 0.089 0.435 0.251 0.703 0.515 0.340 0.092 0.535 0.840 0.480 0.143 0.909 0.884 1.441 0.836 1.578 0.581 0.148 1.364 0.439 0.591 0.285 0.639 0.236 0.565 0.088 0.279 0.619 0.379 0.149 0.988 0.479 0.263 0.121 0.137 1.852 0.483 0.537 0.476 0.972 0.719 0.112 0.259 0.808 0.465 0.072 0.383 0.384 1.060 1.227 0.162 0.072 0.108 0.676 0.150 0.447 0.282 0.289 0.166 0.564 0.209 0.454 0.953 0.272 1.580 0.528 0.320 0.468 1.085 0.141 0.208 0.608 0.329 0.428 0.314 0.721 0.479 0.429 0.268 0.384 0.845 0.249 0.103 1.188 1.094 0.570 0.830 0.651 0.764 0.089 0.569 0.357 0.475 0.453 0.721 0.527 0.756 0.772 1.353 0.690 0.961 0.181 0.437 0.089 0.154 0.191 0.158 0.919 0.227 0.126 0.289 1.093 0.171 0.185 0.336 0.974 1.345 0.369 1.652 0.102 0.388 0.606 0.359 1.614 0.075 1.407 0.123 0.592 0.128 0.101 0.513 0.596 0.141 0.701 0.186 1.015 0.562 0.081 0.342 0.202 0.402 0.424 0.114 0.191 0.484 1.706 1.224 0.331 0.215 1.119 0.406 0.593 0.519 1.027 0.591 0.476 0.086 0.876 0.174 0.831 1.841 1.005 0.134 0.316 0.607 0.413 0.648 0.516 0.261 0.319 231.838 0.595 0.204 0.396 0.273 0.228 0.411 0.439 0.583 0.540 0.139 0.196 0.913 1.176 0.469 0.528 0.124 0.120 0.589 0.963 0.224 0.151 1.214 0.904 0.984 0.223 0.455 0.139 0.507 0.854 0.356 0.301 0.089 1.872 0.057 0.200 0.111 0.929 0.131 0.112 0.437 0.130 0.746 0.471 1.143 0.483 0.137 0.164 0.263 0.271 0.506 0.179 0.324 0.382 0.270 0.195 0.158 0.933 1.171 0.135 0.243 0.408 0.666 0.137 0.305 0.508 0.295 0.132 0.331 1.287 0.158 0.465 0.891 0.185 0.630 0.127 0.392 0.214 0.377 0.387 0.539 0.356 0.435 0.647 0.864 1.733 0.339 0.095 0.951 0.817 0.489 0.690 0.505 0.331 0.370 0.301 0.340 0.614 1.070 0.534 0.513 0.308 0.291 0.616 0.239 0.776 1.042 1.991 0.715 0.271 0.250 0.228 0.826 1.658 1.130 0.474 2.122 0.170 0.362 0.250 2.179 0.331 0.149 0.625 0.360 0.159 0.293 1.560 1.729 0.347 0.479 1.221 0.156 0.161 0.376 1.085 0.673 0.424 1.180 0.554 0.512 0.379 0.380 1.280 1.869 50.979 0.102 1.404 1.083 0.089 0.298 0.091 0.470 0.600 0.856 0.459 0.429 1.143 0.576 1.350 0.477 0.290 0.298 0.392 0.656 0.863 0.067 0.602 1.485 0.534 0.182 0.328 0.341 0.265 0.725 0.764 1.057 0.417 1.580 1.137 0.501 0.345 0.176 1.234 0.150 0.373 1.083 0.757 1.117 0.328 0.140 0.775 0.660 1.150 0.429 0.077 0.110 1.799 0.506 0.574 0.684 0.552 0.555 0.653 0.456 0.222 0.481 0.074 0.493 0.166 0.124 0.369 0.120 0.937 0.685 0.681 0.114 1.966 0.136 1.281 0.141 0.090 0.347 0.651 0.167 1.971 1.600 0.895 0.109 0.211 0.479 0.210 0.433 0.149 0.360 0.569 0.309 1.115 0.232 0.197 0.581 0.178 0.850 0.512 0.118 0.433 0.470 0.893 0.278 0.126 0.594 0.250 0.684 0.588 1.168 0.948 0.905 0.511 0.367 1.765 0.162 0.289 1.035 0.253 0.173 0.456 0.227 0.292 0.178 0.480 1.936 1.329 1.299 0.624 1.024 0.198 0.202 0.263 0.136 0.233 0.143 0.282 0.086 0.517 0.530 0.221 1.590 0.465 0.208 0.944 1.570 0.522 0.388 1.719 0.109 0.857 0.343 0.275 1.252 0.925 0.372 1.424 0.343 0.238 0.977 1.407 0.698 0.266 0.396 0.242 0.120 0.273 0.260 0.207 0.238 0.265 0.073 0.265 0.171 0.934 0.352 1.090 0.439 0.273 0.126 0.837 0.322 0.541 0.488 0.877 0.254 1.224 0.476 0.328 0.325 0.464 0.113 0.777 1.105 1.086 0.756 0.769 0.539 0.268 1.175 0.424 0.320 1.137 0.804 0.574 0.130 0.152 0.862 0.807 0.133 0.955 0.080 0.403 1.049 0.422 0.272 0.264 0.162 0.270 0.672 0.588 0.418 0.989 0.156 0.166 0.250 0.460 0.534 0.739 0.285 0.491 1.594 0.525 0.387 0.325 0.544 0.399 1.451 1.522 0.347 0.635 0.312 0.155 1.211 0.097 0.219 0.385 1.161 0.151 0.115 0.380 0.322 0.598 0.665 0.201 0.116 0.181 0.467 0.448 1.463 0.547 0.220 0.241 0.154 0.385 0.383 0.138 0.141 0.724 0.805 1.068 0.176 0.291 62.255 0.407 0.126 0.360 0.322 0.594 0.776 0.171 0.279 0.191 0.442 0.264 0.140 0.484 0.117 0.758 0.457 0.260 0.735 0.411 0.723 0.413 0.659 0.081 0.233 0.317 0.363 1.309 0.146 0.190 1.258 0.396 0.291 0.698 0.308 0.144 0.429 0.394 0.154 0.360 0.681 0.255 0.288 0.150 0.118 0.111 0.317 0.547 0.228 0.462 0.990 0.467 0.267 0.441 0.176 0.589 0.586 0.299 0.110 0.370 0.259 105.826 0.415 0.105 0.214 0.238 0.611 0.366 1.558 0.325 0.238 1.137 0.772 0.301 1.226 0.175 0.863 0.543 1.410 1.066 1.033 1.193 1.605 2.230 0.444 0.259 0.435 0.382 0.203 0.437 0.104 0.569 0.748 0.089 0.812 1.447 2.530 0.348 0.336 0.177 0.941 0.315 0.481 1.094 0.508 1.243 0.502 0.351 1.339 0.245 0.299 0.355 0.870 0.758 0.132 0.277 0.297 0.261 0.079 0.381 0.200 0.378 1.198 0.159 0.230 0.146 0.426 0.087 0.363 0.548 1.037 0.866 0.243 0.546 0.180 0.094 0.235 0.240 1.456 2.123 0.363 0.186 0.585 0.664 0.346 0.967 0.301 0.261 0.413 2.083 1.439 0.518 0.411 0.555 1.389 0.331 0.423 1.224 0.471 0.581 0.260 0.194 0.942 0.656 0.605 0.115 0.451 0.914 1.707 0.460 0.318 0.463 0.663 0.231 0.165 1.525 0.172 1.039 0.286 1.395 0.496 1.389 0.284 1.777 0.274 1.568 0.449 0.473 0.380 1.102 1.754 0.634 0.796 0.435 0.710 1.068 1.150 0.199 0.422 0.860 0.838 1.177 0.803 0.154 0.133 0.322 0.297 0.673 1.284 1.381 1.120 1.453 0.383 0.483 0.410 0.512 0.712 0.359 1.524 0.600 0.943 0.647 0.453 0.606 0.436 1.284 0.586 0.825 0.557 1.215 0.269 0.940 0.079 1.167 0.070 0.441 0.557 0.390 0.980 0.116 0.431 0.401 1.099 0.102 0.135 0.472 0.240 1.838 0.207 0.918 0.337 1.056 1.401 0.247 0.155 0.242 0.170 0.118 0.128 0.123 0.322 0.304 0.207 0.139 0.228 0.531 0.495 1.093 0.556 1.316 1.396 1.513 0.279 0.760 0.127 0.371 0.333 0.893 0.321 0.336 0.314 0.268 0.431 0.994 0.526 0.546 1.373 0.927 0.273 0.092 1.446 0.279 0.542 0.090 0.583 0.809 0.406 0.305 0.121 0.428 0.675 0.683 0.093
Parameters optimization took 42 rounds (841.364 sec)

Time for fast ML tree search: 2454.655 seconds

NOTE: ModelFinder requires 1631 MB RAM!
Selecting individual models for 1000 charsets using BIC...
 No. Model        Score       TreeLen     Charset
WARNING: Log-likelihood -60066.9 of GTR+F+R3 worse than GTR+F+R2 -60065.8
   1 K2P+R2       104992.329  6.423       p824_loc_1742
WARNING: Log-likelihood -41217.3 of GTR+F+R4 worse than GTR+F+R3 -41215.8
   2 K2P+I+G4     58434.446   2.882       p707_loc_1637
   3 TPM2+F+I+G4  78359.367   4.146       p813_loc_1732
   4 JC+I+G4      186109.650  15.111      p940_loc_1847
   5 TN+F+I+G4    82496.484   5.623       p658_loc_1593
   6 TVMe+I       121417.748  7.556       p563_loc_1507
   7 TIM+F+I      120178.677  9.225       p919_loc_1828
   8 K3Pu+F+I+G4  121085.470  7.650       p789_loc_1710
WARNING: Log-likelihood -117828 of TVM+F+R4 worse than TVM+F+R3 -117827
WARNING: Log-likelihood -60186.4 of GTR+F+R4 worse than GTR+F+R3 -60181.3
   9 K2P+G4       50361.017   2.523       p397_loc_1358
  10 TIM2e+I+G4   90673.570   6.052       p760_loc_1685	0h:1m:42s (2h:48m:36s left)
  11 K2P+G4       48604.261   2.175       p736_loc_1663	0h:1m:45s (2h:37m:22s left)
  12 K3P          61674.337   3.043       p946_loc_1852	0h:1m:45s (2h:24m:31s left)
  13 TVM+F+I      121257.587  7.776       p449_loc_1404	0h:1m:54s (2h:24m:30s left)
  14 K2P+I+G4     120400.954  7.946       p862_loc_1777	0h:1m:59s (2h:20m:0s left)
  15 TIM2e+I+G4   106305.476  7.968       p753_loc_1679	0h:2m:0s (2h:11m:55s left)
WARNING: Log-likelihood -45684.7 of GTR+F+R4 worse than GTR+F+R3 -45682.9
  16 K2P+I+G4     83552.535   5.348       p230_loc_1207	0h:2m:14s (2h:17m:27s left)
WARNING: Log-likelihood -117804 of TVMe+R4 worse than TVMe+R3 -117803
  17 K2P+I+G4     62447.446   3.483       p17_loc_1015	0h:2m:29s (2h:23m:42s left)
  18 TPM2+F+I+G4  91422.025   5.869       p734_loc_1661	0h:2m:31s (2h:17m:52s left)
  19 K2P+I+G4     76236.301   4.652       p273_loc_1246	0h:2m:43s (2h:20m:59s left)
  20 TIMe+I       106055.000  8.376       p703_loc_1633	0h:2m:50s (2h:18m:58s left)
  21 K2P+I        119228.785  9.227       p383_loc_1345	0h:2m:52s (2h:14m:21s left)
  22 TNe+R3       103179.860  6.764       p564_loc_1508	0h:3m:18s (2h:27m:9s left)
  23 K2P+I+G4     88995.868   6.457       p683_loc_1615	0h:3m:38s (2h:34m:50s left)
  24 K2P+R4       173427.071  19.549      p71_loc_1064	0h:4m:17s (2h:54m:23s left)
WARNING: Log-likelihood -119537 of TPM3u+F+R4 worse than TPM3u+F+R3 -119536
  25 TNe+R5       155496.280  15.080      p499_loc_144	0h:4m:24s (2h:51m:41s left)
  26 TVMe+R3      202276.405  23.520      p566_loc_150	0h:4m:45s (2h:58m:5s left)
  27 TNe+I        117725.832  9.575       p532_loc_147	0h:4m:48s (2h:53m:16s left)
  28 K2P+I+G4     75634.118   4.261       p702_loc_1632	0h:5m:6s (2h:57m:26s left)
WARNING: Log-likelihood -119537 of TPM3+F+R4 worse than TPM3+F+R3 -119536
WARNING: Log-likelihood -50246.4 of GTR+F+R4 worse than GTR+F+R3 -50242.2
  29 TNe+R2       183998.687  25.627      p698_loc_1629	0h:5m:34s (3h:6m:26s left)
  30 K2P+I+G4     100522.030  7.369       p181_loc_1163	0h:5m:40s (3h:3m:18s left)
  31 TVMe+R2      106307.266  8.725       p438_loc_1395	0h:5m:43s (2h:58m:44s left)
WARNING: Log-likelihood -49232.8 of GTR+F+R6 worse than GTR+F+R5 -49041.4
WARNING: Log-likelihood -119538 of TPM2u+F+R4 worse than TPM2u+F+R3 -119536
  32 TVMe+I+G4    146718.808  12.521      p810_loc_172	0h:6m:8s (3h:5m:50s left)
  33 K2P+I+G4     63029.049   3.470       p328_loc_1296	0h:6m:25s (3h:8m:27s left)
  34 K3Pu+F+I     115514.674  8.730       p677_loc_160	0h:6m:39s (3h:8m:58s left)
  35 K2P+I+G4     92647.288   5.922       p202_loc_1182	0h:6m:40s (3h:4m:15s left)
WARNING: Log-likelihood -119538 of TPM2+F+R4 worse than TPM2+F+R3 -119536
  36 TIM+F+I      98070.424   6.499       p512_loc_1461	0h:6m:43s (3h:0m:10s left)
  37 HKY+F+I+G4   55797.539   3.320       p962_loc_1867	0h:6m:50s (2h:58m:6s left)
  38 TN+F+I       173826.723  16.694      p907_loc_1817	0h:6m:58s (2h:56m:31s left)
  39 TIM3e+I+G4   50959.337   2.641       p215_loc_1194	0h:7m:0s (2h:52m:35s left)
  40 TVMe+I       176017.722  23.585      p656_loc_1591	0h:7m:1s (2h:48m:37s left)
WARNING: Log-likelihood -24463.6 of GTR+F+R3 worse than GTR+F+R2 -24461.7
  41 K2P+I        48945.540   2.316       p69_loc_1062	0h:7m:15s (2h:49m:37s left)
WARNING: Log-likelihood -104751 of GTR+F+R4 worse than GTR+F+R3 -104738
  42 K2P+R2       55248.639   3.295       p384_loc_1346	0h:7m:23s (2h:48m:45s left)
WARNING: Log-likelihood -117830 of K3Pu+F+R4 worse than K3Pu+F+R3 -117829
  43 TIM+F+I      209527.329  23.983      p515_loc_1464	0h:7m:33s (2h:48m:2s left)
  44 K2P+R2       60754.245   3.531       p334_loc_1300	0h:7m:41s (2h:47m:13s left)
  45 K2P+I        38625.230   1.690       p496_loc_1447	0h:7m:43s (2h:44m:2s left)
  46 K2P+G4       72190.501   5.276       p915_loc_1824	0h:7m:48s (2h:41m:51s left)
  47 K2P+I+G4     98491.900   9.260       p841_loc_1758	0h:8m:7s (2h:44m:44s left)
WARNING: Log-likelihood -117805 of K3P+R4 worse than K3P+R3 -117804
  48 K2P+G4       61598.983   3.858       p220_loc_1199	0h:8m:29s (2h:48m:19s left)
  49 K2P+I+G4     73689.165   4.034       p62_loc_1056	0h:8m:29s (2h:44m:51s left)
  50 K2P+I+G4     104188.208  6.168       p78_loc_1070	0h:8m:39s (2h:44m:29s left)
  51 HKY+F+G4     41359.606   2.112       p127_loc_1114	0h:8m:42s (2h:41m:58s left)
  52 TIM+F+I      70927.551   4.277       p375_loc_1338	0h:8m:44s (2h:39m:19s left)
  53 K2P+I+G4     58714.233   4.451       p814_loc_1733	0h:8m:55s (2h:39m:29s left)
  54 HKY+F+I+G4   84852.716   5.221       p891_loc_1802	0h:8m:57s (2h:37m:1s left)
WARNING: Log-likelihood -119538 of HKY+F+R4 worse than HKY+F+R3 -119536
  55 K2P+G4       61989.007   4.152       p344_loc_130	0h:9m:24s (2h:41m:43s left)
  56 TIM+F+I      75345.088   6.074       p187_loc_1169	0h:10m:3s (2h:49m:41s left)
  57 TVMe+R3      143083.024  12.547      p317_loc_1286	0h:10m:5s (2h:46m:58s left)
WARNING: Log-likelihood -119515 of K2P+R4 worse than K2P+R3 -119514
  58 HKY+F+R3     60301.085   3.302       p3_loc_1002	0h:10m:11s (2h:45m:38s left)
WARNING: Log-likelihood -38935 of GTR+F+R5 worse than GTR+F+R4 -38249.7
  59 K2P+I+G4     65586.899   5.365       p201_loc_1181	0h:10m:38s (2h:49m:37s left)
WARNING: Log-likelihood -119638 of F81+F+R4 worse than F81+F+R3 -119636
  60 JC+I         76454.176   5.011       p248_loc_1223	0h:10m:44s (2h:48m:9s left)
  61 TIM2e+I+G4   63047.947   4.330       p469_loc_1422	0h:10m:52s (2h:47m:30s left)
  62 K2P+I+G4     137311.063  9.886       p444_loc_13	0h:10m:53s (2h:44m:51s left)
WARNING: Log-likelihood -60641.5 of GTR+F+R5 worse than GTR+F+R4 -59580.8
  63 GTR+F+I      98098.700   7.055       p924_loc_1832	0h:11m:9s (2h:45m:59s left)
  64 TNe+G4       63280.018   4.240       p131_loc_1118	0h:11m:10s (2h:43m:26s left)
WARNING: Log-likelihood -119614 of JC+R4 worse than JC+R3 -119613
  65 TIMe+R3      233382.122  27.285      p424_loc_1382	0h:11m:21s (2h:43m:24s left)
  66 K2P+I+G4     81357.540   6.035       p18_loc_1016	0h:11m:24s (2h:41m:22s left)
WARNING: Log-likelihood -50979.6 of GTR+F+R7 worse than GTR+F+R6 -50957.8
  67 TIM2e+I+G4   101933.982  8.231       p861_loc_1776	0h:11m:37s (2h:41m:50s left)
  68 K2P+I+G4     101478.870  6.405       p983_loc_1886	0h:11m:41s (2h:40m:11s left)
  69 SYM+I        119068.336  10.057      p494_loc_1445	0h:11m:46s (2h:38m:46s left)
  70 SYM+I        74151.494   6.390       p980_loc_1883	0h:11m:47s (2h:36m:38s left)
  71 K2P+R2       66943.805   4.332       p366_loc_132	0h:11m:48s (2h:34m:23s left)
  72 HKY+F+I+G4   97271.992   7.577       p851_loc_1767	0h:11m:52s (2h:33m:8s left)
  73 K2P+I        146514.607  13.319      p803_loc_1723	0h:12m:7s (2h:34m:2s left)
  74 K2P+G4       76828.634   4.856       p896_loc_1807	0h:12m:11s (2h:32m:34s left)
WARNING: Log-likelihood -23196.4 of GTR+F+R3 worse than GTR+F+R2 -23195.1
  75 F81+F+I      46427.360   2.543       p53_loc_1048	0h:12m:23s (2h:32m:49s left)
  76 TVMe+R2      52737.986   2.888       p546_loc_1492	0h:12m:23s (2h:30m:42s left)
WARNING: Log-likelihood -91452.8 of GTR+F+R7 worse than GTR+F+R6 -91325
  77 K3P+I        61782.274   5.038       p977_loc_1880	0h:12m:38s (2h:31m:37s left)
  78 K2P+G4       36455.664   1.860       p347_loc_1312	0h:12m:42s (2h:30m:16s left)
  79 HKY+F+I+G4   89137.542   7.906       p622_loc_1560	0h:12m:48s (2h:29m:21s left)
  80 K2P+I        182534.706  14.749      p304_loc_1274	0h:12m:53s (2h:28m:14s left)
  81 K2P+I+G4     52595.851   3.702       p783_loc_1705	0h:13m:9s (2h:29m:19s left)
  82 TNe+I        75880.132   5.541       p938_loc_1845	0h:13m:40s (2h:33m:1s left)
  83 HKY+F+I+G4   71784.415   4.289       p724_loc_1652	0h:13m:42s (2h:31m:28s left)
  84 K2P+G4       34921.997   1.703       p82_loc_1074	0h:13m:50s (2h:30m:57s left)
  85 F81+F+I      93278.061   5.710       p141_loc_1127	0h:14m:11s (2h:32m:43s left)
  86 K2P+I        48412.856   2.608       p556_loc_1500	0h:14m:12s (2h:30m:57s left)
WARNING: Log-likelihood -31785.4 of GTR+F+R3 worse than GTR+F+R2 -31784.2
  87 K2P+I        34307.937   1.945       p290_loc_1261	0h:14m:50s (2h:35m:42s left)
  88 K2P+I+G4     52312.955   3.880       p758_loc_1683	0h:14m:54s (2h:34m:34s left)
  89 TN+F+I       63618.200   4.708       p461_loc_1415	0h:15m:2s (2h:33m:53s left)
  90 K3P+I        123900.433  10.611      p455_loc_140	0h:15m:3s (2h:32m:17s left)
  91 K2P+I+G4     93125.600   7.608       p926_loc_1834	0h:15m:23s (2h:33m:47s left)
  92 TVM+F+R5     126770.760  13.522      p245_loc_1220	0h:15m:27s (2h:32m:36s left)
  93 F81+F+I+G4   51390.673   3.365       p191_loc_1172	0h:15m:35s (2h:32m:7s left)
  94 TVM+F+R3     178922.139  24.366      p657_loc_1592	0h:15m:37s (2h:30m:39s left)
  95 K2P+R2       50395.203   3.834       p597_loc_1538	0h:15m:42s (2h:29m:37s left)
  96 SYM+I        87623.744   6.407       p102_loc_1092	0h:15m:44s (2h:28m:15s left)
  97 K2P+G4       29437.712   1.578       p49_loc_1044	0h:15m:58s (2h:28m:39s left)
  98 TNe+I+G4     58910.803   3.207       p166_loc_114	0h:16m:10s (2h:28m:54s left)
  99 TIMe+R2      169883.344  32.205      p759_loc_1684	0h:16m:14s (2h:27m:50s left)
WARNING: Log-likelihood -28981.4 of GTR+F+R3 worse than GTR+F+R2 -28979.3
 100 TVMe+I       73489.445   6.366       p708_loc_1638	0h:16m:20s (2h:27m:1s left)
 101 TNe+G4       38191.134   1.900       p560_loc_1504	0h:16m:34s (2h:27m:33s left)
 102 K2P+I+G4     55927.835   3.283       p845_loc_1761	0h:16m:51s (2h:28m:27s left)
 103 K2P+G4       36227.701   1.842       p498_loc_1449	0h:16m:54s (2h:27m:17s left)
 104 TPM3+F+R3    133338.424  13.399      p394_loc_1355	0h:17m:6s (2h:27m:21s left)
 105 K3P+I+G4     128980.622  11.062      p843_loc_175	0h:17m:12s (2h:26m:37s left)
 106 TVMe+I       69664.411   4.965       p572_loc_1515	0h:17m:17s (2h:25m:50s left)
 107 TIMe+R2      133642.609  19.608      p97_loc_1088	0h:17m:26s (2h:25m:35s left)
WARNING: Log-likelihood -54902.1 of GTR+F+R4 worse than GTR+F+R3 -54893.4
WARNING: Log-likelihood -43565.4 of GTR+F+R4 worse than GTR+F+R3 -43563.7
 108 K2P+I+G4     57987.088   4.236       p381_loc_1343	0h:17m:58s (2h:28m:24s left)
 109 HKY+F+I      109798.596  8.585       p770_loc_1694	0h:18m:6s (2h:27m:58s left)
 110 F81+F+I      92546.615   7.936       p75_loc_1068	0h:18m:25s (2h:29m:0s left)
 111 TVM+F+R7     99971.058   14.066      p766_loc_1690	0h:18m:59s (2h:32m:8s left)
 112 K2P+G4       39052.791   1.703       p812_loc_1731	0h:19m:23s (2h:33m:47s left)
 113 K2P+G4       36375.425   2.354       p642_loc_1579	0h:19m:33s (2h:33m:34s left)
 114 K2P+I+G4     51908.593   3.851       p453_loc_1408	0h:19m:36s (2h:32m:24s left)
 115 K2P+I+G4     75933.264   5.200       p602_loc_1542	0h:19m:40s (2h:31m:27s left)
 116 HKY+F+I+G4   87197.227   6.873       p65_loc_1059	0h:19m:48s (2h:30m:59s left)
 117 K2P+R3       84324.750   8.431       p754_loc_167	0h:19m:58s (2h:30m:41s left)
 118 JC+R5        81898.205   6.248       p147_loc_1132	0h:20m:1s (2h:29m:40s left)
 119 TIMe+I       53050.925   2.760       p944_loc_1850	0h:20m:16s (2h:30m:3s left)
 120 K2P+G4       42883.013   2.722       p335_loc_1301	0h:21m:4s (2h:34m:32s left)
 121 K2P+I        55727.656   3.273       p882_loc_1795	0h:21m:13s (2h:34m:14s left)
 122 K2P+G4       34302.348   1.617       p219_loc_1198	0h:21m:24s (2h:34m:2s left)
 123 TN+F+R2      60552.021   3.638       p976_loc_187	0h:21m:41s (2h:34m:38s left)
WARNING: Log-likelihood -80490.5 of F81+F+R4 worse than F81+F+R3 -80489.2
WARNING: Log-likelihood -36754.5 of GTR+F+R6 worse than GTR+F+R5 -36746.8
 124 K2P+I+G4     59391.087   4.467       p376_loc_1339	0h:21m:59s (2h:35m:18s left)
WARNING: Log-likelihood -32552.5 of GTR+F+R5 worse than GTR+F+R4 -32546.3
 125 K2P+I+G4     44327.872   2.237       p353_loc_1318	0h:22m:17s (2h:36m:3s left)
 126 TIM+F+I+G4   73529.797   4.915       p76_loc_1069	0h:22m:24s (2h:35m:26s left)
 127 TN+F+R3      158788.705  15.850      p158_loc_1142	0h:22m:30s (2h:34m:42s left)
 128 HKY+F+R2     107842.023  10.790      p392_loc_1353	0h:22m:40s (2h:34m:25s left)
 129 JC+R6        105556.937  11.676      p906_loc_1816	0h:22m:43s (2h:33m:24s left)
 130 K2P+I+G4     53149.825   4.081       p808_loc_1728	0h:22m:57s (2h:33m:37s left)
 131 TNe+R2       82139.767   8.220       p101_loc_1091	0h:22m:58s (2h:32m:22s left)
 132 GTR+F+I      65097.971   4.055       p799_loc_171	0h:22m:58s (2h:31m:4s left)
 133 TIM+F+I      70351.223   6.353       p265_loc_1239	0h:23m:12s (2h:31m:20s left)
 134 JC+I+G4      40876.533   2.241       p521_loc_146	0h:23m:21s (2h:30m:57s left)
 135 HKY+F+I+G4   91285.522   7.120       p480_loc_1432	0h:23m:36s (2h:31m:17s left)
 136 JC+I         64316.765   3.949       p79_loc_1071	0h:23m:42s (2h:30m:38s left)
 137 SYM+R5       65614.136   5.851       p537_loc_1484	0h:23m:44s (2h:29m:30s left)
 138 TNe+I        124891.874  12.641      p182_loc_1164	0h:23m:48s (2h:28m:40s left)
WARNING: Log-likelihood -59535.4 of GTR+F+R8 worse than GTR+F+R7 -59524.5
 139 K2P+I+G4     59567.109   5.885       p588_loc_152	0h:24m:10s (2h:29m:47s left)
 140 GTR+F+R3     134972.316  17.147      p852_loc_1768	0h:24m:21s (2h:29m:34s left)
 141 K3Pu+F+R5    83430.462   8.253       p48_loc_1043	0h:24m:35s (2h:29m:47s left)
 142 SYM+R5       92034.598   8.819       p694_loc_1625	0h:24m:41s (2h:29m:9s left)
 143 TNe+G4       32957.119   1.773       p30_loc_1027	0h:24m:42s (2h:28m:3s left)
 144 K2P+I+G4     48704.050   2.516       p686_loc_1618	0h:24m:50s (2h:27m:42s left)
 145 K2P+G4       35724.016   1.697       p343_loc_1309	0h:25m:4s (2h:27m:52s left)
WARNING: Log-likelihood -48920 of K3Pu+F+R4 worse than K3Pu+F+R3 -48918.8
 146 K2P+I+G4     103562.183  9.553       p352_loc_1317	0h:25m:21s (2h:28m:21s left)
 147 K2P+I+G4     37638.143   2.646       p211_loc_1190	0h:25m:27s (2h:27m:46s left)
 148 TNe+G4       51315.687   4.426       p732_loc_165	0h:25m:51s (2h:28m:50s left)
WARNING: Log-likelihood -66357.2 of GTR+F+R6 worse than GTR+F+R5 -66354.8
 149 K2P+I        41484.729   2.129       p63_loc_1057	0h:26m:22s (2h:30m:37s left)
 150 K3P+R7       119156.839  14.856      p968_loc_1872	0h:26m:25s (2h:29m:43s left)
 151 TNe+G4       64627.938   5.065       p646_loc_1582	0h:26m:27s (2h:28m:43s left)
 152 K2P+I+G4     46891.591   3.377       p589_loc_1530	0h:26m:32s (2h:28m:2s left)
 153 TIM+F+I      132791.283  15.280      p855_loc_1770	0h:26m:40s (2h:27m:42s left)
 154 K2P+G4       34128.702   1.459       p319_loc_1288	0h:27m:2s (2h:28m:34s left)
 155 HKY+F+I      37744.820   1.648       p164_loc_1148	0h:27m:15s (2h:28m:38s left)
 156 HKY+F+I+G4   65853.828   6.099       p787_loc_1709	0h:27m:16s (2h:27m:34s left)
 157 TIM+F+I      94720.230   6.460       p553_loc_1499	0h:27m:17s (2h:26m:34s left)
WARNING: Log-likelihood -48853.2 of K3P+R4 worse than K3P+R3 -48852.1
 158 K3P+I        62042.302   3.722       p819_loc_1738	0h:27m:54s (2h:28m:44s left)
 159 TVMe+R5      97943.626   9.908       p140_loc_1126	0h:27m:55s (2h:27m:44s left)
 160 K2P+I        24480.734   1.335       p987_loc_188	0h:28m:1s (2h:27m:9s left)
 161 TN+F+R6      98411.981   11.914      p57_loc_1051	0h:28m:7s (2h:26m:34s left)
WARNING: Log-likelihood -81164.4 of GTR+F+R4 worse than GTR+F+R3 -81152.9
 162 TNe+G4       26588.882   1.003       p475_loc_1428	0h:28m:19s (2h:26m:32s left)
 163 GTR+F+I      93132.518   9.492       p207_loc_1187	0h:28m:49s (2h:28m:1s left)
 164 TVMe+I       112273.596  9.361       p434_loc_1391	0h:28m:50s (2h:27m:0s left)
 165 K2P+I+G4     79023.969   5.746       p857_loc_1772	0h:28m:51s (2h:26m:3s left)
 166 K2P+I+G4     77889.739   6.187       p934_loc_1841	0h:29m:19s (2h:27m:17s left)
WARNING: Log-likelihood -45116.1 of GTR+F+R8 worse than GTR+F+R7 -45111.7
 167 K2P+R2       39315.280   3.131       p300_loc_1270	0h:29m:24s (2h:26m:39s left)
 168 K3Pu+F+I     48188.789   3.795       p591_loc_1532	0h:29m:33s (2h:26m:24s left)
 169 TN+F+R7      90356.735   15.045      p909_loc_1819	0h:29m:39s (2h:25m:51s left)
 170 K3P+R3       162353.848  19.524      p31_loc_1028	0h:30m:7s (2h:27m:7s left)
 171 JC+I         101821.618  7.249       p471_loc_1424	0h:30m:43s (2h:28m:55s left)
 172 TIMe+I       49828.146   3.239       p561_loc_1505	0h:30m:50s (2h:28m:27s left)
 173 TNe+I        123042.028  10.202      p894_loc_1805	0h:30m:51s (2h:27m:29s left)
WARNING: Log-likelihood -48934.2 of HKY+F+R4 worse than HKY+F+R3 -48933.1
WARNING: Log-likelihood -88445.6 of GTR+F+R4 worse than GTR+F+R3 -88435.2
 174 TNe+I+G4     97824.733   8.334       p632_loc_156	0h:31m:29s (2h:29m:27s left)
 175 F81+F+I+G4   70268.280   6.316       p323_loc_1291	0h:31m:58s (2h:30m:42s left)
 176 TPM3+F+R3    176956.755  21.475      p720_loc_1649	0h:32m:17s (2h:31m:12s left)
WARNING: Log-likelihood -60185.2 of GTR+F+R6 worse than GTR+F+R5 -60023.6
WARNING: Log-likelihood -53242.7 of GTR+F+R8 worse than GTR+F+R7 -53219.9
 177 F81+F+R6     107749.453  10.837      p899_loc_180	0h:32m:25s (2h:30m:47s left)
 178 TVM+F+R4     60284.481   4.432       p84_loc_1076	0h:33m:7s (2h:32m:57s left)
 179 K2P+I+G4     54207.123   2.908       p382_loc_1344	0h:33m:25s (2h:33m:16s left)
 180 K2P+I        27429.296   1.081       p816_loc_1735	0h:33m:52s (2h:34m:19s left)
WARNING: Log-likelihood -41832.1 of GTR+F+R4 worse than GTR+F+R3 -41827.4
WARNING: Log-likelihood -48949.5 of F81+F+R4 worse than F81+F+R3 -48948.3
 181 TN+F+I+G4    83604.539   10.955      p322_loc_1290	0h:34m:52s (2h:37m:48s left)
 182 TN+F+I       113109.920  14.305      p551_loc_1497	0h:35m:25s (2h:39m:12s left)
 183 K2P+I        30498.911   1.549       p252_loc_1227	0h:35m:28s (2h:38m:22s left)
 184 TIM+F+R7     106589.843  15.610      p950_loc_1856	0h:35m:50s (2h:38m:55s left)
 185 TPM2+F+I+G4  80972.128   6.042       p775_loc_1699	0h:36m:13s (2h:39m:35s left)
 186 TVMe+I+G4    60662.430   5.177       p283_loc_1255	0h:36m:20s (2h:39m:2s left)
 187 SYM+R3       95070.496   7.276       p262_loc_1236	0h:36m:20s (2h:38m:2s left)
WARNING: Log-likelihood -65683.8 of TVM+F+R4 worse than TVM+F+R3 -65670
 188 TNe+R2       42916.668   2.030       p64_loc_1058	0h:36m:57s (2h:39m:39s left)
 189 K2P+I+G4     49797.634   3.906       p430_loc_1388	0h:37m:0s (2h:38m:46s left)
 190 TIM+F+I      126546.216  14.939      p256_loc_1230	0h:37m:10s (2h:38m:27s left)
WARNING: Log-likelihood -65673.1 of TVMe+R4 worse than TVMe+R3 -65659.7
WARNING: Log-likelihood -65747.9 of TIM3+F+R4 worse than TIM3+F+R3 -65728.8
 191 K3P+R6       123054.515  18.447      p837_loc_1754	0h:37m:55s (2h:40m:38s left)
 192 K2P+I+G4     43820.989   2.816       p518_loc_1467	0h:37m:58s (2h:39m:46s left)
 193 JC+I+G4      66030.969   6.765       p7_loc_1006	0h:38m:23s (2h:40m:33s left)
WARNING: Log-likelihood -65733.5 of TIM3e+R4 worse than TIM3e+R3 -65719.6
WARNING: Log-likelihood -65903.4 of TIM2+F+R4 worse than TIM2+F+R3 -65879.3
WARNING: Log-likelihood -65865.3 of TIM2e+R4 worse than TIM2e+R3 -65841.1
 194 K2P+R6       117555.116  13.296      p780_loc_1702	0h:38m:34s (2h:40m:15s left)
 195 TIMe+I       63897.847   7.128       p440_loc_1397	0h:38m:36s (2h:39m:21s left)
WARNING: Log-likelihood -65876.4 of TIM+F+R4 worse than TIM+F+R3 -65823.9
WARNING: Log-likelihood -65839.5 of TIMe+R4 worse than TIMe+R3 -65786.7
 196 TVM+F+R6     80799.043   11.263      p468_loc_1421	0h:39m:0s (2h:40m:2s left)
 197 TNe+I+G4     55357.809   3.765       p576_loc_1519	0h:39m:1s (2h:39m:4s left)
 198 K2P+R2       39845.911   2.077       p954_loc_185	0h:39m:3s (2h:38m:12s left)
WARNING: Log-likelihood -65743.5 of TPM3u+F+R4 worse than TPM3u+F+R3 -65729.4
 199 TN+F+R2      56193.927   4.379       p737_loc_1664	0h:39m:30s (2h:39m:1s left)
 200 TNe+I+G4     54625.710   4.248       p853_loc_1769	0h:39m:32s (2h:38m:10s left)
WARNING: Log-likelihood -65743.5 of TPM3+F+R4 worse than TPM3+F+R3 -65729.4
WARNING: Log-likelihood -65903.6 of TPM2u+F+R4 worse than TPM2u+F+R3 -65879.8
WARNING: Log-likelihood -65903.6 of TPM2+F+R4 worse than TPM2+F+R3 -65879.8
WARNING: Log-likelihood -65876.6 of K3Pu+F+R4 worse than K3Pu+F+R3 -65824.4
 201 K2P+I+G4     30988.039   1.936       p301_loc_1271	0h:40m:29s (2h:40m:56s left)
WARNING: Log-likelihood -65840.1 of K3P+R4 worse than K3P+R3 -65787.3
WARNING: Log-likelihood -65932.3 of TN+F+R4 worse than TN+F+R3 -65879.9
 202 HKY+F+R3     49775.269   4.049       p115_loc_1103	0h:40m:39s (2h:40m:35s left)
WARNING: Log-likelihood -65895.3 of TNe+R4 worse than TNe+R3 -65842.7
WARNING: Log-likelihood -65932.6 of HKY+F+R4 worse than HKY+F+R3 -65880.4
WARNING: Log-likelihood -25955.4 of GTR+F+R3 worse than GTR+F+R2 -25953.3
WARNING: Log-likelihood -65896 of K2P+R4 worse than K2P+R3 -65843.3
WARNING: Log-likelihood -65984.8 of F81+F+R4 worse than F81+F+R3 -65960.8
WARNING: Log-likelihood -65975.4 of JC+R4 worse than JC+R3 -65922.5
 203 TVMe+R3      131384.446  17.029      p359_loc_1323	0h:40m:56s (2h:40m:45s left)
 204 K2P+R3       52744.147   4.551       p675_loc_1608	0h:40m:57s (2h:39m:50s left)
 205 TNe+I+G4     37511.370   2.916       p180_loc_1162	0h:41m:0s (2h:39m:2s left)
 206 TNe+G4       34397.702   2.383       p696_loc_1627	0h:41m:16s (2h:39m:4s left)
 207 SYM+I        51917.706   4.604       p805_loc_1725	0h:41m:16s (2h:38m:7s left)
 208 TVMe+R2      87932.152   6.250       p416_loc_1375	0h:41m:26s (2h:37m:47s left)
WARNING: Log-likelihood -38836.2 of GTR+F+R7 worse than GTR+F+R6 -38559.6
 209 HKY+F+G4     65873.433   4.166       p171_loc_1154	0h:41m:34s (2h:37m:22s left)
 210 HKY+F+I+G4   61933.132   3.676       p157_loc_1141	0h:41m:43s (2h:36m:56s left)
 211 K2P+G4       25982.794   1.607       p937_loc_1844	0h:42m:4s (2h:37m:21s left)
 212 K3Pu+F+I     77156.010   6.639       p200_loc_1180	0h:42m:12s (2h:36m:52s left)
 213 K2P+I+G4     81109.922   5.586       p840_loc_1757	0h:42m:15s (2h:36m:7s left)
 214 K2P+I+G4     103231.970  8.078       p445_loc_1400	0h:42m:20s (2h:35m:29s left)
WARNING: Log-likelihood -33235.7 of GTR+F+R4 worse than GTR+F+R3 -33232.5
 215 K2P+R3       66513.157   6.478       p370_loc_1333	0h:42m:29s (2h:35m:7s left)
 216 HKY+F+R6     85977.925   13.067      p418_loc_1377	0h:42m:32s (2h:34m:23s left)
 217 TIMe+I+G4    80366.308   9.688       p999_loc_18	0h:42m:37s (2h:33m:47s left)
 218 TN+F+I+G4    44585.536   3.948       p970_loc_1874	0h:42m:38s (2h:32m:56s left)
 219 SYM+I+G4     114815.567  9.004       p949_loc_1855	0h:42m:51s (2h:32m:50s left)
 220 K2P+I        24600.942   1.307       p833_loc_1750	0h:43m:1s (2h:32m:33s left)
 221 K2P+I+G4     74124.567   7.967       p61_loc_1055	0h:43m:2s (2h:31m:43s left)
 222 K2P+I+G4     50390.716   3.422       p744_loc_1670	0h:43m:26s (2h:32m:12s left)
 223 TNe+I        74477.218   6.213       p241_loc_1217	0h:43m:27s (2h:31m:26s left)
 224 K2P+G4       36499.830   2.493       p960_loc_1865	0h:43m:29s (2h:30m:39s left)
 225 SYM+I        59120.087   3.772       p404_loc_1364	0h:43m:53s (2h:31m:9s left)
 226 K2P+I+G4     41651.591   2.633       p746_loc_1672	0h:44m:19s (2h:31m:49s left)
 227 K2P+G4       25583.061   1.016       p234_loc_1210	0h:44m:20s (2h:30m:59s left)
 228 K2P+I        27470.823   1.717       p972_loc_1876	0h:44m:28s (2h:30m:36s left)
 229 TVM+F+R5     120153.287  13.768      p963_loc_1868	0h:44m:40s (2h:30m:25s left)
 230 TNe+R2       44011.119   2.573       p594_loc_1535	0h:44m:59s (2h:30m:37s left)
 231 HKY+F+I+G4   46016.732   2.461       p340_loc_1306	0h:45m:6s (2h:30m:10s left)
 232 SYM+I        42706.972   3.315       p399_loc_135	0h:45m:12s (2h:29m:39s left)
WARNING: Log-likelihood -48544.2 of GTR+F+R7 worse than GTR+F+R6 -48531.8
 233 K2P+I+G4     53573.106   4.672       p785_loc_1707	0h:45m:34s (2h:30m:2s left)
 234 K2P+R2       38135.744   3.009       p679_loc_1611	0h:45m:48s (2h:29m:58s left)
 235 TN+F+R4      66651.840   5.615       p651_loc_1587	0h:45m:55s (2h:29m:31s left)
 236 K2P+G4       32494.234   1.334       p712_loc_1641	0h:46m:12s (2h:29m:36s left)
WARNING: Log-likelihood -85420.2 of K3P+R4 worse than K3P+R3 -85416.3
 237 K3Pu+F+I     65873.165   6.360       p567_loc_1510	0h:46m:22s (2h:29m:17s left)
 238 K2P+I+G4     53303.818   6.021       p639_loc_1576	0h:46m:29s (2h:28m:50s left)
WARNING: Log-likelihood -25267.9 of GTR+F+R5 worse than GTR+F+R4 -24778.8
 239 TNe+I+G4     55044.286   5.962       p854_loc_176	0h:46m:38s (2h:28m:30s left)
 240 K2P+G4       31794.450   1.475       p318_loc_1287	0h:46m:42s (2h:27m:55s left)
 241 GTR+F+I      49568.609   4.807       p613_loc_1552	0h:47m:3s (2h:28m:11s left)
WARNING: Log-likelihood -59853.7 of SYM+R7 worse than SYM+R6 -59812
 242 TIM2e+I+G4   67976.057   7.943       p764_loc_1689	0h:47m:18s (2h:28m:11s left)
WARNING: Log-likelihood -59859.2 of TVM+F+R7 worse than TVM+F+R6 -59816.3
WARNING: Log-likelihood -59854.6 of TVMe+R7 worse than TVMe+R6 -59813
WARNING: Log-likelihood -52638.8 of GTR+F+R3 worse than GTR+F+R2 -52637.3
 243 TPM2+F+R2    53599.692   4.856       p398_loc_1359	0h:47m:37s (2h:28m:21s left)
 244 HKY+F+I+G4   76021.188   7.625       p586_loc_1528	0h:47m:39s (2h:27m:38s left)
WARNING: Log-likelihood -59859.4 of TIM3+F+R7 worse than TIM3+F+R6 -59816.2
WARNING: Log-likelihood -53484.2 of GTR+F+R6 worse than GTR+F+R5 -53480.9
WARNING: Log-likelihood -59854.5 of TIM3e+R7 worse than TIM3e+R6 -59812.3
 245 K3Pu+F+R6    128919.375  14.698      p662_loc_1597	0h:47m:51s (2h:27m:28s left)
WARNING: Log-likelihood -59869.6 of TIM2+F+R7 worse than TIM2+F+R6 -59827.2
WARNING: Log-likelihood -59855.1 of TIM2e+R7 worse than TIM2e+R6 -59813.1
 246 K3P+R2       79568.134   9.715       p52_loc_1047	0h:48m:0s (2h:27m:7s left)
WARNING: Log-likelihood -59868.7 of TIM+F+R7 worse than TIM+F+R6 -59826.4
 247 SYM+I+G4     106936.166  18.264      p463_loc_1417	0h:48m:12s (2h:26m:56s left)
WARNING: Log-likelihood -59854.5 of TIMe+R7 worse than TIMe+R6 -59812.4
WARNING: Log-likelihood -59860 of TPM3u+F+R7 worse than TPM3u+F+R6 -59816.9
WARNING: Log-likelihood -59860 of TPM3+F+R7 worse than TPM3+F+R6 -59816.9
WARNING: Log-likelihood -59870.3 of TPM2u+F+R7 worse than TPM2u+F+R6 -59827.9
 248 TIM+F+I      105332.010  21.206      p881_loc_1794	0h:48m:36s (2h:27m:23s left)
WARNING: Log-likelihood -59870.3 of TPM2+F+R7 worse than TPM2+F+R6 -59827.9
 249 TN+F+R6      97184.619   11.388      p638_loc_1575	0h:48m:42s (2h:26m:53s left)
WARNING: Log-likelihood -59869.4 of K3Pu+F+R7 worse than K3Pu+F+R6 -59827.1
WARNING: Log-likelihood -59855.4 of K3P+R7 worse than K3P+R6 -59813.5
WARNING: Log-likelihood -85697.2 of TNe+R4 worse than TNe+R3 -85694.5
WARNING: Log-likelihood -59869.6 of TN+F+R7 worse than TN+F+R6 -59827.1
WARNING: Log-likelihood -59855.2 of TNe+R7 worse than TNe+R6 -59812.9
WARNING: Log-likelihood -59870.3 of HKY+F+R7 worse than HKY+F+R6 -59827.7
WARNING: Log-likelihood -59856.1 of K2P+R7 worse than K2P+R6 -59813.9
 250 F81+F+R5     92056.244   7.870       p605_loc_1545	0h:49m:14s (2h:27m:44s left)
 251 TVMe+R3      91623.174   13.993      p936_loc_1843	0h:49m:18s (2h:27m:7s left)
WARNING: Log-likelihood -59873.8 of F81+F+R7 worse than F81+F+R6 -59830.7
WARNING: Log-likelihood -59859.2 of JC+R7 worse than JC+R6 -59816.6
 252 JC+R6        119716.999  15.717      p539_loc_1486	0h:49m:22s (2h:26m:33s left)
 253 K2P+R2       30695.530   2.110       p741_loc_1668	0h:49m:46s (2h:26m:59s left)
 254 K2P+I        23817.268   1.374       p229_loc_1206	0h:50m:8s (2h:27m:15s left)
 255 K2P+G4       26474.001   1.458       p616_loc_1555	0h:50m:11s (2h:26m:37s left)
WARNING: Log-likelihood -73805.1 of GTR+F+R4 worse than GTR+F+R3 -73799.8
 256 K2P+I+G4     32448.541   2.713       p244_loc_121	0h:50m:42s (2h:27m:22s left)
 257 TNe+I+G4     64152.059   7.490       p685_loc_1617	0h:51m:1s (2h:27m:29s left)
WARNING: Log-likelihood -85756.5 of K2P+R4 worse than K2P+R3 -85753.3
 258 TPM2+F+R6    89510.572   11.847      p927_loc_1835	0h:51m:13s (2h:27m:18s left)
 259 TPM3+F+I     69282.220   5.681       p95_loc_1086	0h:51m:15s (2h:26m:38s left)
WARNING: Log-likelihood -60716.8 of GTR+F+R7 worse than GTR+F+R6 -60630
 260 TNe+I+G4     52192.880   7.041       p549_loc_1495	0h:51m:30s (2h:26m:35s left)
WARNING: Log-likelihood -83264.9 of F81+F+R4 worse than F81+F+R3 -83263.2
 261 JC+I         121257.574  14.462      p728_loc_1656	0h:51m:36s (2h:26m:7s left)
 262 K2P+G4       34985.481   2.319       p839_loc_1756	0h:51m:38s (2h:25m:28s left)
 263 HKY+F+I      32184.678   1.959       p872_loc_1786	0h:51m:46s (2h:25m:5s left)
 264 K2P+I+G4     35614.884   2.332       p727_loc_1655	0h:51m:53s (2h:24m:40s left)
WARNING: Log-likelihood -35995 of GTR+F+R7 worse than GTR+F+R6 -35980.7
 265 HKY+F+R3     147667.622  25.092      p163_loc_1147	0h:52m:5s (2h:24m:28s left)
 266 K2P+G4       30213.528   1.645       p464_loc_1418	0h:52m:7s (2h:23m:49s left)
 267 K2P+R2       49643.403   3.666       p767_loc_1691	0h:52m:21s (2h:23m:45s left)
WARNING: Log-likelihood -24685.9 of GTR+F+R3 worse than GTR+F+R2 -24684.5
 268 TIM2e+G4     35284.540   2.112       p268_loc_1241	0h:52m:36s (2h:23m:40s left)
WARNING: Log-likelihood -86274 of JC+R4 worse than JC+R3 -86271
 269 K3Pu+F+R3    166279.809  18.654      p235_loc_1211	0h:52m:43s (2h:23m:17s left)
 270 TN+F+R2      49428.079   4.248       p796_loc_1717	0h:52m:55s (2h:23m:5s left)
 271 K2P+I+G4     68049.112   4.583       p2_loc_1001	0h:53m:14s (2h:23m:14s left)
 272 K2P+G4       34995.523   1.700       p25_loc_1022	0h:53m:18s (2h:22m:39s left)
 273 GTR+F+R4     76913.854   7.186       p175_loc_1158	0h:53m:30s (2h:22m:30s left)
 274 K2P+R2       82960.029   6.722       p716_loc_1645	0h:53m:37s (2h:22m:4s left)
 275 SYM+R5       61322.108   8.035       p731_loc_1659	0h:53m:38s (2h:21m:25s left)
WARNING: Log-likelihood -38325.8 of SYM+R7 worse than SYM+R6 -38294.5
 276 TNe+I+G4     38636.878   2.665       p218_loc_1197	0h:53m:51s (2h:21m:17s left)
 277 K2P+I        35911.509   2.326       p786_loc_1708	0h:53m:55s (2h:20m:45s left)
 278 K2P+I+G4     34926.331   2.665       p762_loc_1687	0h:54m:1s (2h:20m:18s left)
 279 HKY+F+G4     50987.936   3.323       p664_loc_1599	0h:54m:22s (2h:20m:30s left)
 280 K2P+I        26548.683   1.713       p558_loc_1502	0h:54m:31s (2h:20m:11s left)
 281 TIMe+R3      40323.508   2.918       p986_loc_1889	0h:54m:53s (2h:20m:26s left)
 282 K2P+R4       89990.296   6.640       p856_loc_1771	0h:54m:57s (2h:19m:55s left)
 283 SYM+R6       72073.949   9.341       p267_loc_1240	0h:55m:8s (2h:19m:42s left)
 284 HKY+F+I+G4   50357.355   6.349       p1_loc_1000	0h:55m:13s (2h:19m:14s left)
WARNING: Log-likelihood -33124.7 of GTR+F+R6 worse than GTR+F+R5 -32601.4
 285 F81+F+R6     106625.428  13.338      p984_loc_1887	0h:55m:21s (2h:18m:53s left)
 286 TVM+F+I      65182.772   8.612       p137_loc_1123	0h:55m:25s (2h:18m:21s left)
 287 TVMe+R2      120568.256  15.342      p877_loc_1790	0h:55m:25s (2h:17m:42s left)
 288 GTR+F+R5     78599.530   6.156       p231_loc_1208	0h:55m:43s (2h:17m:45s left)
 289 TNe+G4       25194.372   1.609       p955_loc_1860	0h:55m:51s (2h:17m:24s left)
 290 TVM+F+R6     85078.757   13.211      p848_loc_1764	0h:55m:54s (2h:16m:53s left)
 291 TN+F+I       63420.712   5.499       p380_loc_1342	0h:55m:54s (2h:16m:14s left)
 292 K2P+I+G4     68148.748   7.595       p342_loc_1308	0h:55m:55s (2h:15m:35s left)
 293 K2P+I+G4     44030.603   3.302       p595_loc_1536	0h:56m:4s (2h:15m:17s left)
 294 K2P+I+G4     51515.414   4.937       p525_loc_1473	0h:56m:4s (2h:14m:38s left)
 295 K2P+G4       21757.507   1.108       p791_loc_1712	0h:56m:4s (2h:14m:1s left)
 296 K2P+I        55252.473   3.786       p35_loc_1031	0h:56m:9s (2h:13m:33s left)
WARNING: Log-likelihood -38332.5 of TVM+F+R7 worse than TVM+F+R6 -38300
 297 K2P+I+G4     54472.207   6.059       p34_loc_1030	0h:56m:23s (2h:13m:27s left)
 298 SYM+I        57004.200   5.183       p306_loc_1276	0h:56m:29s (2h:13m:5s left)
 299 TVMe+R4      57237.588   4.400       p717_loc_1646	0h:56m:34s (2h:12m:37s left)
 300 K2P+G4       48004.892   2.530       p136_loc_1122	0h:56m:38s (2h:12m:9s left)
 301 GTR+F        44626.060   4.803       p227_loc_1204	0h:56m:43s (2h:11m:42s left)
 302 K2P+I+G4     36217.354   3.841       p6_loc_1005	0h:56m:58s (2h:11m:42s left)
 303 F81+F+R6     88476.586   13.182      p128_loc_1115	0h:57m:7s (2h:11m:25s left)
 304 TVM+F+I      99531.684   11.405      p801_loc_1721	0h:57m:9s (2h:10m:52s left)
 305 HKY+F        94596.306   10.943      p437_loc_1394	0h:57m:20s (2h:10m:39s left)
 306 TPM2+F+I+G4  49777.796   6.155       p417_loc_1376	0h:57m:21s (2h:10m:4s left)
 307 K2P+I+G4     54082.572   5.332       p111_loc_10	0h:57m:28s (2h:9m:44s left)
 308 GTR+F+I+G4   88721.569   8.795       p829_loc_1747	0h:57m:35s (2h:9m:23s left)
 309 JC+I         91477.464   6.637       p653_loc_1589	0h:57m:51s (2h:9m:23s left)
 310 K2P+I+G4     58950.638   3.224       p232_loc_1209	0h:57m:55s (2h:8m:56s left)
 311 TIM3e+R2     59790.182   3.941       p212_loc_1191	0h:57m:55s (2h:8m:20s left)
 312 K2P+G4       33020.902   1.638       p327_loc_1295	0h:58m:10s (2h:8m:17s left)
 313 K2P+G4       24029.532   1.799       p529_loc_1477	0h:58m:17s (2h:7m:56s left)
 314 K2P+I+G4     77269.481   5.529       p363_loc_1327	0h:58m:18s (2h:7m:22s left)
 315 K2P+I+G4     43750.410   2.484       p390_loc_1351	0h:58m:20s (2h:6m:51s left)
 316 TIMe+I       68325.173   6.628       p520_loc_1469	0h:58m:25s (2h:6m:27s left)
 317 TIM+F+R5     71940.597   6.218       p197_loc_1178	0h:58m:34s (2h:6m:12s left)
WARNING: Log-likelihood -35623.8 of GTR+F+R3 worse than GTR+F+R2 -35621.4
 318 K2P+I+G4     34837.773   2.883       p722_loc_1650	0h:58m:43s (2h:5m:56s left)
 319 HKY+F+R2     31002.407   2.599       p68_loc_1061	0h:58m:44s (2h:5m:23s left)
 320 HKY+F+I      67707.882   7.274       p209_loc_1189	0h:58m:54s (2h:5m:11s left)
WARNING: Log-likelihood -38325.8 of TVMe+R7 worse than TVMe+R6 -38294.4
 321 K3Pu+F+I     71273.699   6.660       p678_loc_1610	0h:59m:3s (2h:4m:55s left)
 322 K2P+I+G4     25854.022   2.068       p823_loc_1741	0h:59m:8s (2h:4m:31s left)
 323 HKY+F+G4     40330.174   2.344       p66_loc_105	0h:59m:13s (2h:4m:8s left)
 324 K2P+G4       31315.877   1.581       p688_loc_161	0h:59m:25s (2h:4m:0s left)
 325 K2P+I+G4     40073.401   3.511       p959_loc_1864	0h:59m:42s (2h:3m:59s left)
 326 K2P+G4       25870.322   1.309       p674_loc_1607	0h:59m:47s (2h:3m:36s left)
 327 K2P+I+G4     69291.863   8.206       p665_loc_159	0h:59m:48s (2h:3m:4s left)
 328 K2P+I+G4     54613.452   6.022       p655_loc_1590	0h:59m:55s (2h:2m:47s left)
 329 K2P+I+G4     48969.119   5.332       p50_loc_1045	0h:59m:57s (2h:2m:17s left)
 330 K2P+I+G4     33665.783   2.886       p170_loc_1153	1h:0m:2s (2h:1m:55s left)
WARNING: Log-likelihood -21459.3 of GTR+F+R6 worse than GTR+F+R5 -21230.8
 331 K2P+R3       78542.707   8.168       p385_loc_1347	1h:0m:33s (2h:2m:24s left)
WARNING: Log-likelihood -32220.3 of GTR+F+R6 worse than GTR+F+R5 -32209.4
 332 K2P+G4       27186.594   1.389       p238_loc_1214	1h:0m:41s (2h:2m:7s left)
 333 K2P          20429.299   0.968       p429_loc_1387	1h:0m:42s (2h:1m:35s left)
 334 GTR+F+I+G4   42481.725   6.095       p994_loc_1896	1h:0m:46s (2h:1m:11s left)
WARNING: Log-likelihood -42630.8 of GTR+F+R8 worse than GTR+F+R7 -42574.2
